tc272
Resetting modules to system default. Reseting $MODULEPATH back to system default. All extra directories will be removed from $MODULEPATH.
Usage: sbatch submit.sh {input file} {data file} {data file}
tpsci_ano-rcc-vdzp.jl
tpsci_ano-rcc-vdzp.jl.out
/home/arnab22/FermiCG-data/bimetallics/data_cr2_morokuma
/localscratch/1689338
sending incremental file list
tpsci_ano-rcc-vdzp.jl.out

sent 129 bytes  received 35 bytes  328.00 bytes/sec
total size is 0  speedup is 0.00
sending incremental file list
tpsci_ano-rcc-vdzp.jl.out

sent 1,168 bytes  received 35 bytes  2,406.00 bytes/sec
total size is 1,035  speedup is 0.86
sending incremental file list
tpsci_ano-rcc-vdzp.jl.out

sent 1,680 bytes  received 35 bytes  1,143.33 bytes/sec
total size is 1,548  speedup is 0.90
sending incremental file list
tpsci_ano-rcc-vdzp.jl.out

sent 2,258 bytes  received 35 bytes  4,586.00 bytes/sec
total size is 2,125  speedup is 0.93
sending incremental file list
tpsci_ano-rcc-vdzp.jl.out

sent 2,682 bytes  received 35 bytes  5,434.00 bytes/sec
total size is 2,549  speedup is 0.94
sending incremental file list
tpsci_ano-rcc-vdzp.jl.out

sent 2,899 bytes  received 35 bytes  5,868.00 bytes/sec
total size is 2,766  speedup is 0.94
sending incremental file list

sent 86 bytes  received 12 bytes  196.00 bytes/sec
total size is 2,766  speedup is 28.22
sending incremental file list
tpsci_ano-rcc-vdzp.jl.out

sent 3,604 bytes  received 35 bytes  7,278.00 bytes/sec
total size is 3,471  speedup is 0.95
sending incremental file list

sent 86 bytes  received 12 bytes  196.00 bytes/sec
total size is 3,471  speedup is 35.42
sending incremental file list

sent 86 bytes  received 12 bytes  196.00 bytes/sec
total size is 3,471  speedup is 35.42
sending incremental file list
tpsci_ano-rcc-vdzp.jl.out

sent 38,335 bytes  received 35 bytes  76,740.00 bytes/sec
total size is 38,199  speedup is 1.00
sending incremental file list
tpsci_ano-rcc-vdzp.jl.out

sent 270,850 bytes  received 35 bytes  541,770.00 bytes/sec
total size is 270,658  speedup is 1.00
sending incremental file list
tpsci_ano-rcc-vdzp.jl.out

sent 271,813 bytes  received 35 bytes  543,696.00 bytes/sec
total size is 271,620  speedup is 1.00
sending incremental file list
tpsci_ano-rcc-vdzp.jl.out

sent 272,389 bytes  received 35 bytes  544,848.00 bytes/sec
total size is 272,197  speedup is 1.00
sending incremental file list

sent 85 bytes  received 12 bytes  194.00 bytes/sec
total size is 272,197  speedup is 2,806.15
sending incremental file list
tpsci_ano-rcc-vdzp.jl.out

sent 273,031 bytes  received 35 bytes  546,132.00 bytes/sec
total size is 272,838  speedup is 1.00
sending incremental file list

sent 86 bytes  received 12 bytes  196.00 bytes/sec
total size is 272,838  speedup is 2,784.06
sending incremental file list
tpsci_ano-rcc-vdzp.jl.out

sent 273,735 bytes  received 35 bytes  547,540.00 bytes/sec
total size is 273,543  speedup is 1.00
sending incremental file list

sent 85 bytes  received 12 bytes  194.00 bytes/sec
total size is 273,543  speedup is 2,820.03
sending incremental file list

sent 85 bytes  received 12 bytes  194.00 bytes/sec
total size is 273,543  speedup is 2,820.03
sending incremental file list
tpsci_ano-rcc-vdzp.jl.out

sent 274,416 bytes  received 35 bytes  548,902.00 bytes/sec
total size is 274,223  speedup is 1.00
sending incremental file list
tpsci_ano-rcc-vdzp.jl.out

sent 403,305 bytes  received 35 bytes  806,680.00 bytes/sec
total size is 403,080  speedup is 1.00
sending incremental file list
tpsci_ano-rcc-vdzp.jl.out

sent 416,194 bytes  received 35 bytes  832,458.00 bytes/sec
total size is 415,969  speedup is 1.00
sending incremental file list

sent 86 bytes  received 12 bytes  196.00 bytes/sec
total size is 415,969  speedup is 4,244.58
sending incremental file list

sent 86 bytes  received 12 bytes  196.00 bytes/sec
total size is 415,969  speedup is 4,244.58
sending incremental file list

sent 86 bytes  received 12 bytes  196.00 bytes/sec
total size is 415,969  speedup is 4,244.58
sending incremental file list

sent 86 bytes  received 12 bytes  196.00 bytes/sec
total size is 415,969  speedup is 4,244.58
sending incremental file list

sent 86 bytes  received 12 bytes  196.00 bytes/sec
total size is 415,969  speedup is 4,244.58
sending incremental file list

sent 86 bytes  received 12 bytes  196.00 bytes/sec
total size is 415,969  speedup is 4,244.58
sending incremental file list

sent 86 bytes  received 12 bytes  196.00 bytes/sec
total size is 415,969  speedup is 4,244.58
sending incremental file list

sent 86 bytes  received 12 bytes  196.00 bytes/sec
total size is 415,969  speedup is 4,244.58
sending incremental file list

sent 86 bytes  received 12 bytes  196.00 bytes/sec
total size is 415,969  speedup is 4,244.58
sending incremental file list

sent 86 bytes  received 12 bytes  196.00 bytes/sec
total size is 415,969  speedup is 4,244.58
sending incremental file list

sent 86 bytes  received 12 bytes  196.00 bytes/sec
total size is 415,969  speedup is 4,244.58
sending incremental file list

sent 86 bytes  received 12 bytes  196.00 bytes/sec
total size is 415,969  speedup is 4,244.58
sending incremental file list

sent 86 bytes  received 12 bytes  196.00 bytes/sec
total size is 415,969  speedup is 4,244.58
sending incremental file list

sent 86 bytes  received 12 bytes  196.00 bytes/sec
total size is 415,969  speedup is 4,244.58
sending incremental file list

sent 86 bytes  received 12 bytes  196.00 bytes/sec
total size is 415,969  speedup is 4,244.58
sending incremental file list

sent 86 bytes  received 12 bytes  196.00 bytes/sec
total size is 415,969  speedup is 4,244.58
sending incremental file list

sent 86 bytes  received 12 bytes  196.00 bytes/sec
total size is 415,969  speedup is 4,244.58
sending incremental file list

sent 86 bytes  received 12 bytes  196.00 bytes/sec
total size is 415,969  speedup is 4,244.58
sending incremental file list

sent 86 bytes  received 12 bytes  196.00 bytes/sec
total size is 415,969  speedup is 4,244.58
sending incremental file list

sent 86 bytes  received 12 bytes  196.00 bytes/sec
total size is 415,969  speedup is 4,244.58
sending incremental file list

sent 86 bytes  received 12 bytes  196.00 bytes/sec
total size is 415,969  speedup is 4,244.58
sending incremental file list

sent 86 bytes  received 12 bytes  196.00 bytes/sec
total size is 415,969  speedup is 4,244.58
sending incremental file list

sent 86 bytes  received 12 bytes  196.00 bytes/sec
total size is 415,969  speedup is 4,244.58
sending incremental file list

sent 86 bytes  received 12 bytes  196.00 bytes/sec
total size is 415,969  speedup is 4,244.58
sending incremental file list

sent 86 bytes  received 12 bytes  196.00 bytes/sec
total size is 415,969  speedup is 4,244.58
sending incremental file list

sent 86 bytes  received 12 bytes  196.00 bytes/sec
total size is 415,969  speedup is 4,244.58
sending incremental file list

sent 86 bytes  received 12 bytes  196.00 bytes/sec
total size is 415,969  speedup is 4,244.58
sending incremental file list

sent 86 bytes  received 12 bytes  196.00 bytes/sec
total size is 415,969  speedup is 4,244.58
sending incremental file list

sent 86 bytes  received 12 bytes  196.00 bytes/sec
total size is 415,969  speedup is 4,244.58
sending incremental file list

sent 86 bytes  received 12 bytes  196.00 bytes/sec
total size is 415,969  speedup is 4,244.58
sending incremental file list

sent 86 bytes  received 12 bytes  196.00 bytes/sec
total size is 415,969  speedup is 4,244.58
sending incremental file list

sent 86 bytes  received 12 bytes  196.00 bytes/sec
total size is 415,969  speedup is 4,244.58
sending incremental file list

sent 86 bytes  received 12 bytes  196.00 bytes/sec
total size is 415,969  speedup is 4,244.58
sending incremental file list
tpsci_ano-rcc-vdzp.jl.out

sent 416,292 bytes  received 35 bytes  832,654.00 bytes/sec
total size is 416,068  speedup is 1.00
sending incremental file list

sent 85 bytes  received 12 bytes  194.00 bytes/sec
total size is 416,068  speedup is 4,289.36
sending incremental file list

sent 85 bytes  received 12 bytes  194.00 bytes/sec
total size is 416,068  speedup is 4,289.36
sending incremental file list

sent 85 bytes  received 12 bytes  194.00 bytes/sec
total size is 416,068  speedup is 4,289.36
sending incremental file list

sent 85 bytes  received 12 bytes  194.00 bytes/sec
total size is 416,068  speedup is 4,289.36
sending incremental file list

sent 85 bytes  received 12 bytes  194.00 bytes/sec
total size is 416,068  speedup is 4,289.36
sending incremental file list

sent 85 bytes  received 12 bytes  194.00 bytes/sec
total size is 416,068  speedup is 4,289.36
sending incremental file list

sent 85 bytes  received 12 bytes  194.00 bytes/sec
total size is 416,068  speedup is 4,289.36
sending incremental file list

sent 85 bytes  received 12 bytes  194.00 bytes/sec
total size is 416,068  speedup is 4,289.36
sending incremental file list

sent 85 bytes  received 12 bytes  194.00 bytes/sec
total size is 416,068  speedup is 4,289.36
sending incremental file list

sent 85 bytes  received 12 bytes  194.00 bytes/sec
total size is 416,068  speedup is 4,289.36
sending incremental file list

sent 85 bytes  received 12 bytes  194.00 bytes/sec
total size is 416,068  speedup is 4,289.36
sending incremental file list

sent 85 bytes  received 12 bytes  194.00 bytes/sec
total size is 416,068  speedup is 4,289.36
sending incremental file list

sent 85 bytes  received 12 bytes  194.00 bytes/sec
total size is 416,068  speedup is 4,289.36
sending incremental file list

sent 85 bytes  received 12 bytes  194.00 bytes/sec
total size is 416,068  speedup is 4,289.36
sending incremental file list

sent 85 bytes  received 12 bytes  194.00 bytes/sec
total size is 416,068  speedup is 4,289.36
sending incremental file list

sent 85 bytes  received 12 bytes  194.00 bytes/sec
total size is 416,068  speedup is 4,289.36
sending incremental file list

sent 85 bytes  received 12 bytes  194.00 bytes/sec
total size is 416,068  speedup is 4,289.36
sending incremental file list

sent 85 bytes  received 12 bytes  194.00 bytes/sec
total size is 416,068  speedup is 4,289.36
sending incremental file list

sent 85 bytes  received 12 bytes  194.00 bytes/sec
total size is 416,068  speedup is 4,289.36
sending incremental file list

sent 85 bytes  received 12 bytes  194.00 bytes/sec
total size is 416,068  speedup is 4,289.36
sending incremental file list

sent 85 bytes  received 12 bytes  194.00 bytes/sec
total size is 416,068  speedup is 4,289.36
sending incremental file list

sent 85 bytes  received 12 bytes  194.00 bytes/sec
total size is 416,068  speedup is 4,289.36
sending incremental file list

sent 85 bytes  received 12 bytes  194.00 bytes/sec
total size is 416,068  speedup is 4,289.36
sending incremental file list

sent 85 bytes  received 12 bytes  194.00 bytes/sec
total size is 416,068  speedup is 4,289.36
sending incremental file list

sent 85 bytes  received 12 bytes  194.00 bytes/sec
total size is 416,068  speedup is 4,289.36
sending incremental file list

sent 85 bytes  received 12 bytes  194.00 bytes/sec
total size is 416,068  speedup is 4,289.36
sending incremental file list

sent 85 bytes  received 12 bytes  194.00 bytes/sec
total size is 416,068  speedup is 4,289.36
sending incremental file list

sent 85 bytes  received 12 bytes  194.00 bytes/sec
total size is 416,068  speedup is 4,289.36
sending incremental file list

sent 85 bytes  received 12 bytes  194.00 bytes/sec
total size is 416,068  speedup is 4,289.36
sending incremental file list

sent 85 bytes  received 12 bytes  194.00 bytes/sec
total size is 416,068  speedup is 4,289.36
sending incremental file list

sent 85 bytes  received 12 bytes  194.00 bytes/sec
total size is 416,068  speedup is 4,289.36
sending incremental file list

sent 85 bytes  received 12 bytes  194.00 bytes/sec
total size is 416,068  speedup is 4,289.36
sending incremental file list

sent 85 bytes  received 12 bytes  194.00 bytes/sec
total size is 416,068  speedup is 4,289.36
sending incremental file list

sent 85 bytes  received 12 bytes  194.00 bytes/sec
total size is 416,068  speedup is 4,289.36
sending incremental file list

sent 85 bytes  received 12 bytes  194.00 bytes/sec
total size is 416,068  speedup is 4,289.36
sending incremental file list

sent 85 bytes  received 12 bytes  194.00 bytes/sec
total size is 416,068  speedup is 4,289.36
sending incremental file list

sent 85 bytes  received 12 bytes  194.00 bytes/sec
total size is 416,068  speedup is 4,289.36
sending incremental file list
tpsci_ano-rcc-vdzp.jl.out

sent 420,544 bytes  received 35 bytes  841,158.00 bytes/sec
total size is 420,319  speedup is 1.00
/cm/local/apps/slurm/var/spool/job1689338/slurm_script: line 62: 160142 Killed                  julia --project=$JULIAENV -t $NTHREAD $INFILE &>$OUTFILE
rm: cannot remove ‘tmpfs’: Device or resource busy
slurmstepd: error: Detected 1 oom-kill event(s) in StepId=1689338.batch cgroup. Some of your processes may have been killed by the cgroup out-of-memory handler.
