tc059
Resetting modules to system default. Reseting $MODULEPATH back to system default. All extra directories will be removed from $MODULEPATH.
Usage: sbatch submit.sh {input file} {data file} {data file}
tpsci_ano-rcc-vdz.jl
tpsci_ano-rcc-vdz.jl.out
/home/arnab22/FermiCG-data/bimetallics/data_fe2_morokuma
/localscratch/1689253
sending incremental file list
tpsci_ano-rcc-vdz.jl.out

sent 128 bytes  received 35 bytes  326.00 bytes/sec
total size is 0  speedup is 0.00
sending incremental file list
tpsci_ano-rcc-vdz.jl.out

sent 1,296 bytes  received 35 bytes  2,662.00 bytes/sec
total size is 1,164  speedup is 0.87
sending incremental file list
tpsci_ano-rcc-vdz.jl.out

sent 1,744 bytes  received 35 bytes  3,558.00 bytes/sec
total size is 1,613  speedup is 0.91
sending incremental file list

sent 84 bytes  received 12 bytes  192.00 bytes/sec
total size is 1,613  speedup is 16.80
sending incremental file list
tpsci_ano-rcc-vdz.jl.out

sent 2,257 bytes  received 35 bytes  4,584.00 bytes/sec
total size is 2,126  speedup is 0.93
sending incremental file list

sent 84 bytes  received 12 bytes  192.00 bytes/sec
total size is 2,126  speedup is 22.15
sending incremental file list
tpsci_ano-rcc-vdz.jl.out

sent 2,362 bytes  received 35 bytes  4,794.00 bytes/sec
total size is 2,230  speedup is 0.93
sending incremental file list
tpsci_ano-rcc-vdz.jl.out

sent 2,834 bytes  received 35 bytes  5,738.00 bytes/sec
total size is 2,703  speedup is 0.94
sending incremental file list

sent 84 bytes  received 12 bytes  192.00 bytes/sec
total size is 2,703  speedup is 28.16
sending incremental file list

sent 84 bytes  received 12 bytes  192.00 bytes/sec
total size is 2,703  speedup is 28.16
sending incremental file list
tpsci_ano-rcc-vdz.jl.out

sent 2,938 bytes  received 35 bytes  5,946.00 bytes/sec
total size is 2,807  speedup is 0.94
sending incremental file list
tpsci_ano-rcc-vdz.jl.out

sent 221,909 bytes  received 35 bytes  443,888.00 bytes/sec
total size is 221,734  speedup is 1.00
sending incremental file list
tpsci_ano-rcc-vdz.jl.out

sent 416,587 bytes  received 35 bytes  833,244.00 bytes/sec
total size is 416,363  speedup is 1.00
sending incremental file list

sent 85 bytes  received 12 bytes  194.00 bytes/sec
total size is 416,363  speedup is 4,292.40
sending incremental file list
tpsci_ano-rcc-vdz.jl.out

sent 417,099 bytes  received 35 bytes  834,268.00 bytes/sec
total size is 416,876  speedup is 1.00
sending incremental file list

sent 84 bytes  received 12 bytes  192.00 bytes/sec
total size is 416,876  speedup is 4,342.46
sending incremental file list
tpsci_ano-rcc-vdz.jl.out

sent 417,268 bytes  received 35 bytes  834,606.00 bytes/sec
total size is 417,044  speedup is 1.00
sending incremental file list
tpsci_ano-rcc-vdz.jl.out

sent 417,677 bytes  received 35 bytes  835,424.00 bytes/sec
total size is 417,453  speedup is 1.00
sending incremental file list

sent 85 bytes  received 12 bytes  194.00 bytes/sec
total size is 417,453  speedup is 4,303.64
sending incremental file list

sent 85 bytes  received 12 bytes  194.00 bytes/sec
total size is 417,453  speedup is 4,303.64
sending incremental file list
tpsci_ano-rcc-vdz.jl.out

sent 418,037 bytes  received 35 bytes  836,144.00 bytes/sec
total size is 417,813  speedup is 1.00
sending incremental file list
tpsci_ano-rcc-vdz.jl.out

sent 648,905 bytes  received 35 bytes  1,297,880.00 bytes/sec
total size is 648,626  speedup is 1.00
sending incremental file list
tpsci_ano-rcc-vdz.jl.out

sent 649,028 bytes  received 35 bytes  1,298,126.00 bytes/sec
total size is 648,749  speedup is 1.00
sending incremental file list

sent 84 bytes  received 12 bytes  192.00 bytes/sec
total size is 648,749  speedup is 6,757.80
sending incremental file list

sent 84 bytes  received 12 bytes  192.00 bytes/sec
total size is 648,749  speedup is 6,757.80
sending incremental file list

sent 84 bytes  received 12 bytes  192.00 bytes/sec
total size is 648,749  speedup is 6,757.80
sending incremental file list

sent 84 bytes  received 12 bytes  192.00 bytes/sec
total size is 648,749  speedup is 6,757.80
sending incremental file list

sent 84 bytes  received 12 bytes  192.00 bytes/sec
total size is 648,749  speedup is 6,757.80
sending incremental file list

sent 84 bytes  received 12 bytes  192.00 bytes/sec
total size is 648,749  speedup is 6,757.80
sending incremental file list

sent 84 bytes  received 12 bytes  192.00 bytes/sec
total size is 648,749  speedup is 6,757.80
sending incremental file list

sent 84 bytes  received 12 bytes  192.00 bytes/sec
total size is 648,749  speedup is 6,757.80
sending incremental file list

sent 84 bytes  received 12 bytes  192.00 bytes/sec
total size is 648,749  speedup is 6,757.80
sending incremental file list

sent 84 bytes  received 12 bytes  192.00 bytes/sec
total size is 648,749  speedup is 6,757.80
sending incremental file list

sent 84 bytes  received 12 bytes  192.00 bytes/sec
total size is 648,749  speedup is 6,757.80
sending incremental file list

sent 84 bytes  received 12 bytes  192.00 bytes/sec
total size is 648,749  speedup is 6,757.80
sending incremental file list

sent 84 bytes  received 12 bytes  192.00 bytes/sec
total size is 648,749  speedup is 6,757.80
sending incremental file list

sent 84 bytes  received 12 bytes  192.00 bytes/sec
total size is 648,749  speedup is 6,757.80
sending incremental file list

sent 84 bytes  received 12 bytes  64.00 bytes/sec
total size is 648,749  speedup is 6,757.80
sending incremental file list

sent 84 bytes  received 12 bytes  192.00 bytes/sec
total size is 648,749  speedup is 6,757.80
sending incremental file list

sent 84 bytes  received 12 bytes  192.00 bytes/sec
total size is 648,749  speedup is 6,757.80
sending incremental file list

sent 84 bytes  received 12 bytes  192.00 bytes/sec
total size is 648,749  speedup is 6,757.80
sending incremental file list

sent 84 bytes  received 12 bytes  192.00 bytes/sec
total size is 648,749  speedup is 6,757.80
sending incremental file list

sent 84 bytes  received 12 bytes  192.00 bytes/sec
total size is 648,749  speedup is 6,757.80
sending incremental file list

sent 84 bytes  received 12 bytes  192.00 bytes/sec
total size is 648,749  speedup is 6,757.80
sending incremental file list

sent 84 bytes  received 12 bytes  192.00 bytes/sec
total size is 648,749  speedup is 6,757.80
sending incremental file list

sent 84 bytes  received 12 bytes  192.00 bytes/sec
total size is 648,749  speedup is 6,757.80
sending incremental file list

sent 84 bytes  received 12 bytes  192.00 bytes/sec
total size is 648,749  speedup is 6,757.80
sending incremental file list

sent 84 bytes  received 12 bytes  192.00 bytes/sec
total size is 648,749  speedup is 6,757.80
sending incremental file list

sent 84 bytes  received 12 bytes  192.00 bytes/sec
total size is 648,749  speedup is 6,757.80
sending incremental file list

sent 84 bytes  received 12 bytes  192.00 bytes/sec
total size is 648,749  speedup is 6,757.80
sending incremental file list

sent 84 bytes  received 12 bytes  192.00 bytes/sec
total size is 648,749  speedup is 6,757.80
sending incremental file list

sent 84 bytes  received 12 bytes  192.00 bytes/sec
total size is 648,749  speedup is 6,757.80
sending incremental file list

sent 84 bytes  received 12 bytes  192.00 bytes/sec
total size is 648,749  speedup is 6,757.80
sending incremental file list

sent 84 bytes  received 12 bytes  192.00 bytes/sec
total size is 648,749  speedup is 6,757.80
sending incremental file list
tpsci_ano-rcc-vdz.jl.out

sent 649,069 bytes  received 35 bytes  1,298,208.00 bytes/sec
total size is 648,789  speedup is 1.00
sending incremental file list
tpsci_ano-rcc-vdz.jl.out

sent 649,127 bytes  received 35 bytes  1,298,324.00 bytes/sec
total size is 648,848  speedup is 1.00
sending incremental file list

sent 84 bytes  received 12 bytes  192.00 bytes/sec
total size is 648,848  speedup is 6,758.83
sending incremental file list

sent 84 bytes  received 12 bytes  192.00 bytes/sec
total size is 648,848  speedup is 6,758.83
sending incremental file list

sent 84 bytes  received 12 bytes  192.00 bytes/sec
total size is 648,848  speedup is 6,758.83
sending incremental file list

sent 84 bytes  received 12 bytes  192.00 bytes/sec
total size is 648,848  speedup is 6,758.83
sending incremental file list

sent 84 bytes  received 12 bytes  192.00 bytes/sec
total size is 648,848  speedup is 6,758.83
sending incremental file list

sent 84 bytes  received 12 bytes  192.00 bytes/sec
total size is 648,848  speedup is 6,758.83
sending incremental file list

sent 84 bytes  received 12 bytes  192.00 bytes/sec
total size is 648,848  speedup is 6,758.83
sending incremental file list

sent 84 bytes  received 12 bytes  192.00 bytes/sec
total size is 648,848  speedup is 6,758.83
sending incremental file list

sent 84 bytes  received 12 bytes  192.00 bytes/sec
total size is 648,848  speedup is 6,758.83
sending incremental file list

sent 84 bytes  received 12 bytes  192.00 bytes/sec
total size is 648,848  speedup is 6,758.83
sending incremental file list

sent 84 bytes  received 12 bytes  192.00 bytes/sec
total size is 648,848  speedup is 6,758.83
sending incremental file list

sent 84 bytes  received 12 bytes  192.00 bytes/sec
total size is 648,848  speedup is 6,758.83
sending incremental file list

sent 84 bytes  received 12 bytes  192.00 bytes/sec
total size is 648,848  speedup is 6,758.83
sending incremental file list

sent 84 bytes  received 12 bytes  192.00 bytes/sec
total size is 648,848  speedup is 6,758.83
sending incremental file list

sent 84 bytes  received 12 bytes  192.00 bytes/sec
total size is 648,848  speedup is 6,758.83
sending incremental file list

sent 84 bytes  received 12 bytes  192.00 bytes/sec
total size is 648,848  speedup is 6,758.83
sending incremental file list

sent 84 bytes  received 12 bytes  192.00 bytes/sec
total size is 648,848  speedup is 6,758.83
sending incremental file list

sent 84 bytes  received 12 bytes  192.00 bytes/sec
total size is 648,848  speedup is 6,758.83
sending incremental file list

sent 84 bytes  received 12 bytes  192.00 bytes/sec
total size is 648,848  speedup is 6,758.83
sending incremental file list

sent 84 bytes  received 12 bytes  192.00 bytes/sec
total size is 648,848  speedup is 6,758.83
sending incremental file list

sent 84 bytes  received 12 bytes  192.00 bytes/sec
total size is 648,848  speedup is 6,758.83
sending incremental file list

sent 84 bytes  received 12 bytes  192.00 bytes/sec
total size is 648,848  speedup is 6,758.83
sending incremental file list

sent 84 bytes  received 12 bytes  192.00 bytes/sec
total size is 648,848  speedup is 6,758.83
sending incremental file list

sent 84 bytes  received 12 bytes  192.00 bytes/sec
total size is 648,848  speedup is 6,758.83
sending incremental file list

sent 84 bytes  received 12 bytes  192.00 bytes/sec
total size is 648,848  speedup is 6,758.83
sending incremental file list

sent 84 bytes  received 12 bytes  192.00 bytes/sec
total size is 648,848  speedup is 6,758.83
sending incremental file list

sent 84 bytes  received 12 bytes  192.00 bytes/sec
total size is 648,848  speedup is 6,758.83
sending incremental file list

sent 84 bytes  received 12 bytes  192.00 bytes/sec
total size is 648,848  speedup is 6,758.83
sending incremental file list

sent 84 bytes  received 12 bytes  192.00 bytes/sec
total size is 648,848  speedup is 6,758.83
sending incremental file list

sent 84 bytes  received 12 bytes  192.00 bytes/sec
total size is 648,848  speedup is 6,758.83
sending incremental file list

sent 84 bytes  received 12 bytes  192.00 bytes/sec
total size is 648,848  speedup is 6,758.83
sending incremental file list

sent 84 bytes  received 12 bytes  192.00 bytes/sec
total size is 648,848  speedup is 6,758.83
sending incremental file list

sent 84 bytes  received 12 bytes  192.00 bytes/sec
total size is 648,848  speedup is 6,758.83
sending incremental file list

sent 84 bytes  received 12 bytes  192.00 bytes/sec
total size is 648,848  speedup is 6,758.83
sending incremental file list

sent 84 bytes  received 12 bytes  192.00 bytes/sec
total size is 648,848  speedup is 6,758.83
sending incremental file list

sent 84 bytes  received 12 bytes  192.00 bytes/sec
total size is 648,848  speedup is 6,758.83
sending incremental file list

sent 84 bytes  received 12 bytes  192.00 bytes/sec
total size is 648,848  speedup is 6,758.83
sending incremental file list

sent 84 bytes  received 12 bytes  192.00 bytes/sec
total size is 648,848  speedup is 6,758.83
sending incremental file list

sent 84 bytes  received 12 bytes  192.00 bytes/sec
total size is 648,848  speedup is 6,758.83
sending incremental file list

sent 84 bytes  received 12 bytes  192.00 bytes/sec
total size is 648,848  speedup is 6,758.83
sending incremental file list
tpsci_ano-rcc-vdz.jl.out

sent 653,123 bytes  received 35 bytes  1,306,316.00 bytes/sec
total size is 652,844  speedup is 1.00
sending incremental file list
tpsci_ano-rcc-vdz.jl.out

sent 653,431 bytes  received 35 bytes  1,306,932.00 bytes/sec
total size is 653,151  speedup is 1.00
sending incremental file list

sent 85 bytes  received 12 bytes  194.00 bytes/sec
total size is 653,151  speedup is 6,733.52
sending incremental file list

sent 85 bytes  received 12 bytes  194.00 bytes/sec
total size is 653,151  speedup is 6,733.52
sending incremental file list

sent 85 bytes  received 12 bytes  194.00 bytes/sec
total size is 653,151  speedup is 6,733.52
sending incremental file list
tpsci_ano-rcc-vdz.jl.out

sent 655,820 bytes  received 35 bytes  1,311,710.00 bytes/sec
total size is 655,532  speedup is 1.00
sending incremental file list
tpsci_ano-rcc-vdz.jl.out

sent 657,074 bytes  received 35 bytes  1,314,218.00 bytes/sec
total size is 656,787  speedup is 1.00
sending incremental file list

sent 84 bytes  received 12 bytes  192.00 bytes/sec
total size is 656,787  speedup is 6,841.53
sending incremental file list

sent 84 bytes  received 12 bytes  192.00 bytes/sec
total size is 656,787  speedup is 6,841.53
sending incremental file list

sent 84 bytes  received 12 bytes  192.00 bytes/sec
total size is 656,787  speedup is 6,841.53
sending incremental file list

sent 84 bytes  received 12 bytes  192.00 bytes/sec
total size is 656,787  speedup is 6,841.53
sending incremental file list

sent 84 bytes  received 12 bytes  192.00 bytes/sec
total size is 656,787  speedup is 6,841.53
sending incremental file list
tpsci_ano-rcc-vdz.jl.out

sent 658,272 bytes  received 35 bytes  1,316,614.00 bytes/sec
total size is 657,984  speedup is 1.00
sending incremental file list
tpsci_ano-rcc-vdz.jl.out

sent 658,371 bytes  received 35 bytes  1,316,812.00 bytes/sec
total size is 658,083  speedup is 1.00
sending incremental file list

sent 85 bytes  received 12 bytes  194.00 bytes/sec
total size is 658,083  speedup is 6,784.36
sending incremental file list

sent 85 bytes  received 12 bytes  194.00 bytes/sec
total size is 658,083  speedup is 6,784.36
sending incremental file list

sent 85 bytes  received 12 bytes  194.00 bytes/sec
total size is 658,083  speedup is 6,784.36
sending incremental file list

sent 85 bytes  received 12 bytes  194.00 bytes/sec
total size is 658,083  speedup is 6,784.36
sending incremental file list

sent 85 bytes  received 12 bytes  194.00 bytes/sec
total size is 658,083  speedup is 6,784.36
sending incremental file list

sent 85 bytes  received 12 bytes  194.00 bytes/sec
total size is 658,083  speedup is 6,784.36
sending incremental file list
tpsci_ano-rcc-vdz.jl.out

sent 658,491 bytes  received 35 bytes  1,317,052.00 bytes/sec
total size is 658,203  speedup is 1.00
/cm/local/apps/slurm/var/spool/job1689253/slurm_script: line 62: 196636 Killed                  julia --project=$JULIAENV -t $NTHREAD $INFILE &>$OUTFILE
rm: cannot remove ‘tmpfs’: Device or resource busy
slurmstepd: error: Detected 1 oom-kill event(s) in StepId=1689253.batch cgroup. Some of your processes may have been killed by the cgroup out-of-memory handler.
