 Remove duplicates
 Number of terms reduced from  1036 to   472
IDX001:DIM1048576:001|002|003|004|005|006|007|008|009|010|
IDX002:DIM4096:011|012|013|014|015|016|
IDX003:DIM1048576:017|018|019|020|021|022|023|024|025|026|
IDX004:DIM4096:027|028|029|030|031|032|

 |..................................do batched PT2......................................
 thresh_foi    :1.0e-9
 prescreen     :true
 H0            :Hcmf
 nbody         :4
 Norms of input states:
   0.99999584
   0.99999584
 Compute <0|H0|0>:                                   7.137867 seconds (52.13 M allocations: 1.210 GiB, 25.55% gc time, 8.24% compilation time)
 Compute <0|H|0>:                                  125.017681 seconds (2.53 G allocations: 54.870 GiB, 84.20% gc time, 0.61% compilation time)
 Number of jobs:    6656
 Number of threads: 64
   |----------------------------------------------------------------------------------------------------|
   |0%                                                                                              100%|
   |---------------------------------------------------------------------------------------------------|
 Time spent computing E2       3240.5 (s)
  Root         E(0)         E(2)
     1 -173.38563421 -173.38570382
     2 -173.38556078 -173.38563020
 ......................................................................................|
*E(PT2): -0.000069611673 -0.000069417578 

 |..................................do batched PT2......................................
 thresh_foi    :1.0e-9
 prescreen     :true
 H0            :Hcmf
 nbody         :4
 Norms of input states:
   0.99999306
   0.99999306
 Compute <0|H0|0>:                                   6.994437 seconds (30.68 M allocations: 723.130 MiB, 15.34% gc time)
 Compute <0|H|0>:                                   64.610672 seconds (1.40 G allocations: 30.304 GiB, 83.81% gc time)
 Number of jobs:    6564
 Number of threads: 64
   |----------------------------------------------------------------------------------------------------|
   |0%                                                                                              100%|
   |---------------------------------------------------------------------------------------------------|
 Time spent computing E2       2551.7 (s)
  Root         E(0)         E(2)
     1 -173.38561281 -173.38570028
     2 -173.38553933 -173.38562669
 ......................................................................................|
*E(PT2): -0.000087466553 -0.000087360719 

 |..................................do batched PT2......................................
 thresh_foi    :1.0e-9
 prescreen     :true
 H0            :Hcmf
 nbody         :4
 Norms of input states:
   0.99999050
   0.99999046
 Compute <0|H0|0>:                                   4.402361 seconds (20.02 M allocations: 472.849 MiB)
 Compute <0|H|0>:                                   48.531388 seconds (892.68 M allocations: 19.297 GiB, 85.84% gc time)
 Number of jobs:    6422
 Number of threads: 64
   |----------------------------------------------------------------------------------------------------|
   |0%                                                                                              100%|
   |----------------------------------------------------------------------------------------------------|
 Time spent computing E2       2141.4 (s)
  Root         E(0)         E(2)
     1 -173.38559461 -173.38569732
     2 -173.38552093 -173.38562366
 ......................................................................................|
*E(PT2): -0.000102704536 -0.000102730458 

 |..................................do batched PT2......................................
 thresh_foi    :1.0e-9
 prescreen     :true
 H0            :Hcmf
 nbody         :4
 Norms of input states:
   0.99998768
   0.99998767
 Compute <0|H0|0>:                                   1.008736 seconds (13.10 M allocations: 304.611 MiB, 34.24% gc time)
 Compute <0|H|0>:                                   28.559103 seconds (602.89 M allocations: 13.021 GiB, 83.54% gc time)
 Number of jobs:    6422
 Number of threads: 64
   |----------------------------------------------------------------------------------------------------|
   |0%                                                                                              100%|
   |----------------------------------------------------------------------------------------------------|
 Time spent computing E2       1787.0 (s)
  Root         E(0)         E(2)
     1 -173.38557508 -173.38569397
     2 -173.38550159 -173.38562032
 ......................................................................................|
*E(PT2): -0.000118887624 -0.000118728624 
