tc160
Resetting modules to system default. Reseting $MODULEPATH back to system default. All extra directories will be removed from $MODULEPATH.
Usage: sbatch submit.sh {input file} {data file} {data file}
tpsci_ano-rcc-vdz.jl
tpsci_ano-rcc-vdz.jl.out
/home/arnab22/FermiCG-data/bimetallics/data_cr2_morokuma
/localscratch/1685638
sending incremental file list
tpsci_ano-rcc-vdz.jl.out

sent 128 bytes  received 35 bytes  326.00 bytes/sec
total size is 0  speedup is 0.00
sending incremental file list
tpsci_ano-rcc-vdz.jl.out

sent 1,167 bytes  received 35 bytes  2,404.00 bytes/sec
total size is 1,035  speedup is 0.86
sending incremental file list
tpsci_ano-rcc-vdz.jl.out

sent 2,257 bytes  received 35 bytes  4,584.00 bytes/sec
total size is 2,125  speedup is 0.93
sending incremental file list

sent 85 bytes  received 12 bytes  194.00 bytes/sec
total size is 2,125  speedup is 21.91
sending incremental file list
tpsci_ano-rcc-vdz.jl.out

sent 2,898 bytes  received 35 bytes  5,866.00 bytes/sec
total size is 2,766  speedup is 0.94
sending incremental file list
tpsci_ano-rcc-vdz.jl.out

sent 3,065 bytes  received 35 bytes  6,200.00 bytes/sec
total size is 2,934  speedup is 0.95
sending incremental file list
tpsci_ano-rcc-vdz.jl.out

sent 3,603 bytes  received 35 bytes  7,276.00 bytes/sec
total size is 3,471  speedup is 0.95
sending incremental file list

sent 85 bytes  received 12 bytes  194.00 bytes/sec
total size is 3,471  speedup is 35.78
sending incremental file list
tpsci_ano-rcc-vdz.jl.out

sent 40,622 bytes  received 35 bytes  81,314.00 bytes/sec
total size is 40,487  speedup is 1.00
sending incremental file list
tpsci_ano-rcc-vdz.jl.out

sent 193,129 bytes  received 35 bytes  386,328.00 bytes/sec
total size is 192,961  speedup is 1.00
sending incremental file list
tpsci_ano-rcc-vdz.jl.out

sent 193,922 bytes  received 35 bytes  129,304.67 bytes/sec
total size is 193,755  speedup is 1.00
sending incremental file list
tpsci_ano-rcc-vdz.jl.out

sent 194,026 bytes  received 35 bytes  388,122.00 bytes/sec
total size is 193,859  speedup is 1.00
sending incremental file list
tpsci_ano-rcc-vdz.jl.out

sent 194,564 bytes  received 35 bytes  389,198.00 bytes/sec
total size is 194,396  speedup is 1.00
sending incremental file list
tpsci_ano-rcc-vdz.jl.out

sent 195,268 bytes  received 35 bytes  390,606.00 bytes/sec
total size is 195,101  speedup is 1.00
sending incremental file list

sent 84 bytes  received 12 bytes  192.00 bytes/sec
total size is 195,101  speedup is 2,032.30
sending incremental file list

sent 84 bytes  received 12 bytes  192.00 bytes/sec
total size is 195,101  speedup is 2,032.30
sending incremental file list
tpsci_ano-rcc-vdz.jl.out

sent 266,096 bytes  received 35 bytes  532,262.00 bytes/sec
total size is 265,904  speedup is 1.00
sending incremental file list
tpsci_ano-rcc-vdz.jl.out

sent 289,879 bytes  received 35 bytes  579,828.00 bytes/sec
total size is 289,687  speedup is 1.00
sending incremental file list

sent 85 bytes  received 12 bytes  194.00 bytes/sec
total size is 289,687  speedup is 2,986.46
sending incremental file list

sent 85 bytes  received 12 bytes  194.00 bytes/sec
total size is 289,687  speedup is 2,986.46
sending incremental file list

sent 85 bytes  received 12 bytes  194.00 bytes/sec
total size is 289,687  speedup is 2,986.46
sending incremental file list

sent 85 bytes  received 12 bytes  194.00 bytes/sec
total size is 289,687  speedup is 2,986.46
sending incremental file list

sent 85 bytes  received 12 bytes  194.00 bytes/sec
total size is 289,687  speedup is 2,986.46
sending incremental file list

sent 85 bytes  received 12 bytes  194.00 bytes/sec
total size is 289,687  speedup is 2,986.46
sending incremental file list

sent 85 bytes  received 12 bytes  194.00 bytes/sec
total size is 289,687  speedup is 2,986.46
sending incremental file list

sent 85 bytes  received 12 bytes  194.00 bytes/sec
total size is 289,687  speedup is 2,986.46
sending incremental file list

sent 85 bytes  received 12 bytes  194.00 bytes/sec
total size is 289,687  speedup is 2,986.46
sending incremental file list

sent 85 bytes  received 12 bytes  194.00 bytes/sec
total size is 289,687  speedup is 2,986.46
sending incremental file list

sent 85 bytes  received 12 bytes  194.00 bytes/sec
total size is 289,687  speedup is 2,986.46
sending incremental file list

sent 85 bytes  received 12 bytes  194.00 bytes/sec
total size is 289,687  speedup is 2,986.46
sending incremental file list

sent 85 bytes  received 12 bytes  194.00 bytes/sec
total size is 289,687  speedup is 2,986.46
sending incremental file list
tpsci_ano-rcc-vdz.jl.out

sent 289,978 bytes  received 35 bytes  580,026.00 bytes/sec
total size is 289,786  speedup is 1.00
sending incremental file list

sent 85 bytes  received 12 bytes  194.00 bytes/sec
total size is 289,786  speedup is 2,987.48
sending incremental file list

sent 85 bytes  received 12 bytes  194.00 bytes/sec
total size is 289,786  speedup is 2,987.48
sending incremental file list

sent 85 bytes  received 12 bytes  194.00 bytes/sec
total size is 289,786  speedup is 2,987.48
sending incremental file list

sent 85 bytes  received 12 bytes  194.00 bytes/sec
total size is 289,786  speedup is 2,987.48
sending incremental file list

sent 85 bytes  received 12 bytes  194.00 bytes/sec
total size is 289,786  speedup is 2,987.48
sending incremental file list

sent 85 bytes  received 12 bytes  194.00 bytes/sec
total size is 289,786  speedup is 2,987.48
sending incremental file list

sent 85 bytes  received 12 bytes  194.00 bytes/sec
total size is 289,786  speedup is 2,987.48
sending incremental file list

sent 85 bytes  received 12 bytes  194.00 bytes/sec
total size is 289,786  speedup is 2,987.48
sending incremental file list

sent 85 bytes  received 12 bytes  194.00 bytes/sec
total size is 289,786  speedup is 2,987.48
sending incremental file list

sent 85 bytes  received 12 bytes  194.00 bytes/sec
total size is 289,786  speedup is 2,987.48
sending incremental file list

sent 85 bytes  received 12 bytes  194.00 bytes/sec
total size is 289,786  speedup is 2,987.48
sending incremental file list

sent 85 bytes  received 12 bytes  194.00 bytes/sec
total size is 289,786  speedup is 2,987.48
sending incremental file list

sent 85 bytes  received 12 bytes  194.00 bytes/sec
total size is 289,786  speedup is 2,987.48
sending incremental file list

sent 85 bytes  received 12 bytes  194.00 bytes/sec
total size is 289,786  speedup is 2,987.48
sending incremental file list

sent 85 bytes  received 12 bytes  194.00 bytes/sec
total size is 289,786  speedup is 2,987.48
sending incremental file list
tpsci_ano-rcc-vdz.jl.out

sent 294,195 bytes  received 35 bytes  588,460.00 bytes/sec
total size is 294,004  speedup is 1.00
sending incremental file list

sent 84 bytes  received 12 bytes  192.00 bytes/sec
total size is 294,004  speedup is 3,062.54
sending incremental file list
tpsci_ano-rcc-vdz.jl.out

sent 296,702 bytes  received 35 bytes  197,824.67 bytes/sec
total size is 296,502  speedup is 1.00
sending incremental file list

sent 85 bytes  received 12 bytes  194.00 bytes/sec
total size is 296,502  speedup is 3,056.72
sending incremental file list
tpsci_ano-rcc-vdz.jl.out

sent 297,997 bytes  received 35 bytes  596,064.00 bytes/sec
total size is 297,798  speedup is 1.00
sending incremental file list

sent 84 bytes  received 12 bytes  192.00 bytes/sec
total size is 297,798  speedup is 3,102.06
sending incremental file list
tpsci_ano-rcc-vdz.jl.out

sent 298,117 bytes  received 35 bytes  596,304.00 bytes/sec
total size is 297,917  speedup is 1.00
sending incremental file list
tpsci_ano-rcc-vdz.jl.out

sent 300,451 bytes  received 35 bytes  600,972.00 bytes/sec
total size is 300,251  speedup is 1.00
sending incremental file list

sent 85 bytes  received 12 bytes  194.00 bytes/sec
total size is 300,251  speedup is 3,095.37
sending incremental file list
tpsci_ano-rcc-vdz.jl.out

sent 301,748 bytes  received 35 bytes  201,188.67 bytes/sec
total size is 301,548  speedup is 1.00
sending incremental file list
tpsci_ano-rcc-vdz.jl.out

sent 303,919 bytes  received 35 bytes  607,908.00 bytes/sec
total size is 303,719  speedup is 1.00
sending incremental file list

sent 85 bytes  received 12 bytes  194.00 bytes/sec
total size is 303,719  speedup is 3,131.12
sending incremental file list
tpsci_ano-rcc-vdz.jl.out

sent 306,714 bytes  received 35 bytes  613,498.00 bytes/sec
total size is 306,514  speedup is 1.00
sending incremental file list

sent 85 bytes  received 12 bytes  194.00 bytes/sec
total size is 306,514  speedup is 3,159.94
sending incremental file list

sent 85 bytes  received 12 bytes  194.00 bytes/sec
total size is 306,514  speedup is 3,159.94
sending incremental file list

sent 85 bytes  received 12 bytes  194.00 bytes/sec
total size is 306,514  speedup is 3,159.94
sending incremental file list

sent 85 bytes  received 12 bytes  194.00 bytes/sec
total size is 306,514  speedup is 3,159.94
sending incremental file list

sent 85 bytes  received 12 bytes  194.00 bytes/sec
total size is 306,514  speedup is 3,159.94
sending incremental file list

sent 85 bytes  received 12 bytes  194.00 bytes/sec
total size is 306,514  speedup is 3,159.94
sending incremental file list

sent 85 bytes  received 12 bytes  194.00 bytes/sec
total size is 306,514  speedup is 3,159.94
sending incremental file list
tpsci_ano-rcc-vdz.jl.out

sent 307,104 bytes  received 35 bytes  614,278.00 bytes/sec
total size is 306,904  speedup is 1.00
sending incremental file list
tpsci_ano-rcc-vdz.jl.out

sent 307,113 bytes  received 35 bytes  614,296.00 bytes/sec
total size is 306,913  speedup is 1.00
sending incremental file list
tpsci_ano-rcc-vdz.jl.out

sent 307,124 bytes  received 35 bytes  614,318.00 bytes/sec
total size is 306,925  speedup is 1.00
sending incremental file list
tpsci_ano-rcc-vdz.jl.out

sent 307,139 bytes  received 35 bytes  614,348.00 bytes/sec
total size is 306,939  speedup is 1.00
sending incremental file list
tpsci_ano-rcc-vdz.jl.out

sent 307,153 bytes  received 35 bytes  614,376.00 bytes/sec
total size is 306,953  speedup is 1.00
sending incremental file list
tpsci_ano-rcc-vdz.jl.out

sent 307,164 bytes  received 35 bytes  614,398.00 bytes/sec
total size is 306,964  speedup is 1.00
sending incremental file list
tpsci_ano-rcc-vdz.jl.out

sent 307,174 bytes  received 35 bytes  614,418.00 bytes/sec
total size is 306,974  speedup is 1.00
sending incremental file list
tpsci_ano-rcc-vdz.jl.out

sent 307,180 bytes  received 35 bytes  614,430.00 bytes/sec
total size is 306,980  speedup is 1.00
sending incremental file list
tpsci_ano-rcc-vdz.jl.out

sent 307,189 bytes  received 35 bytes  614,448.00 bytes/sec
total size is 306,989  speedup is 1.00
sending incremental file list
tpsci_ano-rcc-vdz.jl.out

sent 307,191 bytes  received 35 bytes  614,452.00 bytes/sec
total size is 306,992  speedup is 1.00
rm: cannot remove ‘tmpfs’: Device or resource busy
