 Remove duplicates
 Number of terms reduced from   327 to   159
IDX001:DIM4194304:001|002|003|004|005|006|007|008|009|010|011|
IDX002:DIM16384:012|013|014|015|016|017|018|
IDX003:DIM4194304:019|020|021|022|023|024|025|026|027|028|029|

 |..................................do batched PT2......................................
 thresh_foi    :1.0e-7
 prescreen     :true
 H0            :Hcmf
 nbody         :4
 Norms of input states:
   1.00000000
   1.00000000
   1.00000000
   1.00000000
 Compute <0|H0|0>:                                  15.168157 seconds (539.19 M allocations: 12.087 GiB, 76.74% gc time, 3.84% compilation time)
 Compute <0|H|0>:                                  1143.660441 seconds (23.40 G allocations: 501.394 GiB, 44.34% gc time, 0.03% compilation time)
 Number of jobs:    864
 Number of threads: 32
   |----------------------------------------------------------------------------------------------------|
   |0%                                                                                              100%|
   |------------------------------------------------------------------------------------------------|
 Time spent computing E2       1109.2 (s)
  Root         E(0)         E(2)
     1 -130.73412396 -130.73445723
     2 -130.73303043 -130.73332034
     3 -130.73070344 -130.73099591
     4 -130.72723877 -130.72747864
 ......................................................................................|
2272.758534 seconds (24.18 G allocations: 525.568 GiB, 23.30% gc time, 0.51% compilation time)

 |== Tensor Product State CI =======================================
 Hamiltonian matrix dimension = 49972: 
 Build full Hamiltonian matrix with dimension:     912.899178 seconds (10.85 G allocations: 261.830 GiB, 25.09% gc time, 0.03% compilation time)
 Now diagonalize
 Iter:   1 SS: 4    E: -130.73409930  -130.73300793  -130.73068056  -130.72721991   R: 5.2e-04  5.1e-04  5.3e-04  4.6e-04   LinDep: 3.3e-16* 
 Iter:   2 SS: 8    E: -130.73409944  -130.73300807  -130.73068070  -130.72722002   R: 1.1e-04  1.1e-04  1.1e-04  9.1e-05   LinDep: 4.4e-16* 
 Iter:   3 SS: 12   E: -130.73409945  -130.73300807  -130.73068071  -130.72722002   R: 3.6e-05  3.6e-05  3.5e-05  3.0e-05   LinDep: 2.6e-15* 
 Iter:   4 SS: 16   E: -130.73409945  -130.73300807  -130.73068071  -130.72722002   R: 1.4e-05  1.5e-05  1.4e-05  1.1e-05   LinDep: 5.8e-15* 
 Iter:   5 SS: 20   E: -130.73409945* -130.73300807* -130.73068071* -130.72722002*  R: 5.3e-06* 5.7e-06* 5.6e-06* 4.0e-06*  LinDep: 4.7e-15* 
 Diagonalization time:                              13.225550 seconds
 Compute S2 expectation values:                     37.555176 seconds (1.52 G allocations: 33.474 GiB, 86.68% gc time)
  Root       Energy           S2
     1 -130.73409945   0.00110789
     2 -130.73300807   2.00009272
     3 -130.73068071   5.99897047
     4 -130.72722002  11.99983707
 ==================================================================|

 |..................................do batched PT2......................................
 thresh_foi    :1.0e-7
 prescreen     :true
 H0            :Hcmf
 nbody         :4
 Norms of input states:
   1.00000000
   1.00000000
   1.00000000
   1.00000000
 Compute <0|H0|0>:                                  10.683539 seconds (443.36 M allocations: 9.915 GiB, 85.53% gc time)
 Compute <0|H|0>:                                  947.101038 seconds (19.30 G allocations: 413.524 GiB, 44.39% gc time)
 Number of jobs:    864
 Number of threads: 32
   |----------------------------------------------------------------------------------------------------|
   |0%                                                                                              100%|
   |------------------------------------------------------------------------------------------------|
 Time spent computing E2       1028.1 (s)
  Root         E(0)         E(2)
     1 -130.73409945 -130.73445637
     2 -130.73300807 -130.73331963
     3 -130.73068071 -130.73099525
     4 -130.72722002 -130.72747826
 ......................................................................................|
1986.049846 seconds (19.95 G allocations: 433.961 GiB, 22.10% gc time)
 41.596707 seconds (1.52 G allocations: 33.505 GiB, 82.08% gc time)

 |== Tensor Product State CI =======================================
 Hamiltonian matrix dimension = 45259: 
 Build full Hamiltonian matrix with dimension:     737.997162 seconds (8.87 G allocations: 214.141 GiB, 26.96% gc time)
 Now diagonalize
 Iter:   1 SS: 4    E: -130.73406075  -130.73297424  -130.73064500  -130.72719030   R: 8.6e-04  8.3e-04  8.7e-04  7.8e-04   LinDep: 1.1e-15* 
 Iter:   2 SS: 8    E: -130.73406114  -130.73297461  -130.73064539  -130.72719059   R: 2.0e-04  2.0e-04  1.9e-04  1.6e-04   LinDep: 2.2e-16* 
 Iter:   3 SS: 12   E: -130.73406117  -130.73297463  -130.73064541  -130.72719060   R: 6.6e-05  6.5e-05  6.3e-05  5.1e-05   LinDep: 5.6e-16* 
 Iter:   4 SS: 16   E: -130.73406117  -130.73297463  -130.73064541  -130.72719060   R: 2.8e-05  2.8e-05  2.7e-05  1.9e-05   LinDep: 4.0e-15* 
 Iter:   5 SS: 20   E: -130.73406117  -130.73297463  -130.73064541  -130.72719060*  R: 1.1e-05  1.2e-05  1.1e-05  6.1e-06*  LinDep: 1.1e-15* 
 Iter:   6 SS: 24   E: -130.73406117* -130.73297463* -130.73064541* -130.72719060*  R: 4.0e-06* 4.5e-06* 4.3e-06* 3.2e-06*  LinDep: 2.2e-16* 
 Diagonalization time:                              10.905251 seconds
 Compute S2 expectation values:                     31.795315 seconds (1.24 G allocations: 27.412 GiB, 84.66% gc time)
  Root       Energy           S2
     1 -130.73406117   0.00131910
     2 -130.73297463   2.00010247
     3 -130.73064541   5.99876868
     4 -130.72719060  11.99982083
 ==================================================================|

 |..................................do batched PT2......................................
 thresh_foi    :1.0e-7
 prescreen     :true
 H0            :Hcmf
 nbody         :4
 Norms of input states:
   1.00000000
   1.00000000
   1.00000000
   1.00000000
 Compute <0|H0|0>:                                  14.525587 seconds (365.15 M allocations: 8.186 GiB, 53.75% gc time)
 Compute <0|H|0>:                                  767.995046 seconds (15.78 G allocations: 338.031 GiB, 44.03% gc time)
 Number of jobs:    864
 Number of threads: 32
   |----------------------------------------------------------------------------------------------------|
   |0%                                                                                              100%|
   |------------------------------------------------------------------------------------------------|
 Time spent computing E2        957.6 (s)
  Root         E(0)         E(2)
     1 -130.73406117 -130.73445318
     2 -130.73297463 -130.73331698
     3 -130.73064541 -130.73099268
     4 -130.72719060 -130.72747595
 ......................................................................................|
1740.228932 seconds (16.34 G allocations: 356.379 GiB, 20.40% gc time)
 33.010992 seconds (1.24 G allocations: 27.422 GiB, 82.94% gc time)

 |== Tensor Product State CI =======================================
 Hamiltonian matrix dimension = 40767: 
 Build full Hamiltonian matrix with dimension:     590.304439 seconds (7.19 G allocations: 173.502 GiB, 27.16% gc time)
 Now diagonalize
 Iter:   1 SS: 4    E: -130.73401610  -130.73293468  -130.73060573  -130.72715551   R: 1.1e-03  1.1e-03  1.1e-03  1.1e-03   LinDep: 2.2e-16* 
 Iter:   2 SS: 8    E: -130.73401682  -130.73293536  -130.73060641  -130.72715607   R: 3.1e-04  3.0e-04  2.9e-04  2.5e-04   LinDep: 3.0e-15* 
 Iter:   3 SS: 12   E: -130.73401687  -130.73293542  -130.73060645  -130.72715611   R: 1.0e-04  1.1e-04  9.8e-05  7.8e-05   LinDep: 1.0e-15* 
 Iter:   4 SS: 16   E: -130.73401688  -130.73293543  -130.73060646  -130.72715611   R: 4.3e-05  4.8e-05  4.3e-05  2.9e-05   LinDep: 6.7e-16* 
 Iter:   5 SS: 20   E: -130.73401689  -130.73293543  -130.73060647  -130.72715611*  R: 1.7e-05  2.0e-05  1.8e-05  9.5e-06*  LinDep: 5.6e-16* 
 Iter:   6 SS: 24   E: -130.73401689* -130.73293543* -130.73060647* -130.72715611*  R: 6.0e-06* 7.1e-06* 6.6e-06* 4.9e-06*  LinDep: 4.1e-15* 
 Diagonalization time:                              10.327257 seconds
 Compute S2 expectation values:                     25.491900 seconds (1.01 G allocations: 22.228 GiB, 84.45% gc time)
  Root       Energy           S2
     1 -130.73401689   0.00154941
     2 -130.73293543   2.00012170
     3 -130.73060647   5.99855130
     4 -130.72715611  11.99979938
 ==================================================================|

 |..................................do batched PT2......................................
 thresh_foi    :1.0e-7
 prescreen     :true
 H0            :Hcmf
 nbody         :4
 Norms of input states:
   1.00000000
   1.00000000
   1.00000000
   1.00000000
 Compute <0|H0|0>:                                  16.508234 seconds (297.54 M allocations: 6.683 GiB, 36.03% gc time)
 Compute <0|H|0>:                                  635.943786 seconds (12.78 G allocations: 273.775 GiB, 45.21% gc time)
 Number of jobs:    864
 Number of threads: 32
   |----------------------------------------------------------------------------------------------------|
   |0%                                                                                              100%|
   |------------------------------------------------------------------------------------------------|
 Time spent computing E2        881.6 (s)
  Root         E(0)         E(2)
     1 -130.73401689 -130.73444854
     2 -130.73293543 -130.73331262
     3 -130.73060647 -130.73098864
     4 -130.72715611 -130.72747290
 ......................................................................................|
1534.271761 seconds (13.26 G allocations: 290.220 GiB, 19.72% gc time)
 24.904838 seconds (1.01 G allocations: 22.219 GiB, 87.04% gc time)

 |== Tensor Product State CI =======================================
 Hamiltonian matrix dimension = 36843: 
 Build full Hamiltonian matrix with dimension:     486.762267 seconds (5.89 G allocations: 142.176 GiB, 24.84% gc time)
 Now diagonalize
 Iter:   1 SS: 4    E: -130.73396454  -130.73288897  -130.73056407  -130.72711963   R: 1.4e-03  1.3e-03  1.3e-03  1.3e-03   LinDep: 1.3e-15* 
 Iter:   2 SS: 8    E: -130.73396572  -130.73289005  -130.73056510  -130.72712046   R: 4.2e-04  4.0e-04  3.8e-04  3.0e-04   LinDep: 2.2e-16* 
 Iter:   3 SS: 12   E: -130.73396583  -130.73289015  -130.73056518  -130.72712051   R: 1.4e-04  1.4e-04  1.3e-04  9.9e-05   LinDep: 7.8e-16* 
 Iter:   4 SS: 16   E: -130.73396585  -130.73289017  -130.73056520  -130.72712051   R: 6.1e-05  6.4e-05  5.7e-05  3.7e-05   LinDep: 1.3e-15* 
 Iter:   5 SS: 20   E: -130.73396585  -130.73289017  -130.73056520  -130.72712052   R: 2.4e-05  2.6e-05  2.3e-05  1.2e-05   LinDep: 1.3e-15* 
 Iter:   6 SS: 24   E: -130.73396585* -130.73289017* -130.73056520* -130.72712052*  R: 8.3e-06* 9.5e-06* 8.7e-06* 4.2e-06*  LinDep: 2.7e-15* 
 Diagonalization time:                               7.515304 seconds
 Compute S2 expectation values:                     20.439549 seconds (827.95 M allocations: 18.270 GiB, 87.04% gc time)
  Root       Energy           S2
     1 -130.73396585   0.00176095
     2 -130.73289017   2.00015520
     3 -130.73056520   5.99835446
     4 -130.72712052  11.99975731
 ==================================================================|

 |..................................do batched PT2......................................
 thresh_foi    :1.0e-7
 prescreen     :true
 H0            :Hcmf
 nbody         :4
 Norms of input states:
   1.00000000
   1.00000000
   1.00000000
   1.00000000
 Compute <0|H0|0>:                                   6.801036 seconds (241.58 M allocations: 5.409 GiB, 77.65% gc time)
 Compute <0|H|0>:                                  510.817564 seconds (10.48 G allocations: 224.445 GiB, 43.99% gc time)
 Number of jobs:    858
 Number of threads: 32
   |----------------------------------------------------------------------------------------------------|
   |0%                                                                                              100%|
   |-----------------------------------------------------------------------------------------------|
 Time spent computing E2        787.5 (s)
  Root         E(0)         E(2)
     1 -130.73396585 -130.73444215
     2 -130.73289017 -130.73330694
     3 -130.73056520 -130.73098354
     4 -130.72712052 -130.72746879
 ......................................................................................|
1305.154962 seconds (10.89 G allocations: 239.369 GiB, 18.08% gc time)
 21.047947 seconds (827.94 M allocations: 18.270 GiB, 87.17% gc time)

 |== Tensor Product State CI =======================================
 Hamiltonian matrix dimension = 17262: 
 Build full Hamiltonian matrix with dimension:     106.922816 seconds (1.36 G allocations: 32.541 GiB, 26.19% gc time)
 Now diagonalize
 Iter:   1 SS: 4    E: -130.73346444  -130.73244568  -130.73012100  -130.72671557   R: 3.2e-03  3.0e-03  3.0e-03  2.8e-03   LinDep: 2.2e-16* 
 Iter:   2 SS: 8    E: -130.73347284  -130.73245283  -130.73012774  -130.72672102   R: 1.5e-03  1.3e-03  1.3e-03  1.1e-03   LinDep: 2.0e-15* 
 Iter:   3 SS: 12   E: -130.73347420  -130.73245396  -130.73012870  -130.72672169   R: 4.8e-04  4.6e-04  4.0e-04  3.1e-04   LinDep: 2.8e-15* 
 Iter:   4 SS: 16   E: -130.73347442  -130.73245417  -130.73012885  -130.72672176   R: 1.8e-04  1.8e-04  1.5e-04  9.2e-05   LinDep: 6.7e-16* 
 Iter:   5 SS: 20   E: -130.73347444  -130.73245420  -130.73012887  -130.72672177   R: 7.3e-05  7.5e-05  6.3e-05  2.8e-05   LinDep: 1.1e-16* 
 Iter:   6 SS: 24   E: -130.73347444  -130.73245420  -130.73012887  -130.72672177   R: 2.4e-05  2.5e-05  2.3e-05  1.2e-05   LinDep: 4.4e-16* 
 Iter:   7 SS: 28   E: -130.73347444* -130.73245420* -130.73012887* -130.72672177*  R: 7.6e-06* 7.8e-06* 7.1e-06* 4.2e-06*  LinDep: 6.7e-16* 
 Diagonalization time:                               1.982767 seconds
 Compute S2 expectation values:                      6.111899 seconds (200.28 M allocations: 4.418 GiB, 66.20% gc time)
  Root       Energy           S2
     1 -130.73347444   0.00568797
     2 -130.73245420   2.00057951
     3 -130.73012887   5.99456265
     4 -130.72672177  11.99927459
 ==================================================================|

 |..................................do batched PT2......................................
 thresh_foi    :1.0e-7
 prescreen     :true
 H0            :Hcmf
 nbody         :4
 Norms of input states:
   1.00000000
   1.00000000
   1.00000000
   1.00000000
 Compute <0|H0|0>:                                   2.233120 seconds (58.34 M allocations: 1.311 GiB, 46.49% gc time)
 Compute <0|H|0>:                                  120.774428 seconds (2.42 G allocations: 51.724 GiB, 44.31% gc time)
 Number of jobs:    832
 Number of threads: 32
   |----------------------------------------------------------------------------------------------------|
   |0%                                                                                              100%|
   |--------------------------------------------------------------------------------------------------------|
 Time spent computing E2        467.4 (s)
  Root         E(0)         E(2)
     1 -130.73347444 -130.73436496
     2 -130.73245420 -130.73324141
     3 -130.73012887 -130.73092110
     4 -130.72672177 -130.72740937
 ......................................................................................|
590.451601 seconds (2.59 G allocations: 60.425 GiB, 10.20% gc time)
  7.585134 seconds (201.05 M allocations: 4.441 GiB, 53.20% gc time)

 |== Tensor Product State CI =======================================
 Hamiltonian matrix dimension = 11022: 
 Build full Hamiltonian matrix with dimension:      48.180354 seconds (575.94 M allocations: 13.720 GiB, 25.26% gc time)
 Now diagonalize
 Iter:   1 SS: 4    E: -130.73300559  -130.73204625  -130.72970883  -130.72634989   R: 4.5e-03  4.1e-03  4.1e-03  3.7e-03   LinDep: 5.6e-16* 
 Iter:   2 SS: 8    E: -130.73302390  -130.73206127  -130.72972294  -130.72636001   R: 2.3e-03  2.0e-03  1.9e-03  1.6e-03   LinDep: 8.9e-16* 
 Iter:   3 SS: 12   E: -130.73302723  -130.73206398  -130.72972526  -130.72636150   R: 6.9e-04  6.5e-04  5.8e-04  4.2e-04   LinDep: 1.0e-15* 
 Iter:   4 SS: 16   E: -130.73302767  -130.73206440  -130.72972559  -130.72636165   R: 2.5e-04  2.5e-04  2.1e-04  1.2e-04   LinDep: 1.0e-15* 
 Iter:   5 SS: 20   E: -130.73302772  -130.73206445  -130.72972563  -130.72636166   R: 1.0e-04  1.0e-04  9.0e-05  4.1e-05   LinDep: 1.6e-15* 
 Iter:   6 SS: 24   E: -130.73302773  -130.73206446  -130.72972563  -130.72636166   R: 3.1e-05  3.1e-05  3.0e-05  1.7e-05   LinDep: 1.4e-15* 
 Iter:   7 SS: 28   E: -130.73302773* -130.73206446* -130.72972563* -130.72636166*  R: 1.0e-05* 9.7e-06* 8.9e-06* 5.2e-06*  LinDep: 6.7e-16* 
 Diagonalization time:                               0.819881 seconds
 Compute S2 expectation values:                      3.744270 seconds (87.23 M allocations: 1.928 GiB, 42.24% gc time)
  Root       Energy           S2
     1 -130.73302773   0.01290014
     2 -130.73206446   2.00125778
     3 -130.72972563   5.98739721
     4 -130.72636166  11.99856510
 ==================================================================|

 |..................................do batched PT2......................................
 thresh_foi    :1.0e-7
 prescreen     :true
 H0            :Hcmf
 nbody         :4
 Norms of input states:
   1.00000000
   1.00000000
   1.00000000
   1.00000000
 Compute <0|H0|0>:                                   2.081780 seconds (25.66 M allocations: 595.266 MiB, 26.02% gc time)
 Compute <0|H|0>:                                   50.325561 seconds (1.03 G allocations: 21.935 GiB, 42.22% gc time)
 Number of jobs:    824
 Number of threads: 32
   |----------------------------------------------------------------------------------------------------|
   |0%                                                                                              100%|
   |-------------------------------------------------------------------------------------------------------|
 Time spent computing E2        346.5 (s)
  Root         E(0)         E(2)
     1 -130.73302773 -130.73429469
     2 -130.73206446 -130.73318209
     3 -130.72972563 -130.73086404
     4 -130.72636166 -130.72735702
 ......................................................................................|
399.029750 seconds (1.14 G allocations: 29.055 GiB, 6.61% gc time)
  3.556435 seconds (87.17 M allocations: 1.926 GiB, 46.06% gc time)

 |== Tensor Product State CI =======================================
 Hamiltonian matrix dimension =  7914: 
 Build full Hamiltonian matrix with dimension:      22.768846 seconds (307.74 M allocations: 7.296 GiB, 26.13% gc time)
 Now diagonalize
 Iter:   1 SS: 4    E: -130.73255779  -130.73163990  -130.72931594  -130.72603001   R: 5.4e-03  5.0e-03  4.9e-03  4.4e-03   LinDep: 6.7e-16* 
 Iter:   2 SS: 8    E: -130.73258625  -130.73166318  -130.72933704  -130.72604444   R: 2.9e-03  2.6e-03  2.4e-03  1.8e-03   LinDep: 4.4e-16* 
 Iter:   3 SS: 12   E: -130.73259162  -130.73166752  -130.72934066  -130.72604641   R: 8.4e-04  7.8e-04  7.2e-04  4.9e-04   LinDep: 1.2e-15* 
 Iter:   4 SS: 16   E: -130.73259226  -130.73166811  -130.72934116  -130.72604663   R: 2.8e-04  2.8e-04  2.4e-04  1.3e-04   LinDep: 1.1e-15* 
 Iter:   5 SS: 20   E: -130.73259233  -130.73166818  -130.72934122  -130.72604664   R: 1.2e-04  1.2e-04  1.1e-04  4.7e-05   LinDep: 1.6e-15* 
 Iter:   6 SS: 24   E: -130.73259234  -130.73166819  -130.72934123  -130.72604664   R: 3.6e-05  3.6e-05  3.3e-05  1.9e-05   LinDep: 2.9e-15* 
 Iter:   7 SS: 28   E: -130.73259234  -130.73166819  -130.72934123  -130.72604664*  R: 1.1e-05  1.1e-05  1.0e-05  5.8e-06*  LinDep: 2.9e-15* 
 Iter:   8 SS: 32   E: -130.73259234* -130.73166819* -130.72934123* -130.72604664*  R: 3.0e-06* 3.0e-06* 3.0e-06* 2.9e-06*  LinDep: 1.6e-15* 
 Diagonalization time:                               0.491124 seconds
 Compute S2 expectation values:                      2.244363 seconds (47.18 M allocations: 1.043 GiB, 37.28% gc time)
  Root       Energy           S2
     1 -130.73259234   0.01769734
     2 -130.73166819   2.00140659
     3 -130.72934123   5.98266766
     4 -130.72604664  11.99830889
 ==================================================================|

 |..................................do batched PT2......................................
 thresh_foi    :1.0e-7
 prescreen     :true
 H0            :Hcmf
 nbody         :4
 Norms of input states:
   1.00000000
   1.00000000
   1.00000000
   1.00000000
 Compute <0|H0|0>:                                   1.802390 seconds (14.07 M allocations: 328.389 MiB, 14.86% gc time)
 Compute <0|H|0>:                                   25.930566 seconds (548.68 M allocations: 11.726 GiB, 39.02% gc time)
 Number of jobs:    806
 Number of threads: 32
   |----------------------------------------------------------------------------------------------------|
   |0%                                                                                              100%|
   |----------------------------------------------------------------------------------------------------|
 Time spent computing E2        274.3 (s)
  Root         E(0)         E(2)
     1 -130.73259234 -130.73422899
     2 -130.73166819 -130.73312569
     3 -130.72934123 -130.73081204
     4 -130.72604664 -130.72731270
 ......................................................................................|
302.189960 seconds (640.61 M allocations: 17.923 GiB, 5.08% gc time)
  2.843937 seconds (47.43 M allocations: 1.050 GiB, 30.64% gc time)

 |== Tensor Product State CI =======================================
 Hamiltonian matrix dimension =  6105: 
 Build full Hamiltonian matrix with dimension:      14.609757 seconds (189.09 M allocations: 4.465 GiB, 25.47% gc time)
 Now diagonalize
 Iter:   1 SS: 4    E: -130.73215432  -130.73126928  -130.72893640  -130.72571064   R: 6.1e-03  5.7e-03  5.6e-03  4.9e-03   LinDep: 1.1e-16* 
 Iter:   2 SS: 8    E: -130.73219261  -130.73130148  -130.72896460  -130.72572864   R: 3.3e-03  3.0e-03  2.8e-03  2.0e-03   LinDep: 1.0e-15* 
 Iter:   3 SS: 12   E: -130.73219987  -130.73130762  -130.72896952  -130.72573104   R: 9.6e-04  9.1e-04  8.2e-04  5.2e-04   LinDep: 8.9e-16* 
 Iter:   4 SS: 16   E: -130.73220069  -130.73130842  -130.72897019  -130.72573128   R: 3.3e-04  3.2e-04  2.8e-04  1.4e-04   LinDep: 1.2e-15* 
 Iter:   5 SS: 20   E: -130.73220079  -130.73130851  -130.72897026  -130.72573129   R: 1.3e-04  1.3e-04  1.2e-04  4.8e-05   LinDep: 2.9e-15* 
 Iter:   6 SS: 24   E: -130.73220080  -130.73130852  -130.72897027  -130.72573130   R: 3.9e-05  3.8e-05  3.5e-05  1.9e-05   LinDep: 2.4e-15* 
 Iter:   7 SS: 28   E: -130.73220080  -130.73130853  -130.72897027  -130.72573130*  R: 1.2e-05  1.2e-05  1.1e-05  5.9e-06*  LinDep: 3.4e-15* 
 Iter:   8 SS: 32   E: -130.73220080* -130.73130853* -130.72897027* -130.72573130*  R: 3.4e-06* 3.5e-06* 3.5e-06* 3.1e-06*  LinDep: 1.8e-15* 
 Diagonalization time:                               0.308065 seconds
 Compute S2 expectation values:                      2.020253 seconds (29.70 M allocations: 673.721 MiB, 29.28% gc time)
  Root       Energy           S2
     1 -130.73220080   0.02404523
     2 -130.73130853   2.00154531
     3 -130.72897027   5.97633799
     4 -130.72573130  11.99812346
 ==================================================================|

 |..................................do batched PT2......................................
 thresh_foi    :1.0e-7
 prescreen     :true
 H0            :Hcmf
 nbody         :4
 Norms of input states:
   1.00000000
   1.00000000
   1.00000000
   1.00000000
 Compute <0|H0|0>:                                   2.149239 seconds (9.27 M allocations: 220.461 MiB, 7.16% gc time)
 Compute <0|H|0>:                                   17.179210 seconds (337.23 M allocations: 7.206 GiB, 43.56% gc time)
 Number of jobs:    802
 Number of threads: 32
   |----------------------------------------------------------------------------------------------------|
   |0%                                                                                              100%|
   |----------------------------------------------------------------------------------------------------|
 Time spent computing E2        228.1 (s)
  Root         E(0)         E(2)
     1 -130.73220080 -130.73416378
     2 -130.73130853 -130.73306864
     3 -130.72897027 -130.73075673
     4 -130.72573130 -130.72727098
 ......................................................................................|
247.469810 seconds (416.07 M allocations: 12.888 GiB, 4.67% gc time)
