 Remove duplicates
 Number of terms reduced from  2525 to  1105
IDX001:DIM1024:001|002|003|004|005|
IDX002:DIM16384:006|007|008|009|010|011|012|
IDX003:DIM1024:013|014|015|016|017|
IDX004:DIM16777216:018|019|020|021|022|023|024|025|026|027|028|029|
IDX005:DIM1099511627776:030|031|032|033|034|035|036|037|038|039|040|041|042|043|044|045|046|047|048|049|

 |== Tensor Product State CI =======================================
 Hamiltonian matrix dimension = 100425: 
 Build full Hamiltonian matrix with dimension:     1820.217849 seconds (23.81 G allocations: 834.940 GiB, 64.65% gc time, 0.06% compilation time)
 Now diagonalize
 Iter:   1 SS: 6    E: -447.61544635* -447.61481631* -447.61351374* -447.61154566* -447.60888056* -447.60554891*  R: 5.3e-06* 5.0e-06* 4.1e-06* 4.3e-06* 3.9e-06* 5.3e-06*  LinDep: 7.8e-16* 
 Diagonalization time:                              14.064227 seconds
 Compute S2 expectation values:                    370.825608 seconds (7.30 G allocations: 215.929 GiB, 94.09% gc time, 0.13% compilation time)
  Root       Energy           S2
     1 -447.61544635   0.00045115
     2 -447.61481631   2.00018569
     3 -447.61351374   5.99965466
     4 -447.61154566  12.00019521
     5 -447.60888056  19.99990338
     6 -447.60554891  29.99942644
 ==================================================================|

 |..................................do batched PT2......................................
 thresh_foi    :1.0e-8
 prescreen     :true
 H0            :Hcmf
 nbody         :4
 Norms of input states:
   1.00000000
   1.00000000
   1.00000000
   1.00000000
   1.00000000
   1.00000000
 Compute <0|H0|0>:                                  82.552636 seconds (1.71 G allocations: 50.883 GiB, 93.90% gc time)
 Compute <0|H|0>:                                  2898.455572 seconds (45.91 G allocations: 1.312 TiB, 90.11% gc time)
 Number of jobs:    4720
 Number of threads: 64
   |----------------------------------------------------------------------------------------------------|
   |0%                                                                                              100%|
   |----------------------------------------------------------------------------------------------------|
 Time spent computing E2       4214.7 (s)
  Root         E(0)         E(2)
     1 -447.61544635 -447.62921063
     2 -447.61481631 -447.62840410
     3 -447.61351374 -447.62677806
     4 -447.61154566 -447.62431636
     5 -447.60888056 -447.62098765
     6 -447.60554891 -447.61675777
 ......................................................................................|
7198.602292 seconds (50.96 G allocations: 1.644 TiB, 41.59% gc time, 0.14% compilation time)
441.942701 seconds (7.30 G allocations: 216.102 GiB, 90.05% gc time, 0.00% compilation time)
     1 -5356.90942557 -4909.30774350   0.00045115

 |== Tensor Product State CI =======================================
 Hamiltonian matrix dimension = 29116: 
 Build full Hamiltonian matrix with dimension:     167.235532 seconds (2.59 G allocations: 85.869 GiB, 74.78% gc time)
 Now diagonalize
 Iter:   1 SS: 6    E: -447.60767090  -447.60766718  -447.60103557  -447.59954982  -447.59721983  -447.59472371   R: 1.3e-02  1.3e-02  2.4e-02  2.2e-02  2.1e-02  2.0e-02   LinDep: 1.4e-15* 
 Iter:   2 SS: 12   E: -447.60782657  -447.60777523  -447.60155360  -447.59998473  -447.59759601  -447.59501233   R: 5.8e-03  5.8e-03  1.3e-02  1.1e-02  1.0e-02  8.9e-03   LinDep: 3.3e-15* 
 Iter:   3 SS: 18   E: -447.60784206  -447.60779085  -447.60162115  -447.60004541  -447.59764807  -447.59505241   R: 2.0e-03  1.9e-03  3.7e-03  3.4e-03  3.0e-03  2.9e-03   LinDep: 4.0e-15* 
 Iter:   4 SS: 24   E: -447.60784454  -447.60779311  -447.60162883  -447.60005320  -447.59765456  -447.59505730   R: 8.5e-04  8.6e-04  1.4e-03  1.5e-03  1.1e-03  1.1e-03   LinDep: 1.1e-15* 
 Iter:   5 SS: 30   E: -447.60784495  -447.60779350  -447.60162988  -447.60005451  -447.59765548  -447.59505821   R: 3.3e-04  3.2e-04  4.8e-04  6.5e-04  4.7e-04  4.9e-04   LinDep: 2.2e-15* 
 Iter:   6 SS: 36   E: -447.60784502  -447.60779357  -447.60163002  -447.60005479  -447.59765563  -447.59505837   R: 1.4e-04  1.4e-04  1.6e-04  2.8e-04  1.8e-04  1.9e-04   LinDep: 4.6e-15* 
 Iter:   7 SS: 42   E: -447.60784503  -447.60779358  -447.60163004  -447.60005484  -447.59765565  -447.59505840   R: 7.2e-05  7.0e-05  6.9e-05  9.6e-05  6.7e-05  6.9e-05   LinDep: 6.0e-15* 
 Iter:   8 SS: 48   E: -447.60784503  -447.60779358  -447.60163004  -447.60005485  -447.59765566  -447.59505840   R: 4.7e-05  6.0e-05  2.5e-05  3.6e-05  2.8e-05  2.6e-05   LinDep: 7.9e-15* 
 Iter:   9 SS: 54   E: -447.60784503  -447.60779358  -447.60163004* -447.60005485  -447.59765566  -447.59505840*  R: 4.7e-05  4.5e-05  9.3e-06* 1.2e-05  1.1e-05  8.3e-06*  LinDep: 2.9e-15* 
 Iter:  10 SS: 60   E: -447.60784504  -447.60779357  -447.60163004* -447.60005485* -447.59765566* -447.59505840*  R: 4.6e-05  4.2e-05  5.4e-06* 4.7e-06* 4.7e-06* 4.8e-06*  LinDep: 1.9e-15* 
 Iter:  11 SS: 66   E: -447.60784505  -447.60779356  -447.60163004* -447.60005485* -447.59765566* -447.59505840*  R: 4.5e-05  4.1e-05  4.5e-06* 2.2e-06* 2.4e-06* 3.6e-06*  LinDep: 4.9e-15* 
 Iter:  12 SS: 72   E: -447.60784506  -447.60779355  -447.60163004* -447.60005485* -447.59765566* -447.59505840*  R: 4.3e-05  4.0e-05  3.3e-06* 1.4e-06* 2.1e-06* 2.6e-06*  LinDep: 2.2e-16* 
 Iter:  13 SS: 72   E: -447.60784507  -447.60779355  -447.60163004* -447.60005485* -447.59765566* -447.59505840*  R: 4.1e-05  3.9e-05  2.7e-06* 9.9e-07* 1.5e-06* 2.1e-06*  LinDep: 1.1e-15* 
 Iter:  14 SS: 72   E: -447.60784508  -447.60779353  -447.60163004* -447.60005485* -447.59765566* -447.59505840*  R: 4.1e-05  3.9e-05  2.1e-06* 8.7e-07* 1.5e-06* 1.5e-06*  LinDep: 9.4e-14* 
 Iter:  15 SS: 72   E: -447.60784508  -447.60779353  -447.60163004* -447.60005485* -447.59765566* -447.59505840*  R: 4.1e-05  4.0e-05  2.0e-06* 7.3e-07* 1.3e-06* 1.3e-06*  LinDep: 2.2e-13* 
 Iter:  16 SS: 72   E: -447.60784522  -447.60779339  -447.60163004* -447.60005485* -447.59765566* -447.59505840*  R: 4.1e-05  3.9e-05  1.7e-06* 7.6e-07* 1.3e-06* 1.1e-06*  LinDep: 5.0e-13* 
 Iter:  17 SS: 72   E: -447.60784523  -447.60779339  -447.60163004* -447.60005485* -447.59765566* -447.59505840*  R: 4.1e-05  3.8e-05  1.6e-06* 8.0e-07* 1.3e-06* 1.1e-06*  LinDep: 6.4e-13* 
 Iter:  18 SS: 72   E: -447.60784525  -447.60779336  -447.60163004* -447.60005485* -447.59765566* -447.59505840*  R: 4.1e-05  3.8e-05  1.5e-06* 8.3e-07* 1.3e-06* 1.0e-06*  LinDep: 1.1e-11* 
 Iter:  19 SS: 6    E: -447.60782182  -447.60781679  -447.60163004* -447.60005485* -447.59765566* -447.59505840*  R: 3.0e-05  2.9e-05  8.2e-07* 3.5e-07* 5.4e-07* 6.3e-07*  LinDep: 2.2e-16* 
 Iter:  20 SS: 12   E: -447.60782667  -447.60781195  -447.60163004* -447.60005485* -447.59765566* -447.59505840*  R: 1.3e-05  1.3e-05  6.1e-07* 2.7e-07* 3.7e-07* 5.2e-07*  LinDep: 5.3e-15* 
 Iter:  21 SS: 18   E: -447.60782711  -447.60781150  -447.60163004* -447.60005485* -447.59765566* -447.59505840*  R: 1.3e-05  1.4e-05  3.9e-07* 1.8e-07* 3.0e-07* 3.8e-07*  LinDep: 8.9e-16* 
 Iter:  22 SS: 24   E: -447.60782728  -447.60781134  -447.60163004* -447.60005485* -447.59765566* -447.59505840*  R: 1.0e-05  1.0e-05  5.2e-07* 2.3e-07* 4.1e-07* 5.4e-07*  LinDep: 1.3e-15* 
 Iter:  23 SS: 30   E: -447.60782831  -447.60781030  -447.60163004* -447.60005485* -447.59765566* -447.59505840*  R: 1.2e-05  1.2e-05  3.4e-07* 1.4e-07* 3.8e-07* 4.4e-07*  LinDep: 3.8e-15* 
 Iter:  24 SS: 36   E: -447.60782886  -447.60780976  -447.60163004* -447.60005485* -447.59765566* -447.59505840*  R: 1.2e-05  1.2e-05  3.5e-07* 1.3e-07* 4.3e-07* 4.8e-07*  LinDep: 1.2e-15* 
 Iter:  25 SS: 42   E: -447.60783412  -447.60780449  -447.60163004* -447.60005485* -447.59765566* -447.59505840*  R: 1.6e-05  1.6e-05  3.6e-07* 1.8e-07* 5.0e-07* 5.2e-07*  LinDep: 6.9e-15* 
 Iter:  26 SS: 48   E: -447.60783451  -447.60780410  -447.60163004* -447.60005485* -447.59765566* -447.59505840*  R: 1.5e-05  1.5e-05  3.8e-07* 2.6e-07* 5.9e-07* 6.0e-07*  LinDep: 4.7e-15* 
 Iter:  27 SS: 54   E: -447.60783454  -447.60780407  -447.60163004* -447.60005485* -447.59765566* -447.59505840*  R: 1.5e-05  1.5e-05  4.2e-07* 4.2e-07* 6.4e-07* 6.1e-07*  LinDep: 1.8e-15* 
 Iter:  28 SS: 60   E: -447.60783456  -447.60780406  -447.60163004* -447.60005485* -447.59765566* -447.59505840*  R: 1.5e-05  1.5e-05  5.2e-07* 5.5e-07* 7.2e-07* 6.7e-07*  LinDep: 2.0e-15* 
 Iter:  29 SS: 66   E: -447.60783457  -447.60780405  -447.60163004* -447.60005485* -447.59765566* -447.59505840*  R: 1.5e-05  1.5e-05  5.5e-07* 6.3e-07* 7.8e-07* 6.8e-07*  LinDep: 4.4e-15* 
 Iter:  30 SS: 72   E: -447.60783458  -447.60780404  -447.60163004* -447.60005485* -447.59765566* -447.59505840*  R: 1.5e-05  1.5e-05  5.7e-07* 6.3e-07* 8.2e-07* 7.2e-07*  LinDep: 9.5e-15* 
 Iter:  31 SS: 72   E: -447.60783459  -447.60780403  -447.60163004* -447.60005485* -447.59765566* -447.59505840*  R: 1.5e-05  1.5e-05  6.0e-07* 6.9e-07* 8.5e-07* 7.1e-07*  LinDep: 5.6e-15* 
 Iter:  32 SS: 72   E: -447.60783459  -447.60780403  -447.60163004* -447.60005485* -447.59765566* -447.59505840*  R: 1.5e-05  1.5e-05  6.1e-07* 7.4e-07* 8.5e-07* 6.5e-07*  LinDep: 4.3e-14* 
 Iter:  33 SS: 72   E: -447.60783459  -447.60780402  -447.60163004* -447.60005485* -447.59765566* -447.59505840*  R: 1.5e-05  1.5e-05  5.9e-07* 7.9e-07* 9.6e-07* 6.9e-07*  LinDep: 1.0e-12* 
 Iter:  34 SS: 6    E: -447.60782182* -447.60781679* -447.60163004* -447.60005485* -447.59765566* -447.59505840*  R: 4.3e-07* 4.5e-07* 3.5e-08* 1.1e-08* 1.8e-08* 2.9e-08*  LinDep: 8.9e-16* 
 Diagonalization time:                              41.223851 seconds
 Compute S2 expectation values:                     43.390609 seconds (870.77 M allocations: 25.714 GiB, 94.13% gc time)
  Root       Energy           S2
     1 -447.60782182   3.41294045
     2 -447.60781679   3.48681271
     3 -447.60163004   3.01733418
     4 -447.60005485  10.55412576
     5 -447.59765566  19.57010754
     6 -447.59505840  29.94430971
 ==================================================================|

 |..................................do batched PT2......................................
 thresh_foi    :1.0e-8
 prescreen     :true
 H0            :Hcmf
 nbody         :4
 Norms of input states:
   1.00000000
   1.00000000
   1.00000000
   1.00000000
   1.00000000
   1.00000000
 Compute <0|H0|0>:                                   9.489752 seconds (207.40 M allocations: 6.172 GiB, 90.88% gc time)
 Compute <0|H|0>:                                  306.393629 seconds (4.91 G allocations: 142.365 GiB, 88.94% gc time)
 Number of jobs:    4154
 Number of threads: 64
   |----------------------------------------------------------------------------------------------------|
   |0%                                                                                              100%|
   |--------------------------------------------------------------------------------------------------|
 Time spent computing E2       1742.5 (s)
  Root         E(0)         E(2)
     1 -447.60782182 -447.62696714
     2 -447.60781679 -447.62694033
     3 -447.60163004 -447.62612897
     4 -447.60005485 -447.62321671
     5 -447.59765566 -447.61959935
     6 -447.59505840 -447.61540414
 ......................................................................................|
2059.232292 seconds (7.34 G allocations: 372.102 GiB, 24.46% gc time)
 29.137871 seconds (870.85 M allocations: 25.716 GiB, 87.08% gc time)
     1 -5356.90180104 -4909.31312454   3.41294045

 |== Tensor Product State CI =======================================
 Hamiltonian matrix dimension = 22610: 
 Build full Hamiltonian matrix with dimension:      29.381453 seconds (1.58 G allocations: 52.347 GiB, 11.12% gc time)
 Now diagonalize
 Iter:   1 SS: 6    E: -447.60707877  -447.60707287  -447.59777116  -447.59639991  -447.59394389  -447.59107204   R: 3.7e-03  3.7e-03  9.0e-03  8.6e-03  8.9e-03  9.3e-03   LinDep: 1.1e-15* 
 Iter:   2 SS: 12   E: -447.60709128  -447.60707954  -447.59784955  -447.59647160  -447.59401934  -447.59115416   R: 1.6e-03  1.6e-03  4.8e-03  4.6e-03  4.7e-03  4.8e-03   LinDep: 3.1e-15* 
 Iter:   3 SS: 18   E: -447.60709252  -447.60708079  -447.59786063  -447.59648192  -447.59403015  -447.59116578   R: 5.9e-04  5.8e-04  1.3e-03  1.3e-03  1.3e-03  1.3e-03   LinDep: 2.7e-15* 
 Iter:   4 SS: 24   E: -447.60710027  -447.60707351  -447.59786188  -447.59648314  -447.59403138  -447.59116692   R: 2.4e-04  2.4e-04  5.9e-04  5.5e-04  5.9e-04  5.4e-04   LinDep: 6.9e-15* 
 Iter:   5 SS: 30   E: -447.60710061  -447.60707324  -447.59786210  -447.59648332  -447.59403160  -447.59116709   R: 8.0e-05  8.8e-05  2.4e-04  2.2e-04  2.4e-04  2.2e-04   LinDep: 7.5e-15* 
 Iter:   6 SS: 36   E: -447.60710100  -447.60707287  -447.59786214  -447.59648335  -447.59403164  -447.59116713   R: 4.5e-05  4.4e-05  1.0e-04  8.8e-05  8.7e-05  8.0e-05   LinDep: 5.3e-15* 
 Iter:   7 SS: 42   E: -447.60710289  -447.60707097  -447.59786215  -447.59648336  -447.59403164  -447.59116713   R: 3.0e-05  3.2e-05  3.7e-05  3.0e-05  3.2e-05  2.9e-05   LinDep: 7.8e-15* 
 Iter:   8 SS: 48   E: -447.60710534  -447.60706852  -447.59786215  -447.59648336* -447.59403165  -447.59116713   R: 2.4e-05  2.6e-05  1.1e-05  9.8e-06* 1.2e-05  1.2e-05   LinDep: 7.1e-15* 
 Iter:   9 SS: 54   E: -447.60710672  -447.60706714  -447.59786215* -447.59648336* -447.59403165* -447.59116713*  R: 2.2e-05  2.3e-05  3.9e-06* 5.9e-06* 4.7e-06* 3.9e-06*  LinDep: 3.6e-15* 
 Iter:  10 SS: 60   E: -447.60710773  -447.60706614  -447.59786215* -447.59648336* -447.59403165* -447.59116713*  R: 2.2e-05  2.1e-05  2.1e-06* 4.5e-06* 2.4e-06* 2.2e-06*  LinDep: 5.8e-15* 
 Iter:  11 SS: 66   E: -447.60710916  -447.60706470  -447.59786215* -447.59648336* -447.59403165* -447.59116713*  R: 2.1e-05  2.1e-05  1.8e-06* 3.3e-06* 1.8e-06* 1.8e-06*  LinDep: 1.1e-15* 
 Iter:  12 SS: 72   E: -447.60711103  -447.60706283  -447.59786215* -447.59648336* -447.59403165* -447.59116713*  R: 2.3e-05  2.3e-05  1.6e-06* 2.9e-06* 1.5e-06* 1.4e-06*  LinDep: 3.1e-15* 
 Iter:  13 SS: 72   E: -447.60711222  -447.60706165  -447.59786215* -447.59648336* -447.59403165* -447.59116713*  R: 2.4e-05  2.4e-05  1.7e-06* 2.5e-06* 1.3e-06* 1.3e-06*  LinDep: 8.7e-15* 
 Iter:  14 SS: 72   E: -447.60711463  -447.60705923  -447.59786215* -447.59648336* -447.59403165* -447.59116713*  R: 2.8e-05  2.8e-05  1.8e-06* 2.3e-06* 1.3e-06* 1.3e-06*  LinDep: 8.2e-14* 
 Iter:  15 SS: 72   E: -447.60711507  -447.60705879  -447.59786215* -447.59648336* -447.59403165* -447.59116713*  R: 2.9e-05  2.9e-05  1.9e-06* 2.1e-06* 1.2e-06* 1.4e-06*  LinDep: 6.4e-15* 
 Iter:  16 SS: 72   E: -447.60711564  -447.60705822  -447.59786215* -447.59648336* -447.59403165* -447.59116713*  R: 3.0e-05  3.0e-05  1.8e-06* 2.0e-06* 1.2e-06* 1.4e-06*  LinDep: 7.9e-14* 
 Iter:  17 SS: 72   E: -447.60711598  -447.60705788  -447.59786215* -447.59648336* -447.59403165* -447.59116713*  R: 3.1e-05  3.1e-05  1.8e-06* 1.8e-06* 1.3e-06* 1.6e-06*  LinDep: 7.0e-13* 
 Iter:  18 SS: 72   E: -447.60711598  -447.60705788  -447.59786215* -447.59648336* -447.59403165* -447.59116713*  R: 3.1e-05  3.1e-05  1.9e-06* 1.9e-06* 1.5e-06* 1.7e-06*  LinDep: 6.3e-13* 
 Iter:  19 SS: 72   E: -447.60711612  -447.60705774  -447.59786215* -447.59648336* -447.59403165* -447.59116713*  R: 3.1e-05  3.1e-05  2.0e-06* 1.9e-06* 1.6e-06* 1.8e-06*  LinDep: 2.4e-14* 
 Iter:  20 SS: 72   E: -447.60711620  -447.60705766  -447.59786215* -447.59648336* -447.59403165* -447.59116713*  R: 3.1e-05  3.1e-05  2.1e-06* 2.0e-06* 1.7e-06* 1.9e-06*  LinDep: 3.0e-12* 
 Iter:  21 SS: 6    E: -447.60708987* -447.60708399* -447.59786215* -447.59648336* -447.59403165* -447.59116713*  R: 3.5e-06* 4.7e-06* 1.9e-07* 6.5e-07* 2.6e-07* 1.9e-07*  LinDep: 2.2e-16* 
 Diagonalization time:                              20.929219 seconds
 Compute S2 expectation values:                     25.895160 seconds (537.06 M allocations: 15.850 GiB, 93.90% gc time)
  Root       Energy           S2
     1 -447.60708987   3.86613380
     2 -447.60708399   3.86911616
     3 -447.59786215   2.86268650
     4 -447.59648336  10.24259819
     5 -447.59403165  19.27947063
     6 -447.59116713  29.85800942
 ==================================================================|

 |..................................do batched PT2......................................
 thresh_foi    :1.0e-8
 prescreen     :true
 H0            :Hcmf
 nbody         :4
 Norms of input states:
   1.00000000
   1.00000000
   1.00000000
   1.00000000
   1.00000000
   1.00000000
 Compute <0|H0|0>:                                   5.639896 seconds (130.60 M allocations: 3.886 GiB, 91.46% gc time)
 Compute <0|H|0>:                                  180.662803 seconds (2.99 G allocations: 86.823 GiB, 88.23% gc time)
 Number of jobs:    3760
 Number of threads: 64
   |----------------------------------------------------------------------------------------------------|
   |0%                                                                                              100%|
   |--------------------------------------------------------------------------------------------------|
 Time spent computing E2       1370.1 (s)
  Root         E(0)         E(2)
     1 -447.60708987 -447.62670669
     2 -447.60708399 -447.62669467
     3 -447.59786215 -447.62530964
     4 -447.59648336 -447.62250929
     5 -447.59403165 -447.61891431
     6 -447.59116713 -447.61458903
 ......................................................................................|
1557.016430 seconds (5.20 G allocations: 301.000 GiB, 24.45% gc time)
 24.748418 seconds (541.09 M allocations: 15.970 GiB, 60.19% gc time)
     1 -5356.90106909 -4909.31359604   3.86613380

 |== Tensor Product State CI =======================================
 Hamiltonian matrix dimension = 18154: 
 Build full Hamiltonian matrix with dimension:      16.801924 seconds (1.04 G allocations: 34.275 GiB, 4.28% gc time)
 Now diagonalize
 Iter:   1 SS: 6    E: -447.60695472  -447.60694883  -447.59322364  -447.59230973  -447.58978852  -447.58692424   R: 1.6e-03  1.6e-03  1.0e-02  9.6e-03  1.0e-02  1.0e-02   LinDep: 1.1e-15* 
 Iter:   2 SS: 12   E: -447.60696144  -447.60694585  -447.59333893  -447.59240569  -447.58989959  -447.58702988   R: 5.7e-04  5.6e-04  5.6e-03  5.1e-03  5.5e-03  5.3e-03   LinDep: 2.2e-16* 
 Iter:   3 SS: 18   E: -447.60696178  -447.60694585  -447.59335378  -447.59241836  -447.58991427  -447.58704406   R: 1.6e-04  1.5e-04  1.4e-03  1.3e-03  1.3e-03  1.3e-03   LinDep: 0.0e+00* 
 Iter:   4 SS: 24   E: -447.60696345  -447.60694422  -447.59335498  -447.59241943  -447.58991554  -447.58704524   R: 6.3e-05  6.5e-05  4.3e-04  4.2e-04  4.6e-04  5.0e-04   LinDep: 1.1e-15* 
 Iter:   5 SS: 30   E: -447.60696401  -447.60694367  -447.59335510  -447.59241954  -447.58991568  -447.58704537   R: 3.6e-05  3.6e-05  1.6e-04  1.7e-04  1.8e-04  1.8e-04   LinDep: 2.7e-15* 
 Iter:   6 SS: 36   E: -447.60696439  -447.60694328  -447.59335511  -447.59241956  -447.58991570  -447.58704539   R: 2.8e-05  2.7e-05  5.9e-05  6.5e-05  6.6e-05  6.7e-05   LinDep: 4.4e-15* 
 Iter:   7 SS: 42   E: -447.60696908  -447.60693859  -447.59335512  -447.59241956  -447.58991570  -447.58704539   R: 2.5e-05  2.7e-05  2.4e-05  2.2e-05  2.7e-05  2.2e-05   LinDep: 1.1e-15* 
 Iter:   8 SS: 48   E: -447.60696997  -447.60693770  -447.59335512* -447.59241956* -447.58991570  -447.58704540*  R: 2.3e-05  2.3e-05  9.5e-06* 7.9e-06* 1.1e-05  8.5e-06*  LinDep: 1.4e-15* 
 Iter:   9 SS: 54   E: -447.60697095  -447.60693672  -447.59335512* -447.59241956* -447.58991570* -447.58704540*  R: 2.2e-05  2.2e-05  5.4e-06* 5.0e-06* 4.2e-06* 5.3e-06*  LinDep: 1.1e-15* 
 Iter:  10 SS: 60   E: -447.60697098  -447.60693670  -447.59335512* -447.59241956* -447.58991570* -447.58704540*  R: 2.1e-05  2.0e-05  3.9e-06* 4.3e-06* 2.2e-06* 3.8e-06*  LinDep: 4.3e-15* 
 Iter:  11 SS: 66   E: -447.60697125  -447.60693642  -447.59335512* -447.59241956* -447.58991570* -447.58704540*  R: 2.0e-05  1.9e-05  3.0e-06* 3.1e-06* 1.8e-06* 2.6e-06*  LinDep: 2.8e-15* 
 Iter:  12 SS: 72   E: -447.60697233  -447.60693535  -447.59335512* -447.59241956* -447.58991570* -447.58704540*  R: 2.0e-05  1.9e-05  2.1e-06* 1.9e-06* 1.4e-06* 1.9e-06*  LinDep: 4.9e-15* 
 Iter:  13 SS: 72   E: -447.60697252  -447.60693515  -447.59335512* -447.59241956* -447.58991570* -447.58704540*  R: 2.0e-05  2.0e-05  1.5e-06* 1.5e-06* 1.0e-06* 1.4e-06*  LinDep: 8.4e-15* 
 Iter:  14 SS: 72   E: -447.60697254  -447.60693513  -447.59335512* -447.59241956* -447.58991570* -447.58704540*  R: 2.0e-05  2.0e-05  1.4e-06* 1.4e-06* 8.0e-07* 1.2e-06*  LinDep: 2.0e-13* 
 Iter:  15 SS: 72   E: -447.60697261  -447.60693506  -447.59335512* -447.59241956* -447.58991570* -447.58704540*  R: 2.0e-05  2.0e-05  1.0e-06* 1.0e-06* 7.1e-07* 9.8e-07*  LinDep: 2.8e-14* 
 Iter:  16 SS: 72   E: -447.60697261  -447.60693506  -447.59335512* -447.59241956* -447.58991570* -447.58704540*  R: 2.0e-05  2.0e-05  9.3e-07* 9.6e-07* 6.2e-07* 8.7e-07*  LinDep: 2.0e-13* 
 Iter:  17 SS: 72   E: -447.60697263  -447.60693504  -447.59335512* -447.59241956* -447.58991570* -447.58704540*  R: 2.0e-05  2.0e-05  8.8e-07* 8.7e-07* 5.3e-07* 7.2e-07*  LinDep: 1.7e-13* 
 Iter:  18 SS: 72   E: -447.60697369  -447.60693398  -447.59335512* -447.59241956* -447.58991570* -447.58704540*  R: 2.0e-05  2.0e-05  9.1e-07* 9.1e-07* 4.4e-07* 6.6e-07*  LinDep: 2.1e-13* 
 Iter:  19 SS: 72   E: -447.60697373  -447.60693395  -447.59335512* -447.59241956* -447.58991570* -447.58704540*  R: 2.0e-05  2.0e-05  9.8e-07* 9.7e-07* 4.1e-07* 5.8e-07*  LinDep: 2.5e-13* 
 Iter:  20 SS: 72   E: -447.60697458  -447.60693310  -447.59335512* -447.59241956* -447.58991570* -447.58704540*  R: 2.0e-05  2.0e-05  1.0e-06* 1.0e-06* 4.4e-07* 5.4e-07*  LinDep: 4.7e-13* 
 Iter:  21 SS: 72   E: -447.60697493  -447.60693274  -447.59335512* -447.59241956* -447.58991570* -447.58704540*  R: 2.0e-05  2.0e-05  1.1e-06* 1.1e-06* 5.2e-07* 5.1e-07*  LinDep: 9.1e-13* 
 Iter:  22 SS: 72   E: -447.60697505  -447.60693262  -447.59335512* -447.59241956* -447.58991570* -447.58704540*  R: 2.0e-05  2.0e-05  1.1e-06* 1.1e-06* 6.0e-07* 5.4e-07*  LinDep: 1.4e-12* 
 Iter:  23 SS: 6    E: -447.60695679* -447.60695088* -447.59335512* -447.59241956* -447.58991570* -447.58704540*  R: 3.4e-06* 2.6e-06* 2.6e-07* 3.0e-07* 1.7e-07* 3.2e-07*  LinDep: 8.9e-16* 
 Diagonalization time:                              10.461445 seconds
 Compute S2 expectation values:                      2.813801 seconds (349.98 M allocations: 10.322 GiB)
  Root       Energy           S2
     1 -447.60695679   4.14040518
     2 -447.60695088   4.14026387
     3 -447.59335512   3.28534460
     4 -447.59241956  10.15112312
     5 -447.58991570  18.57482111
     6 -447.58704540  29.67970901
 ==================================================================|

 |..................................do batched PT2......................................
 thresh_foi    :1.0e-8
 prescreen     :true
 H0            :Hcmf
 nbody         :4
 Norms of input states:
   1.00000000
   1.00000000
   1.00000000
   1.00000000
   1.00000000
   1.00000000
 Compute <0|H0|0>:                                   0.707443 seconds (88.70 M allocations: 2.639 GiB)
 Compute <0|H|0>:                                   14.626651 seconds (1.96 G allocations: 56.887 GiB)
 Number of jobs:    3642
 Number of threads: 64
   |----------------------------------------------------------------------------------------------------|
   |0%                                                                                              100%|
   |-----------------------------------------------------------------------------------------------------|
 Time spent computing E2       1295.3 (s)
  Root         E(0)         E(2)
     1 -447.60695679 -447.62653701
     2 -447.60695088 -447.62653518
     3 -447.59335512 -447.62413511
     4 -447.59241956 -447.62165626
     5 -447.58991570 -447.61820197
     6 -447.58704540 -447.61368343
 ......................................................................................|
1310.846858 seconds (3.95 G allocations: 256.865 GiB, 29.30% gc time)
  4.094145 seconds (349.66 M allocations: 10.312 GiB, 55.06% gc time)
     1 -5356.90093601 -4909.31355943   4.14040518

 |== Tensor Product State CI =======================================
 Hamiltonian matrix dimension =  5361: 
 Build full Hamiltonian matrix with dimension:       2.359607 seconds (123.51 M allocations: 3.877 GiB)
 Now diagonalize
 Iter:   1 SS: 6    E: -447.59526207  -447.59526114  -447.57539270  -447.57508884  -447.57116401  -447.56882458   R: 2.0e-02  2.0e-02  3.1e-02  3.1e-02  3.4e-02  3.4e-02   LinDep: 2.4e-15* 
 Iter:   2 SS: 12   E: -447.59569540  -447.59568266  -447.57677568  -447.57646705  -447.57283653  -447.57041856   R: 1.2e-02  1.2e-02  2.0e-02  2.0e-02  2.3e-02  2.2e-02   LinDep: 2.7e-15* 
 Iter:   3 SS: 18   E: -447.59575394  -447.59574068  -447.57693514  -447.57662354  -447.57303448  -447.57060204   R: 2.9e-03  2.9e-03  5.7e-03  5.6e-03  6.3e-03  6.1e-03   LinDep: 1.1e-16* 
 Iter:   4 SS: 24   E: -447.59576185  -447.59574293  -447.57695511  -447.57664322  -447.57306093  -447.57062600   R: 1.0e-03  1.0e-03  1.3e-03  1.3e-03  1.3e-03  1.1e-03   LinDep: 4.9e-15* 
 Iter:   5 SS: 30   E: -447.59576322  -447.59574266  -447.57695664  -447.57664474  -447.57306274  -447.57062719   R: 3.5e-04  3.4e-04  4.8e-04  4.8e-04  4.9e-04  3.6e-04   LinDep: 3.3e-16* 
 Iter:   6 SS: 36   E: -447.59576358  -447.59574243  -447.57695680  -447.57664489  -447.57306292  -447.57062728   R: 9.7e-05  1.0e-04  1.3e-04  1.3e-04  1.2e-04  8.4e-05   LinDep: 1.1e-15* 
 Iter:   7 SS: 42   E: -447.59576446  -447.59574158  -447.57695682  -447.57664490  -447.57306293  -447.57062729   R: 4.7e-05  4.7e-05  4.4e-05  4.4e-05  3.4e-05  2.4e-05   LinDep: 8.9e-16* 
 Iter:   8 SS: 48   E: -447.59576501  -447.59574102  -447.57695682  -447.57664490  -447.57306293* -447.57062729*  R: 2.2e-05  2.4e-05  1.3e-05  1.3e-05  9.6e-06* 6.9e-06*  LinDep: 1.8e-15* 
 Iter:   9 SS: 54   E: -447.59576503  -447.59574101  -447.57695682* -447.57664490* -447.57306293* -447.57062729*  R: 1.8e-05  1.8e-05  7.7e-06* 7.8e-06* 4.6e-06* 3.2e-06*  LinDep: 2.2e-16* 
 Iter:  10 SS: 60   E: -447.59576517  -447.59574087  -447.57695682* -447.57664490* -447.57306293* -447.57062729*  R: 1.7e-05  1.7e-05  5.8e-06* 5.8e-06* 3.5e-06* 2.7e-06*  LinDep: 2.1e-15* 
 Iter:  11 SS: 66   E: -447.59576575  -447.59574029  -447.57695682* -447.57664490* -447.57306293* -447.57062729*  R: 1.5e-05  1.5e-05  6.1e-06* 6.1e-06* 2.2e-06* 1.5e-06*  LinDep: 2.4e-15* 
 Iter:  12 SS: 72   E: -447.59576653  -447.59573950  -447.57695682* -447.57664490* -447.57306293* -447.57062729*  R: 1.5e-05  1.5e-05  6.5e-06* 6.5e-06* 1.5e-06* 1.1e-06*  LinDep: 4.2e-15* 
 Iter:  13 SS: 72   E: -447.59576661  -447.59573943  -447.57695682* -447.57664490* -447.57306293* -447.57062729*  R: 1.4e-05  1.4e-05  6.6e-06* 6.6e-06* 1.0e-06* 7.4e-07*  LinDep: 7.5e-15* 
 Iter:  14 SS: 72   E: -447.59576663  -447.59573941  -447.57695683* -447.57664489* -447.57306293* -447.57062729*  R: 1.4e-05  1.4e-05  7.4e-06* 7.4e-06* 8.3e-07* 6.4e-07*  LinDep: 3.8e-13* 
 Iter:  15 SS: 72   E: -447.59576828  -447.59573776  -447.57695683* -447.57664489* -447.57306293* -447.57062729*  R: 1.5e-05  1.5e-05  8.1e-06* 8.1e-06* 7.3e-07* 6.2e-07*  LinDep: 3.7e-13* 
 Iter:  16 SS: 72   E: -447.59577547  -447.59573057  -447.57695683* -447.57664489* -447.57306293* -447.57062729*  R: 2.2e-05  2.2e-05  8.5e-06* 8.5e-06* 7.1e-07* 6.1e-07*  LinDep: 7.0e-14* 
 Iter:  17 SS: 72   E: -447.59577801  -447.59572803  -447.57695683* -447.57664489* -447.57306293* -447.57062729*  R: 2.5e-05  2.5e-05  8.8e-06* 8.8e-06* 7.9e-07* 6.7e-07*  LinDep: 6.4e-12* 
 Iter:  18 SS: 6    E: -447.59575357* -447.59575247* -447.57695703* -447.57664469* -447.57306293* -447.57062729*  R: 3.7e-06* 4.0e-06* 2.1e-07* 2.0e-07* 2.3e-07* 2.4e-07*  LinDep: 8.9e-16* 
 Diagonalization time:                               0.852178 seconds
 Compute S2 expectation values:                      0.272994 seconds (42.41 M allocations: 1.248 GiB)
  Root       Energy           S2
     1 -447.59575357   4.45963056
     2 -447.59575247   4.46656297
     3 -447.57695703   7.55403227
     4 -447.57664469  10.02148060
     5 -447.57306293  14.51022711
     6 -447.57062729  28.97005328
 ==================================================================|

 |..................................do batched PT2......................................
 thresh_foi    :1.0e-8
 prescreen     :true
 H0            :Hcmf
 nbody         :4
 Norms of input states:
   1.00000000
   1.00000000
   1.00000000
   1.00000000
   1.00000000
   1.00000000
 Compute <0|H0|0>:                                   2.156308 seconds (12.84 M allocations: 391.375 MiB)
 Compute <0|H|0>:                                    1.948681 seconds (230.05 M allocations: 6.618 GiB)
 Number of jobs:    3264
 Number of threads: 64
   |----------------------------------------------------------------------------------------------------|
   |0%                                                                                              100%|
   |--------------------------------------------------------------------------------------------------|
 Time spent computing E2        415.3 (s)
  Root         E(0)         E(2)
     1 -447.59575357 -447.62454123
     2 -447.59575247 -447.62453835
     3 -447.57695703 -447.61823871
     4 -447.57664469 -447.61746665
     5 -447.57306293 -447.61491687
     6 -447.57062729 -447.60983342
 ......................................................................................|
419.509841 seconds (1.42 G allocations: 136.883 GiB, 33.96% gc time)
  1.732143 seconds (43.08 M allocations: 1.267 GiB)
     1 -5356.88973279 -4909.32276688   4.45963056

 |== Tensor Product State CI =======================================
 Hamiltonian matrix dimension =  1454: 
 Build full Hamiltonian matrix with dimension:       0.165423 seconds (9.74 M allocations: 305.423 MiB)
 Now diagonalize
 Iter:   1 SS: 6    E: -447.57595941  -447.57595908  -447.56754615  -447.56735878  -447.56359358  -447.56104642   R: 3.4e-02  3.4e-02  1.7e-02  1.8e-02  1.5e-02  1.4e-02   LinDep: 1.8e-15* 
 Iter:   2 SS: 12   E: -447.57770278  -447.57770261  -447.56801810  -447.56783621  -447.56393674  -447.56134853   R: 2.3e-02  2.3e-02  1.1e-02  1.1e-02  9.2e-03  8.5e-03   LinDep: 2.9e-15* 
 Iter:   3 SS: 18   E: -447.57797625  -447.57782593  -447.56807265  -447.56789175  -447.56397520  -447.56138086   R: 6.3e-03  6.3e-03  3.1e-03  3.1e-03  2.4e-03  2.1e-03   LinDep: 2.7e-14* 
 Iter:   4 SS: 24   E: -447.57799844  -447.57784801  -447.56807896  -447.56789814  -447.56397970  -447.56138362   R: 1.2e-03  1.2e-03  6.4e-04  6.4e-04  5.3e-04  3.5e-04   LinDep: 2.4e-14* 
 Iter:   5 SS: 30   E: -447.57799989  -447.57784954  -447.56807940  -447.56789859  -447.56397996  -447.56138373   R: 5.2e-04  5.3e-04  2.0e-04  2.0e-04  1.3e-04  8.7e-05   LinDep: 2.9e-14* 
 Iter:   6 SS: 36   E: -447.57800006  -447.57784975  -447.56807943  -447.56789862  -447.56397997  -447.56138374   R: 1.5e-04  1.9e-04  3.7e-05  3.5e-05  2.2e-05  1.4e-05   LinDep: 2.6e-14* 
 Iter:   7 SS: 42   E: -447.57800007  -447.57784976  -447.56807944* -447.56789862* -447.56397998* -447.56138374*  R: 1.1e-04  1.1e-04  6.9e-06* 7.0e-06* 4.9e-06* 3.5e-06*  LinDep: 2.9e-14* 
 Iter:   8 SS: 48   E: -447.57800007  -447.57784976  -447.56807944* -447.56789862* -447.56397998* -447.56138374*  R: 1.0e-04  1.0e-04  3.6e-06* 3.6e-06* 2.6e-06* 1.7e-06*  LinDep: 2.8e-14* 
 Iter:   9 SS: 54   E: -447.57800007  -447.57784976  -447.56807945* -447.56789861* -447.56397998* -447.56138374*  R: 1.0e-04  1.0e-04  3.8e-06* 3.8e-06* 1.6e-06* 9.8e-07*  LinDep: 2.8e-14* 
 Iter:  10 SS: 60   E: -447.57800007  -447.57784976  -447.56807945* -447.56789860* -447.56397998* -447.56138374*  R: 9.9e-05  1.0e-04  4.5e-06* 4.5e-06* 9.5e-07* 7.3e-07*  LinDep: 2.9e-14* 
 Iter:  11 SS: 66   E: -447.57800007  -447.57784976  -447.56807946* -447.56789860* -447.56397998* -447.56138374*  R: 9.7e-05  9.9e-05  4.1e-06* 4.1e-06* 7.7e-07* 7.0e-07*  LinDep: 3.3e-14* 
 Iter:  12 SS: 72   E: -447.57800007  -447.57784976  -447.56807946* -447.56789860* -447.56397998* -447.56138374*  R: 9.7e-05  9.8e-05  4.1e-06* 4.1e-06* 6.9e-07* 6.4e-07*  LinDep: 2.1e-14* 
 Iter:  13 SS: 72   E: -447.57800008  -447.57784976  -447.56807946* -447.56789860* -447.56397998* -447.56138374*  R: 9.2e-05  9.7e-05  3.6e-06* 3.6e-06* 7.0e-07* 6.5e-07*  LinDep: 2.6e-14* 
 Iter:  14 SS: 72   E: -447.57800008  -447.57784976  -447.56807946* -447.56789859* -447.56397998* -447.56138374*  R: 9.2e-05  9.7e-05  2.5e-06* 2.5e-06* 7.7e-07* 7.2e-07*  LinDep: 3.3e-12* 
 Iter:  15 SS: 6    E: -447.57792500  -447.57792484  -447.56807939* -447.56789866* -447.56397998* -447.56138374*  R: 5.4e-05  5.9e-05  8.8e-08* 8.7e-08* 9.1e-08* 5.9e-08*  LinDep: 6.7e-16* 
 Iter:  16 SS: 12   E: -447.57797119  -447.57787865  -447.56807939* -447.56789866* -447.56397998* -447.56138374*  R: 4.8e-05  4.8e-05  9.8e-08* 9.3e-08* 6.7e-08* 5.3e-08*  LinDep: 1.2e-14* 
 Iter:  17 SS: 18   E: -447.57797119  -447.57787865  -447.56807939* -447.56789866* -447.56397998* -447.56138374*  R: 4.8e-05  4.8e-05  3.6e-07* 3.6e-07* 5.0e-08* 4.8e-08*  LinDep: 1.4e-14* 
 Iter:  18 SS: 24   E: -447.57797119  -447.57787865  -447.56807940* -447.56789866* -447.56397998* -447.56138374*  R: 4.8e-05  4.8e-05  8.4e-07* 8.4e-07* 5.4e-08* 6.1e-08*  LinDep: 7.8e-15* 
 Iter:  19 SS: 30   E: -447.57797119  -447.57787865  -447.56807940* -447.56789865* -447.56397998* -447.56138374*  R: 4.8e-05  4.8e-05  1.7e-06* 1.7e-06* 7.8e-08* 8.1e-08*  LinDep: 9.4e-15* 
 Iter:  20 SS: 36   E: -447.57797119  -447.57787865  -447.56807940* -447.56789865* -447.56397998* -447.56138374*  R: 4.8e-05  4.7e-05  2.2e-06* 2.2e-06* 1.3e-07* 1.1e-07*  LinDep: 1.3e-14* 
 Iter:  21 SS: 42   E: -447.57797120  -447.57787864  -447.56807940* -447.56789865* -447.56397998* -447.56138374*  R: 4.8e-05  4.7e-05  2.7e-06* 2.7e-06* 2.0e-07* 1.7e-07*  LinDep: 9.2e-15* 
 Iter:  22 SS: 48   E: -447.57797121  -447.57787863  -447.56807940* -447.56789865* -447.56397998* -447.56138374*  R: 4.7e-05  4.7e-05  2.8e-06* 2.8e-06* 3.1e-07* 2.5e-07*  LinDep: 1.9e-14* 
 Iter:  23 SS: 54   E: -447.57797122  -447.57787862  -447.56807940* -447.56789865* -447.56397998* -447.56138374*  R: 4.7e-05  4.7e-05  3.3e-06* 3.3e-06* 3.8e-07* 2.9e-07*  LinDep: 1.6e-14* 
 Iter:  24 SS: 60   E: -447.57797124  -447.57787860  -447.56807940* -447.56789865* -447.56397998* -447.56138374*  R: 4.7e-05  4.7e-05  3.7e-06* 3.7e-06* 4.6e-07* 3.5e-07*  LinDep: 1.7e-14* 
 Iter:  25 SS: 66   E: -447.57797124  -447.57787860  -447.56807940* -447.56789865* -447.56397998* -447.56138374*  R: 4.7e-05  4.7e-05  3.5e-06* 3.5e-06* 5.1e-07* 3.7e-07*  LinDep: 1.7e-14* 
 Iter:  26 SS: 72   E: -447.57797124  -447.57787860  -447.56807941* -447.56789865* -447.56397998* -447.56138374*  R: 4.7e-05  4.7e-05  4.0e-06* 4.0e-06* 6.0e-07* 4.5e-07*  LinDep: 1.9e-14* 
 Iter:  27 SS: 72   E: -447.57797124  -447.57787860  -447.56807941* -447.56789865* -447.56397998* -447.56138374*  R: 4.7e-05  4.7e-05  4.2e-06* 4.2e-06* 7.1e-07* 5.5e-07*  LinDep: 1.7e-14* 
 Iter:  28 SS: 72   E: -447.57797124  -447.57787860  -447.56807941* -447.56789865* -447.56397998* -447.56138374*  R: 4.7e-05  4.7e-05  4.6e-06* 4.6e-06* 7.3e-07* 5.4e-07*  LinDep: 9.0e-13* 
 Iter:  29 SS: 72   E: -447.57797125  -447.57787859  -447.56807942* -447.56789864* -447.56397998* -447.56138374*  R: 4.7e-05  4.7e-05  5.8e-06* 5.7e-06* 7.7e-07* 5.7e-07*  LinDep: 6.5e-13* 
 Iter:  30 SS: 72   E: -447.57797127  -447.57787857  -447.56807943* -447.56789862* -447.56397998* -447.56138374*  R: 4.7e-05  4.7e-05  7.6e-06* 7.6e-06* 8.1e-07* 5.7e-07*  LinDep: 2.4e-11* 
 Iter:  31 SS: 6    E: -447.57792500* -447.57792484* -447.56807939* -447.56789866* -447.56397998* -447.56138374*  R: 7.6e-06* 5.7e-06* 2.4e-09* 1.9e-09* 8.8e-10* 1.1e-09*  LinDep: 2.8e-15* 
 Diagonalization time:                               0.193701 seconds
 Compute S2 expectation values:                      0.467219 seconds (3.20 M allocations: 95.792 MiB)
  Root       Energy           S2
     1 -447.57792500   4.14631673
     2 -447.57792484   4.15046985
     3 -447.56807939   8.23541885
     4 -447.56789866  11.12129945
     5 -447.56397998  13.76930875
     6 -447.56138374  28.56736019
 ==================================================================|

 |..................................do batched PT2......................................
 thresh_foi    :1.0e-8
 prescreen     :true
 H0            :Hcmf
 nbody         :4
 Norms of input states:
   1.00000000
   1.00000000
   1.00000000
   1.00000000
   1.00000000
   1.00000000
 Compute <0|H0|0>:                                   0.436769 seconds (1.01 M allocations: 30.895 MiB)
 Compute <0|H|0>:                                    0.224691 seconds (17.57 M allocations: 509.958 MiB)
 Number of jobs:    3142
 Number of threads: 64
   |----------------------------------------------------------------------------------------------------|
   |0%                                                                                              100%|
   |-----------------------------------------------------------------------------------------------------|
 Time spent computing E2        119.2 (s)
┌ Warning: Linear dependency detected. Restarting.
└ @ BlockDavidson ~/.julia/packages/BlockDavidson/HYzYU/src/BlockDavidson.jl:229
┌ Warning: Linear dependency detected. Restarting.
└ @ BlockDavidson ~/.julia/packages/BlockDavidson/HYzYU/src/BlockDavidson.jl:229
┌ Warning: Linear dependency detected. Restarting.
└ @ BlockDavidson ~/.julia/packages/BlockDavidson/HYzYU/src/BlockDavidson.jl:229
┌ Warning: Linear dependency detected. Restarting.
└ @ BlockDavidson ~/.julia/packages/BlockDavidson/HYzYU/src/BlockDavidson.jl:229
┌ Warning: Linear dependency detected. Restarting.
└ @ BlockDavidson ~/.julia/packages/BlockDavidson/HYzYU/src/BlockDavidson.jl:229
┌ Warning: Linear dependency detected. Restarting.
└ @ BlockDavidson ~/.julia/packages/BlockDavidson/HYzYU/src/BlockDavidson.jl:229
┌ Warning: Linear dependency detected. Restarting.
└ @ BlockDavidson ~/.julia/packages/BlockDavidson/HYzYU/src/BlockDavidson.jl:229
  Root         E(0)         E(2)
     1 -447.57792500 -447.61936490
     2 -447.57792484 -447.61936415
     3 -447.56807939 -447.61483010
     4 -447.56789866 -447.61404108
     5 -447.56397998 -447.61216699
     6 -447.56138374 -447.60754653
 ......................................................................................|
119.940375 seconds (608.52 M allocations: 66.902 GiB, 29.60% gc time)
  0.140920 seconds (3.11 M allocations: 92.840 MiB)
     1 -5356.87190422 -4909.33541912   4.14631673
