 Remove duplicates
 Number of terms reduced from  2525 to  1105
IDX001:DIM1024:001|002|003|004|005|
IDX002:DIM16384:006|007|008|009|010|011|012|
IDX003:DIM1024:013|014|015|016|017|
IDX004:DIM16777216:018|019|020|021|022|023|024|025|026|027|028|029|
IDX005:DIM1099511627776:030|031|032|033|034|035|036|037|038|039|040|041|042|043|044|045|046|047|048|049|
FockConfig{5}(((5, 0), (4, 4), (0, 5), (12, 12), (0, 0)))FockConfig{5}(((4, 1), (4, 4), (1, 4), (12, 12), (0, 0)))FockConfig{5}(((3, 2), (4, 4), (2, 3), (12, 12), (0, 0)))FockConfig{5}(((2, 3), (4, 4), (3, 2), (12, 12), (0, 0)))FockConfig{5}(((1, 4), (4, 4), (4, 1), (12, 12), (0, 0)))FockConfig{5}(((0, 5), (4, 4), (5, 0), (12, 12), (0, 0)))
 |== Tensor Product State CI =======================================
 Hamiltonian matrix dimension =     6: 
 Build full Hamiltonian matrix with dimension:       0.540268 seconds (1.05 M allocations: 54.851 MiB, 99.61% compilation time)
 Now diagonalize
 Diagonalization time:                               0.000235 seconds
 Compute S2 expectation values:                      0.462676 seconds (624.34 k allocations: 34.248 MiB, 99.77% compilation time)
  Root       Energy           S2
     1 -447.54043539  30.00000000
     2 -447.53936701  20.00000000
     3 -447.53851231  12.00000000
     4 -447.53787128   6.00000000
     5 -447.53744393   2.00000000
     6 -447.53723025   0.00000000
 ==================================================================|
 ci_vector     : (104636, 6)
 thresh_cipsi  : 0.00035
 thresh_foi    : 1.0e-5
 thresh_asci   : nothing
 thresh_var    : nothing
 thresh_spin   : 0.0005
 max_iter      : 10
 conv_thresh   : 0.0001
 nbody         : 4
 incremental   : true
 ci_conv       : 1.0e-5
 ci_max_iter   : 50
 ci_max_ss_vecs: 12
 ci_lindep_thresh: 1.0e-12
 davidson      : false
 max_mem_ci    : 900
 threaded      : true


 ===================================================================
     Selected CI Iteration:    1 epsilon:   0.00035000
 ===================================================================
 In open_matvec_thread
 Setup threaded jobs:                                0.002948 seconds (11.46 k allocations: 876.891 KiB)
 Number of jobs:    1362
 Number of threads: 64
 Compute matrix-vector:                              9.706003 seconds (32.55 M allocations: 1.141 GiB, 24.20% compilation time)
 Now collect thread results :                        0.019813 seconds (3.24 k allocations: 210.312 KiB, 96.91% compilation time)
 S^2 Residual   0.01803114
 S^2 Residual   0.01246834
 S^2 Residual   0.01477639
 S^2 Residual   0.02652891
 S^2 Residual   0.03263582
 S^2 Residual   0.03320205
 Add spin completing states                       104636 → 106036
 Memory needed to hold full CI matrix:  89.94906637 (Gb) Max allowed: 900.00000000 (Gb)

 |== Tensor Product State CI =======================================
 Hamiltonian matrix dimension = 106036: 
 Build full Hamiltonian matrix with dimension:     1570.530385 seconds (26.03 G allocations: 915.206 GiB, 77.40% gc time, 0.04% compilation time)
 Now diagonalize
 Iter:   1 SS: 6    E: -447.61755477  -447.61692688  -447.61562994  -447.61367369  -447.61102915  -447.60772776   R: 1.2e-02  1.2e-02  1.1e-02  1.4e-02  2.0e-02  1.9e-02   LinDep: 2.6e-15* 
 Iter:   2 SS: 12   E: -447.61760714  -447.61696562  -447.61566681  -447.61373986  -447.61112395  -447.60780857   R: 1.1e-03  9.6e-04  9.8e-04  1.3e-03  1.4e-03  1.4e-03   LinDep: 5.6e-16* 
 Iter:   3 SS: 18   E: -447.61760775  -447.61696604  -447.61566725  -447.61374072  -447.61112496  -447.60780955   R: 2.8e-04  2.4e-04  2.4e-04  3.5e-04  3.9e-04  4.0e-04   LinDep: 1.6e-15* 
 Iter:   4 SS: 24   E: -447.61760779  -447.61696607  -447.61566728  -447.61374078  -447.61112504  -447.60780963   R: 1.0e-04  8.6e-05  8.1e-05  1.3e-04  1.3e-04  1.2e-04   LinDep: 3.0e-15* 
 Iter:   5 SS: 30   E: -447.61760779  -447.61696608  -447.61566728  -447.61374079  -447.61112505  -447.60780964   R: 4.4e-05  3.5e-05  3.5e-05  5.5e-05  5.6e-05  4.8e-05   LinDep: 2.9e-15* 
 Iter:   6 SS: 36   E: -447.61760780  -447.61696608  -447.61566728  -447.61374079  -447.61112505  -447.60780964   R: 2.1e-05  1.6e-05  1.7e-05  2.4e-05  2.4e-05  2.0e-05   LinDep: 1.1e-16* 
 Iter:   7 SS: 42   E: -447.61760780  -447.61696608* -447.61566728* -447.61374079  -447.61112505  -447.60780964*  R: 1.0e-05  7.9e-06* 8.1e-06* 1.2e-05  1.1e-05  9.0e-06*  LinDep: 8.2e-15* 
 Iter:   8 SS: 48   E: -447.61760780* -447.61696608* -447.61566728* -447.61374079* -447.61112505* -447.60780964*  R: 5.1e-06* 5.0e-06* 4.9e-06* 5.1e-06* 4.6e-06* 6.6e-06*  LinDep: 1.1e-16* 
 Diagonalization time:                             132.296410 seconds
 Compute S2 expectation values:                    383.471314 seconds (7.75 G allocations: 229.500 GiB, 94.01% gc time, 0.00% compilation time)
  Root       Energy           S2
     1 -447.61760780   0.00030746
     2 -447.61696608   2.00054398
     3 -447.61566728   6.00011864
     4 -447.61374079  11.99956309
     5 -447.61112505  19.99961644
     6 -447.60780964  29.99983106
 ==================================================================|
 Overlap between old and new eigenvectors:
  0.000  0.000  0.000  0.000  0.000  0.000
  0.000  0.000  0.000  0.000  0.000  0.000
  0.000  0.000  0.000  0.000  0.000  0.000
  0.000  0.000  0.000  0.000  0.000  0.000
  0.000  0.000  0.000  0.000  0.000  0.000
  0.000  0.000  0.000  0.000  0.000  0.000

 Singular values of overlap:
  0.000
  0.000
  0.000
  0.000
  0.000
  0.000
 Norm of new projection:
   1.00000000
   1.00000000
   1.00000000
   1.00000000
   1.00000000
   1.00000000

 In open_matvec_thread
 Setup threaded jobs:                                0.082055 seconds (146.94 k allocations: 10.132 MiB)
 Number of jobs:    4720
 Number of threads: 64
 Compute matrix-vector:                            882.683744 seconds (564.85 M allocations: 21.330 GiB, 4.11% gc time, 0.50% compilation time)
 Now collect thread results :                        0.007941 seconds (9.46 k allocations: 806.906 KiB)
 Length of FOIS vector: 42330602
 Compute diagonal:                                   2.589582 seconds (162.34 k allocations: 338.954 MiB, 69.99% gc time, 4.70% compilation time)


  Root         E(0)         E(2)
     1 -447.61760779 -447.63776804
     2 -447.61696608 -447.63509078
     3 -447.61566728 -447.63419675
     4 -447.61374079 -447.63205837
     5 -447.61112506 -447.62872121
     6 -447.60780964 -447.62404393
 Length of PT1  vector                            42330602 →   1819
 TPSCI Iter 1   Dim: 106036 E(var): -447.61760780 -447.61696608 -447.61566728 -447.61374079 -447.61112505 -447.60780964 


 ===================================================================
     Selected CI Iteration:    2 epsilon:   0.00035000
 ===================================================================
 Add pt vector to current space                   106036 → 107855
 In open_matvec_thread
 Setup threaded jobs:                                0.003187 seconds (11.65 k allocations: 889.266 KiB)
 Number of jobs:    1418
 Number of threads: 64
 Compute matrix-vector:                              7.650687 seconds (26.21 M allocations: 849.056 MiB)
 Now collect thread results :                        0.000911 seconds (2.85 k allocations: 186.234 KiB)
 S^2 Residual   0.01902761
 S^2 Residual   0.01233916
 S^2 Residual   0.01541399
 S^2 Residual   0.02656161
 S^2 Residual   0.03444046
 S^2 Residual   0.02983194
 Add spin completing states                       107855 → 108510
 Memory needed to hold full CI matrix:  94.19536080 (Gb) Max allowed: 900.00000000 (Gb)

 |== Tensor Product State CI =======================================
 Hamiltonian matrix dimension = 108510: 
 Fill old/old Hamiltonian:                         512.448451 seconds (50.93 k allocations: 4.107 MiB, 0.03% compilation time)
 Build old/new Hamiltonian matrix with dimension:   36.598965 seconds (959.54 M allocations: 31.338 GiB, 69.74% gc time)
 Build new/new Hamiltonian matrix with dimension:    0.366544 seconds (18.32 M allocations: 626.593 MiB, 19.25% gc time, 1.87% compilation time)
 Now diagonalize
 Iter:   1 SS: 6    E: -447.61760780  -447.61696608  -447.61566728  -447.61374079  -447.61112506  -447.60780964   R: 3.8e-02  5.2e-02  4.8e-02  3.5e-02  2.3e-02  2.0e-02   LinDep: 2.4e-15* 
 Iter:   2 SS: 12   E: -447.61800831  -447.61759757  -447.61613510  -447.61397406  -447.61124360  -447.60791763   R: 3.0e-03  3.6e-03  2.8e-03  1.9e-03  1.4e-03  1.3e-03   LinDep: 1.8e-15* 
 Iter:   3 SS: 18   E: -447.61801219  -447.61760296  -447.61613826  -447.61397560  -447.61124449  -447.60791850   R: 1.0e-03  1.2e-03  8.5e-04  5.2e-04  3.4e-04  3.3e-04   LinDep: 3.8e-15* 
 Iter:   4 SS: 24   E: -447.61801261  -447.61760355  -447.61613856  -447.61397571  -447.61124455  -447.60791855   R: 3.7e-04  4.3e-04  3.0e-04  1.7e-04  1.2e-04  1.1e-04   LinDep: 3.1e-15* 
 Iter:   5 SS: 30   E: -447.61801269  -447.61760366  -447.61613861  -447.61397573  -447.61124456  -447.60791856   R: 1.7e-04  2.0e-04  1.4e-04  8.0e-05  5.6e-05  4.6e-05   LinDep: 5.8e-15* 
 Iter:   6 SS: 36   E: -447.61801270  -447.61760368  -447.61613862  -447.61397573  -447.61124456  -447.60791856   R: 6.7e-05  7.9e-05  5.6e-05  3.2e-05  2.8e-05  2.3e-05   LinDep: 4.9e-15* 
 Iter:   7 SS: 42   E: -447.61801270  -447.61760368  -447.61613862  -447.61397573  -447.61124456  -447.60791856   R: 3.0e-05  3.5e-05  2.5e-05  1.4e-05  1.2e-05  1.1e-05   LinDep: 7.8e-15* 
 Iter:   8 SS: 48   E: -447.61801271  -447.61760368  -447.61613862  -447.61397573* -447.61124456* -447.60791856*  R: 1.2e-05  1.4e-05  1.0e-05  5.8e-06* 4.5e-06* 4.3e-06*  LinDep: 6.7e-16* 
 Iter:   9 SS: 54   E: -447.61801271* -447.61760368* -447.61613862* -447.61397573* -447.61124456* -447.60791856*  R: 5.8e-06* 6.6e-06* 4.6e-06* 3.5e-06* 3.0e-06* 2.7e-06*  LinDep: 4.2e-15* 
 Diagonalization time:                             153.686194 seconds
 Compute S2 expectation values:                    389.458430 seconds (7.97 G allocations: 235.986 GiB, 93.52% gc time)
  Root       Energy           S2
     1 -447.61801271   0.17740541
     2 -447.61760368   2.06405195
     3 -447.61613862   5.83491799
     4 -447.61397573  11.93509117
     5 -447.61124456  19.98969464
     6 -447.60791856  29.99889893
 ==================================================================|
 Overlap between old and new eigenvectors:
  0.985  0.032 -0.170  0.001 -0.018 -0.000
 -0.031  0.996  0.008 -0.087  0.001 -0.006
 -0.170  0.002 -0.985 -0.003  0.022 -0.000
  0.004 -0.087  0.002 -0.996 -0.001  0.001
 -0.021  0.000 -0.019  0.001 -1.000  0.000
  0.000 -0.006  0.000 -0.000 -0.000 -1.000

 Singular values of overlap:
  1.000
  1.000
  1.000
  1.000
  1.000
  1.000
 Norm of new projection:
   0.01219724
   0.01433238
   0.01140473
   0.00807500
   0.00626891
   0.00626253

 In open_matvec_thread
 Setup threaded jobs:                                0.082114 seconds (148.00 k allocations: 10.217 MiB)
 Number of jobs:    4720
 Number of threads: 64
 Compute matrix-vector:                            147.060564 seconds (470.22 M allocations: 15.445 GiB)
 Now collect thread results :                        0.002298 seconds (9.46 k allocations: 806.906 KiB)
 Length of FOIS vector: 42721553
 Compute diagonal:                                   0.618952 seconds (47.20 k allocations: 335.699 MiB)


  Root         E(0)         E(2)
     1 -447.61801269 -447.63700838
     2 -447.61760369 -447.63484539
     3 -447.61613863 -447.63493954
     4 -447.61397573 -447.63232515
     5 -447.61124456 -447.62877401
     6 -447.60791856 -447.62405790
 Length of PT1  vector                            42721553 →    934
 TPSCI Iter 2   Dim: 108510 E(var): -447.61801271 -447.61760368 -447.61613862 -447.61397573 -447.61124456 -447.60791856 


 ===================================================================
     Selected CI Iteration:    3 epsilon:   0.00035000
 ===================================================================
 Add pt vector to current space                   108510 → 109444
 In open_matvec_thread
 Setup threaded jobs:                                0.003047 seconds (11.65 k allocations: 889.266 KiB)
 Number of jobs:    1418
 Number of threads: 64
 Compute matrix-vector:                              7.778341 seconds (26.58 M allocations: 861.422 MiB)
 Now collect thread results :                        0.000865 seconds (2.85 k allocations: 186.234 KiB)
 S^2 Residual   0.01922041
 S^2 Residual   0.01506179
 S^2 Residual   0.02081827
 S^2 Residual   0.03226166
 S^2 Residual   0.03619308
 S^2 Residual   0.03530555
 Add spin completing states                       109444 → 113584
 Memory needed to hold full CI matrix: 103.21060045 (Gb) Max allowed: 900.00000000 (Gb)

 |== Tensor Product State CI =======================================
 Hamiltonian matrix dimension = 113584: 
 Fill old/old Hamiltonian:                         632.045545 seconds (6 allocations: 1.656 MiB)
 Build old/new Hamiltonian matrix with dimension:  143.577509 seconds (2.13 G allocations: 69.519 GiB, 82.83% gc time)
 Build new/new Hamiltonian matrix with dimension:    2.424249 seconds (62.16 M allocations: 2.167 GiB, 57.43% gc time)
 Now diagonalize
 Iter:   1 SS: 6    E: -447.61801268  -447.61760370  -447.61613863  -447.61397572  -447.61124456  -447.60791856   R: 4.9e-02  5.3e-02  4.1e-02  5.1e-02  4.7e-02  2.9e-02   LinDep: 1.1e-15* 
 Iter:   2 SS: 12   E: -447.61854455  -447.61813238  -447.61647915  -447.61453763  -447.61168670  -447.60810010   R: 3.3e-03  3.1e-03  2.6e-03  3.2e-03  2.6e-03  1.8e-03   LinDep: 1.1e-16* 
 Iter:   3 SS: 18   E: -447.61854865  -447.61813590  -447.61648182  -447.61454170  -447.61168923  -447.60810133   R: 9.7e-04  8.6e-04  7.7e-04  9.9e-04  6.7e-04  4.3e-04   LinDep: 2.6e-15* 
 Iter:   4 SS: 24   E: -447.61854901  -447.61813618  -447.61648207  -447.61454210  -447.61168941  -447.60810141   R: 3.4e-04  2.9e-04  2.9e-04  3.7e-04  2.3e-04  1.5e-04   LinDep: 2.4e-15* 
 Iter:   5 SS: 30   E: -447.61854908  -447.61813623  -447.61648212  -447.61454219  -447.61168944  -447.60810142   R: 1.7e-04  1.4e-04  1.5e-04  1.8e-04  1.1e-04  6.2e-05   LinDep: 1.2e-14* 
 Iter:   6 SS: 36   E: -447.61854909  -447.61813625  -447.61648213  -447.61454221  -447.61168945  -447.60810142   R: 7.6e-05  6.5e-05  7.2e-05  8.4e-05  5.2e-05  2.9e-05   LinDep: 5.0e-15* 
 Iter:   7 SS: 42   E: -447.61854910  -447.61813625  -447.61648213  -447.61454221  -447.61168945  -447.60810142   R: 3.3e-05  2.7e-05  3.3e-05  3.8e-05  2.5e-05  1.3e-05   LinDep: 6.9e-15* 
 Iter:   8 SS: 48   E: -447.61854910  -447.61813625  -447.61648214  -447.61454221  -447.61168945  -447.60810142*  R: 1.3e-05  1.1e-05  1.2e-05  1.5e-05  1.0e-05  5.0e-06*  LinDep: 1.8e-15* 
 Iter:   9 SS: 54   E: -447.61854910* -447.61813625* -447.61648214* -447.61454221* -447.61168945* -447.60810142*  R: 5.4e-06* 4.6e-06* 5.2e-06* 6.4e-06* 4.2e-06* 3.4e-06*  LinDep: 5.3e-15* 
 Diagonalization time:                             177.079693 seconds
 Compute S2 expectation values:                    426.124464 seconds (8.47 G allocations: 250.756 GiB, 93.74% gc time)
  Root       Energy           S2
     1 -447.61854910   0.38244541
     2 -447.61813625   1.91536641
     3 -447.61648214   5.79682774
     4 -447.61454221  11.97037184
     5 -447.61168945  19.94891206
     6 -447.60810142  29.98648505
 ==================================================================|
 Overlap between old and new eigenvectors:
 -0.962  0.268  0.031 -0.016 -0.029 -0.001
 -0.266 -0.962  0.063  0.019  0.005  0.007
 -0.047 -0.052 -0.996 -0.025  0.041 -0.001
 -0.012  0.021 -0.025  0.999  0.004 -0.028
  0.024 -0.014 -0.042  0.003 -0.999  0.000
  0.000  0.008 -0.002  0.028  0.000  1.000

 Singular values of overlap:
  1.000
  1.000
  1.000
  1.000
  1.000
  1.000
 Norm of new projection:
   0.01276851
   0.01192670
   0.01017112
   0.01292668
   0.01102195
   0.00743877

 In open_matvec_thread
 Setup threaded jobs:                                0.084410 seconds (152.05 k allocations: 10.490 MiB)
 Number of jobs:    4732
 Number of threads: 64
 Compute matrix-vector:                            162.678269 seconds (493.30 M allocations: 16.249 GiB)
 Now collect thread results :                        0.002488 seconds (9.48 k allocations: 807.656 KiB)
 Length of FOIS vector: 43455014
 Compute diagonal:                                   0.668468 seconds (47.32 k allocations: 341.312 MiB)


  Root         E(0)         E(2)
     1 -447.61854910 -447.63672566
     2 -447.61813624 -447.63511983
     3 -447.61648214 -447.63506526
     4 -447.61454221 -447.63231551
     5 -447.61168946 -447.62887880
     6 -447.60810142 -447.62409781
 Length of PT1  vector                            43455014 →   1456
 TPSCI Iter 3   Dim: 113584 E(var): -447.61854910 -447.61813625 -447.61648214 -447.61454221 -447.61168945 -447.60810142 


 ===================================================================
     Selected CI Iteration:    4 epsilon:   0.00035000
 ===================================================================
 Add pt vector to current space                   113584 → 115040
 In open_matvec_thread
 Setup threaded jobs:                                0.003314 seconds (12.10 k allocations: 916.766 KiB)
 Number of jobs:    1482
 Number of threads: 64
 Compute matrix-vector:                              8.101123 seconds (27.95 M allocations: 904.877 MiB)
 Now collect thread results :                        0.000848 seconds (2.98 k allocations: 190.234 KiB)
 S^2 Residual   0.02192693
 S^2 Residual   0.01528069
 S^2 Residual   0.02660049
 S^2 Residual   0.03704302
 S^2 Residual   0.04693316
 S^2 Residual   0.03863612
 Add spin completing states                       115040 → 120304
 Memory needed to hold full CI matrix: 115.78441933 (Gb) Max allowed: 900.00000000 (Gb)

 |== Tensor Product State CI =======================================
 Hamiltonian matrix dimension = 120304: 
 Fill old/old Hamiltonian:                         548.347648 seconds (6 allocations: 1.733 MiB)
 Build old/new Hamiltonian matrix with dimension:  196.320354 seconds (2.75 G allocations: 90.670 GiB, 83.70% gc time)
 Build new/new Hamiltonian matrix with dimension:    7.590217 seconds (83.63 M allocations: 3.081 GiB, 80.84% gc time)
 Now diagonalize
 Iter:   1 SS: 6    E: -447.61854910  -447.61813623  -447.61648215  -447.61454221  -447.61168946  -447.60810142   R: 5.2e-02  6.1e-02  5.7e-02  5.3e-02  5.1e-02  4.8e-02   LinDep: 1.3e-15* 
 Iter:   2 SS: 12   E: -447.61920215  -447.61881006  -447.61709987  -447.61506622  -447.61218356  -447.60852751   R: 4.1e-03  3.6e-03  3.5e-03  3.1e-03  3.0e-03  2.4e-03   LinDep: 2.0e-15* 
 Iter:   3 SS: 18   E: -447.61920831  -447.61881461  -447.61710432  -447.61506947  -447.61218667  -447.60852928   R: 1.3e-03  1.0e-03  1.1e-03  7.6e-04  7.8e-04  4.9e-04   LinDep: 1.3e-15* 
 Iter:   4 SS: 24   E: -447.61920892  -447.61881501  -447.61710474  -447.61506970  -447.61218693  -447.60852937   R: 4.6e-04  3.7e-04  3.9e-04  2.6e-04  3.0e-04  1.7e-04   LinDep: 6.7e-16* 
 Iter:   5 SS: 30   E: -447.61920903  -447.61881508  -447.61710482  -447.61506974  -447.61218699  -447.60852939   R: 2.1e-04  1.6e-04  1.9e-04  1.2e-04  1.5e-04  7.5e-05   LinDep: 2.9e-15* 
 Iter:   6 SS: 36   E: -447.61920906  -447.61881509  -447.61710484  -447.61506974  -447.61218700  -447.60852939   R: 8.4e-05  6.7e-05  7.9e-05  5.8e-05  7.4e-05  3.4e-05   LinDep: 8.9e-16* 
 Iter:   7 SS: 42   E: -447.61920906  -447.61881510  -447.61710484  -447.61506975  -447.61218700  -447.60852939   R: 3.7e-05  3.0e-05  3.4e-05  2.5e-05  3.3e-05  1.3e-05   LinDep: 6.7e-16* 
 Iter:   8 SS: 48   E: -447.61920906  -447.61881510  -447.61710484  -447.61506975* -447.61218700  -447.60852939*  R: 1.5e-05  1.1e-05  1.3e-05  9.7e-06* 1.3e-05  5.2e-06*  LinDep: 1.1e-15* 
 Iter:   9 SS: 54   E: -447.61920906* -447.61881510* -447.61710484* -447.61506975* -447.61218700* -447.60852939*  R: 6.4e-06* 5.0e-06* 5.7e-06* 7.2e-06* 5.9e-06* 3.9e-06*  LinDep: 4.4e-15* 
 Diagonalization time:                             205.852594 seconds
 Compute S2 expectation values:                    460.266078 seconds (9.13 G allocations: 270.328 GiB, 93.64% gc time)
  Root       Energy           S2
     1 -447.61920906   0.52742978
     2 -447.61881510   1.89388939
     3 -447.61710484   5.70350884
     4 -447.61506975  11.94211807
     5 -447.61218700  19.94853960
     6 -447.60852939  29.98487931
 ==================================================================|
 Overlap between old and new eigenvectors:
  0.866 -0.498 -0.001  0.038  0.004 -0.005
 -0.492 -0.859 -0.133 -0.028 -0.020  0.003
  0.064  0.115 -0.991  0.032 -0.001  0.001
  0.049  0.009 -0.028 -0.998 -0.020 -0.000
  0.012  0.015  0.004  0.021 -0.999  0.009
  0.005 -0.000  0.002 -0.000  0.009  1.000

 Singular values of overlap:
  1.000
  1.000
  1.000
  1.000
  1.000
  1.000
 Norm of new projection:
   0.01488152
   0.01303730
   0.01308249
   0.01172395
   0.01146635
   0.01030007

 In open_matvec_thread
 Setup threaded jobs:                                0.086883 seconds (154.96 k allocations: 10.683 MiB)
 Number of jobs:    4736
 Number of threads: 64
 Compute matrix-vector:                            173.471568 seconds (522.11 M allocations: 17.186 GiB)
 Now collect thread results :                        0.002602 seconds (9.49 k allocations: 807.906 KiB)
 Length of FOIS vector: 44258352
 Compute diagonal:                                   0.635574 seconds (47.36 k allocations: 347.446 MiB)


  Root         E(0)         E(2)
     1 -447.61920901 -447.63653824
     2 -447.61881516 -447.63520174
     3 -447.61710484 -447.63530524
     4 -447.61506974 -447.63243892
     5 -447.61218700 -447.62893960
     6 -447.60852939 -447.62412490
 Length of PT1  vector                            44258352 →    961
 TPSCI Iter 4   Dim: 120304 E(var): -447.61920906 -447.61881510 -447.61710484 -447.61506975 -447.61218700 -447.60852939 


 ===================================================================
     Selected CI Iteration:    5 epsilon:   0.00035000
 ===================================================================
 Add pt vector to current space                   120304 → 121265
 In open_matvec_thread
 Setup threaded jobs:                                0.003171 seconds (12.37 k allocations: 931.578 KiB)
 Number of jobs:    1498
 Number of threads: 64
 Compute matrix-vector:                              8.556641 seconds (29.52 M allocations: 954.636 MiB)
 Now collect thread results :                        0.000861 seconds (3.01 k allocations: 191.234 KiB)
 S^2 Residual   0.02098078
 S^2 Residual   0.01581954
 S^2 Residual   0.02814342
 S^2 Residual   0.03784040
 S^2 Residual   0.04566659
 S^2 Residual   0.04224938
 Add spin completing states                       121265 → 127617
 Memory needed to hold full CI matrix: 130.28878951 (Gb) Max allowed: 900.00000000 (Gb)

 |== Tensor Product State CI =======================================
 Hamiltonian matrix dimension = 127617: 
 Fill old/old Hamiltonian:                         824.940221 seconds (6 allocations: 1.836 MiB)
 Build old/new Hamiltonian matrix with dimension:  198.160415 seconds (3.14 G allocations: 103.637 GiB, 79.75% gc time)
 Build new/new Hamiltonian matrix with dimension:    8.426852 seconds (99.09 M allocations: 3.657 GiB, 75.63% gc time)
 Now diagonalize
 Iter:   1 SS: 6    E: -447.61920896  -447.61881522  -447.61710483  -447.61506974  -447.61218701  -447.60852939   R: 4.6e-02  4.8e-02  5.1e-02  5.4e-02  5.5e-02  5.2e-02   LinDep: 2.4e-15* 
 Iter:   2 SS: 12   E: -447.61967918  -447.61927191  -447.61760227  -447.61563206  -447.61271307  -447.60898561   R: 3.4e-03  3.3e-03  3.2e-03  3.4e-03  3.1e-03  2.6e-03   LinDep: 3.4e-15* 
 Iter:   3 SS: 18   E: -447.61968331  -447.61927581  -447.61760590  -447.61563614  -447.61271616  -447.60898762   R: 1.0e-03  9.8e-04  9.1e-04  9.7e-04  7.1e-04  5.1e-04   LinDep: 1.8e-15* 
 Iter:   4 SS: 24   E: -447.61968367  -447.61927614  -447.61760620  -447.61563649  -447.61271636  -447.60898772   R: 3.6e-04  3.4e-04  3.2e-04  3.6e-04  2.6e-04  1.9e-04   LinDep: 7.1e-15* 
 Iter:   5 SS: 30   E: -447.61968374  -447.61927620  -447.61760625  -447.61563655  -447.61271639  -447.60898774   R: 1.5e-04  1.4e-04  1.5e-04  1.6e-04  1.1e-04  7.6e-05   LinDep: 2.7e-15* 
 Iter:   6 SS: 36   E: -447.61968375  -447.61927621  -447.61760626  -447.61563657  -447.61271640  -447.60898774   R: 6.4e-05  5.8e-05  6.4e-05  7.4e-05  6.0e-05  3.6e-05   LinDep: 1.0e-14* 
 Iter:   7 SS: 42   E: -447.61968375  -447.61927621  -447.61760626  -447.61563657  -447.61271640  -447.60898774   R: 2.8e-05  2.5e-05  2.9e-05  3.4e-05  2.8e-05  1.6e-05   LinDep: 1.2e-14* 
 Iter:   8 SS: 48   E: -447.61968375  -447.61927621* -447.61760626  -447.61563657  -447.61271640  -447.60898774*  R: 1.1e-05  9.9e-06* 1.1e-05  1.2e-05  1.0e-05  6.3e-06*  LinDep: 1.4e-14* 
 Iter:   9 SS: 54   E: -447.61968375* -447.61927621* -447.61760626* -447.61563657* -447.61271640* -447.60898774*  R: 4.8e-06* 6.8e-06* 4.9e-06* 5.4e-06* 4.7e-06* 4.4e-06*  LinDep: 1.2e-14* 
 Diagonalization time:                             244.202498 seconds
 Compute S2 expectation values:                    521.878044 seconds (9.87 G allocations: 292.312 GiB, 93.50% gc time)
  Root       Energy           S2
     1 -447.61968375   0.20643823
     2 -447.61927621   2.03023574
     3 -447.61760626   5.85231855
     4 -447.61563657  11.99877409
     5 -447.61271640  19.93404351
     6 -447.60898774  29.97860697
 ==================================================================|
 Overlap between old and new eigenvectors:
 -0.971 -0.220 -0.076 -0.054 -0.013 -0.011
  0.227 -0.970 -0.078 -0.016 -0.019  0.002
 -0.056 -0.093  0.994 -0.001 -0.003 -0.013
 -0.048 -0.026 -0.004  0.996 -0.068 -0.003
 -0.012 -0.024  0.000  0.066  0.997 -0.006
  0.012  0.002 -0.012 -0.003 -0.006 -1.000

 Singular values of overlap:
  1.000
  1.000
  1.000
  1.000
  1.000
  1.000
 Norm of new projection:
   0.01209229
   0.01161319
   0.01149069
   0.01244071
   0.01142235
   0.01024198

 In open_matvec_thread
 Setup threaded jobs:                                0.087600 seconds (155.62 k allocations: 10.718 MiB)
 Number of jobs:    4736
 Number of threads: 64
 Compute matrix-vector:                            175.366372 seconds (552.06 M allocations: 18.065 GiB)
 Now collect thread results :                        0.002462 seconds (9.49 k allocations: 807.906 KiB)
 Length of FOIS vector: 45017175
 Compute diagonal:                                   0.729140 seconds (47.36 k allocations: 353.236 MiB)


  Root         E(0)         E(2)
     1 -447.61968380 -447.63716065
     2 -447.61927617 -447.63506011
     3 -447.61760626 -447.63511029
     4 -447.61563657 -447.63243755
     5 -447.61271640 -447.62901568
     6 -447.60898774 -447.62417292
 Length of PT1  vector                            45017175 →     55
 TPSCI Iter 5   Dim: 127617 E(var): -447.61968375 -447.61927621 -447.61760626 -447.61563657 -447.61271640 -447.60898774 


 ===================================================================
     Selected CI Iteration:    6 epsilon:   0.00035000
 ===================================================================
 Add pt vector to current space                   127617 → 127672
 In open_matvec_thread
 Setup threaded jobs:                                0.003301 seconds (12.43 k allocations: 934.828 KiB)
 Number of jobs:    1498
 Number of threads: 64
 Compute matrix-vector:                              9.007156 seconds (31.17 M allocations: 1006.558 MiB)
 Now collect thread results :                        0.000967 seconds (3.01 k allocations: 191.234 KiB)
 S^2 Residual   0.02523431
 S^2 Residual   0.01706559
 S^2 Residual   0.03082463
 S^2 Residual   0.04016627
 S^2 Residual   0.04948871
 S^2 Residual   0.04831320
 Add spin completing states                       127672 → 133737
 Memory needed to hold full CI matrix: 143.08468135 (Gb) Max allowed: 900.00000000 (Gb)

 |== Tensor Product State CI =======================================
 Hamiltonian matrix dimension = 133737: 
 Fill old/old Hamiltonian:                         1066.994225 seconds (6 allocations: 1.948 MiB)
 Build old/new Hamiltonian matrix with dimension:  194.963414 seconds (2.83 G allocations: 93.297 GiB, 80.64% gc time)
 Build new/new Hamiltonian matrix with dimension:    7.807283 seconds (82.14 M allocations: 2.928 GiB, 82.75% gc time)
 Now diagonalize
 Iter:   1 SS: 6    E: -447.61968384  -447.61927613  -447.61760625  -447.61563657  -447.61271640  -447.60898774   R: 3.5e-02  2.3e-02  4.2e-02  3.9e-02  4.7e-02  5.3e-02   LinDep: 1.8e-15* 
 Iter:   2 SS: 12   E: -447.61996958  -447.61938728  -447.61792716  -447.61594060  -447.61312475  -447.60945878   R: 2.7e-03  1.6e-03  2.6e-03  2.6e-03  2.8e-03  2.8e-03   LinDep: 4.4e-15* 
 Iter:   3 SS: 18   E: -447.61997218  -447.61938824  -447.61792952  -447.61594291  -447.61312750  -447.60946099   R: 8.1e-04  4.3e-04  7.7e-04  7.2e-04  7.5e-04  5.0e-04   LinDep: 2.4e-15* 
 Iter:   4 SS: 24   E: -447.61997241  -447.61938830  -447.61792973  -447.61594309  -447.61312772  -447.60946109   R: 2.8e-04  1.5e-04  2.7e-04  2.5e-04  2.8e-04  1.7e-04   LinDep: 3.1e-15* 
 Iter:   5 SS: 30   E: -447.61997244  -447.61938832  -447.61792977  -447.61594312  -447.61312776  -447.60946110   R: 1.2e-04  6.2e-05  1.2e-04  1.1e-04  1.3e-04  6.6e-05   LinDep: 6.7e-15* 
 Iter:   6 SS: 36   E: -447.61997245  -447.61938832  -447.61792978  -447.61594313  -447.61312777  -447.60946110   R: 4.7e-05  2.9e-05  5.0e-05  4.8e-05  6.6e-05  3.1e-05   LinDep: 6.7e-16* 
 Iter:   7 SS: 42   E: -447.61997245  -447.61938832  -447.61792978  -447.61594313  -447.61312777  -447.60946110   R: 2.1e-05  1.3e-05  2.3e-05  2.3e-05  3.2e-05  1.4e-05   LinDep: 2.0e-15* 
 Iter:   8 SS: 48   E: -447.61997245* -447.61938832* -447.61792978* -447.61594313* -447.61312777  -447.60946110*  R: 9.0e-06* 5.8e-06* 9.4e-06* 9.1e-06* 1.2e-05  5.8e-06*  LinDep: 2.1e-15* 
 Iter:   9 SS: 54   E: -447.61997245* -447.61938832* -447.61792978* -447.61594313* -447.61312777* -447.60946110*  R: 7.0e-06* 4.4e-06* 6.9e-06* 6.6e-06* 4.8e-06* 4.1e-06*  LinDep: 2.7e-15* 
 Diagonalization time:                             243.689666 seconds
 Compute S2 expectation values:                    551.301549 seconds (10.54 G allocations: 312.079 GiB, 94.41% gc time)
  Root       Energy           S2
     1 -447.61997245   0.02432543
     2 -447.61938832   2.00109119
     3 -447.61792978   5.99137760
     4 -447.61594313  12.00511825
     5 -447.61312777  19.99169889
     6 -447.60946110  29.98662561
 ==================================================================|
 Overlap between old and new eigenvectors:
  0.988 -0.082  0.129  0.008  0.004 -0.014
 -0.082 -0.995 -0.002 -0.046  0.014 -0.000
 -0.128  0.008  0.991  0.006 -0.034  0.021
  0.012  0.044  0.005 -0.997 -0.062  0.013
  0.006 -0.017 -0.033  0.061 -0.997 -0.023
  0.016 -0.002 -0.020  0.014 -0.021  0.999

 Singular values of overlap:
  1.000
  1.000
  1.000
  1.000
  1.000
  1.000
 Norm of new projection:
   0.00966786
   0.00587934
   0.00916251
   0.00933409
   0.01035321
   0.01055023

 In open_matvec_thread
 Setup threaded jobs:                                0.087828 seconds (156.03 k allocations: 10.737 MiB)
 Number of jobs:    4736
 Number of threads: 64
 Compute matrix-vector:                            225.973309 seconds (577.44 M allocations: 18.761 GiB, 20.79% gc time)
 Now collect thread results :                        0.002502 seconds (9.49 k allocations: 807.906 KiB)
 Length of FOIS vector: 45634535
 Compute diagonal:                                   0.663365 seconds (47.36 k allocations: 357.946 MiB)


  Root         E(0)         E(2)
     1 -447.61997240 -447.63785629
     2 -447.61938836 -447.63523251
     3 -447.61792979 -447.63463021
     4 -447.61594313 -447.63237377
     5 -447.61312777 -447.62901973
     6 -447.60946111 -447.62420889
 Length of PT1  vector                            45634535 →     39
 TPSCI Iter 6   Dim: 133737 E(var): -447.61997245 -447.61938832 -447.61792978 -447.61594313 -447.61312777 -447.60946110 


 ===================================================================
     Selected CI Iteration:    7 epsilon:   0.00035000
 ===================================================================
 Add pt vector to current space                   133737 → 133776
 In open_matvec_thread
 Setup threaded jobs:                                0.003289 seconds (12.46 k allocations: 936.516 KiB)
 Number of jobs:    1498
 Number of threads: 64
 Compute matrix-vector:                              9.613708 seconds (32.74 M allocations: 1.031 GiB)
 Now collect thread results :                        0.001171 seconds (3.01 k allocations: 191.234 KiB)
 S^2 Residual   0.02630124
 S^2 Residual   0.01636733
 S^2 Residual   0.02585391
 S^2 Residual   0.03719794
 S^2 Residual   0.04746470
 S^2 Residual   0.05151923
 Add spin completing states                       133776 → 136976
 Memory needed to hold full CI matrix: 150.09939661 (Gb) Max allowed: 900.00000000 (Gb)

 |== Tensor Product State CI =======================================
 Hamiltonian matrix dimension = 136976: 
 Fill old/old Hamiltonian:                         1376.434379 seconds (6 allocations: 2.041 MiB)
 Build old/new Hamiltonian matrix with dimension:   74.333680 seconds (1.53 G allocations: 50.680 GiB, 67.22% gc time)
 Build new/new Hamiltonian matrix with dimension:    0.902332 seconds (31.69 M allocations: 1.072 GiB, 51.67% gc time)
 Now diagonalize
 Iter:   1 SS: 6    E: -447.61997235  -447.61938840  -447.61792980  -447.61594313  -447.61312777  -447.60946111   R: 2.7e-02  1.4e-02  3.0e-02  2.3e-02  2.8e-02  4.1e-02   LinDep: 1.8e-15* 
 Iter:   2 SS: 12   E: -447.62012082  -447.61942337  -447.61809245  -447.61603914  -447.61327299  -447.60974311   R: 1.9e-03  9.0e-04  1.8e-03  1.4e-03  1.7e-03  2.2e-03   LinDep: 6.9e-15* 
 Iter:   3 SS: 18   E: -447.62012191  -447.61942363  -447.61809354  -447.61603977  -447.61327396  -447.60974462   R: 4.3e-04  2.0e-04  4.3e-04  3.0e-04  4.1e-04  4.4e-04   LinDep: 6.4e-15* 
 Iter:   4 SS: 24   E: -447.62012197  -447.61942365  -447.61809360  -447.61603981  -447.61327402  -447.60974470   R: 1.5e-04  7.1e-05  1.5e-04  1.1e-04  1.5e-04  1.5e-04   LinDep: 5.6e-15* 
 Iter:   5 SS: 30   E: -447.62012198  -447.61942365  -447.61809362  -447.61603981  -447.61327403  -447.60974472   R: 6.0e-05  3.0e-05  6.2e-05  4.5e-05  6.4e-05  6.4e-05   LinDep: 2.0e-15* 
 Iter:   6 SS: 36   E: -447.62012198  -447.61942365  -447.61809362  -447.61603981  -447.61327404  -447.60974472   R: 2.7e-05  1.4e-05  2.8e-05  2.0e-05  2.9e-05  2.6e-05   LinDep: 4.4e-16* 
 Iter:   7 SS: 42   E: -447.62012198  -447.61942365* -447.61809362  -447.61603981* -447.61327404  -447.60974472   R: 1.3e-05  6.6e-06* 1.4e-05  9.1e-06* 1.5e-05  1.1e-05   LinDep: 0.0e+00* 
 Iter:   8 SS: 48   E: -447.62012198* -447.61942365* -447.61809362* -447.61603981* -447.61327404* -447.60974472*  R: 5.0e-06* 4.1e-06* 5.2e-06* 5.4e-06* 5.7e-06* 4.8e-06*  LinDep: 2.0e-15* 
 Diagonalization time:                             241.614424 seconds
 Compute S2 expectation values:                    595.649472 seconds (10.91 G allocations: 323.109 GiB, 94.31% gc time)
  Root       Energy           S2
     1 -447.62012198   0.00679272
     2 -447.61942365   1.99574930
     3 -447.61809362   6.00039755
     4 -447.61603981  11.99818747
     5 -447.61327404  20.00021806
     6 -447.60974472  29.99877610
 ==================================================================|
 Overlap between old and new eigenvectors:
  0.997 -0.019  0.066  0.012 -0.013 -0.009
  0.018  1.000  0.010  0.010 -0.002 -0.004
 -0.065 -0.008  0.997 -0.029  0.025  0.013
 -0.013 -0.010  0.027  0.999  0.017  0.017
 -0.015 -0.002  0.024  0.015 -0.999  0.027
 -0.011 -0.004  0.014  0.017 -0.026 -0.999

 Singular values of overlap:
  1.000
  1.000
  1.000
  1.000
  1.000
  1.000
 Norm of new projection:
   0.00660619
   0.00312019
   0.00655662
   0.00503549
   0.00622296
   0.00834349

 In open_matvec_thread
 Setup threaded jobs:                                0.088158 seconds (156.03 k allocations: 10.737 MiB)
 Number of jobs:    4736
 Number of threads: 64
 Compute matrix-vector:                            164.709430 seconds (589.20 M allocations: 18.976 GiB)
 Now collect thread results :                        0.002711 seconds (9.49 k allocations: 807.906 KiB)
 Length of FOIS vector: 45864509
 Compute diagonal:                                   0.698615 seconds (47.36 k allocations: 359.700 MiB)


  Root         E(0)         E(2)
     1 -447.62012199 -447.63817101
     2 -447.61942365 -447.63527241
     3 -447.61809362 -447.63441676
     4 -447.61603981 -447.63236736
     5 -447.61327404 -447.62900777
     6 -447.60974472 -447.62423110
 Length of PT1  vector                            45864509 →     24
 TPSCI Iter 7   Dim: 136976 E(var): -447.62012198 -447.61942365 -447.61809362 -447.61603981 -447.61327404 -447.60974472 


 ===================================================================
     Selected CI Iteration:    8 epsilon:   0.00035000
 ===================================================================
 Add pt vector to current space                   136976 → 137000
 In open_matvec_thread
 Setup threaded jobs:                                0.003244 seconds (12.46 k allocations: 936.516 KiB)
 Number of jobs:    1498
 Number of threads: 64
 Compute matrix-vector:                             11.928290 seconds (33.58 M allocations: 1.057 GiB, 16.22% gc time)
 Now collect thread results :                        0.001503 seconds (3.01 k allocations: 191.234 KiB)
 S^2 Residual   0.02292531
 S^2 Residual   0.01592021
 S^2 Residual   0.02120021
 S^2 Residual   0.03454220
 S^2 Residual   0.04429575
 S^2 Residual   0.04381392
 Add spin completing states                       137000 → 138338
 Memory needed to hold full CI matrix: 153.09921795 (Gb) Max allowed: 900.00000000 (Gb)

 |== Tensor Product State CI =======================================
 Hamiltonian matrix dimension = 138338: 
 Fill old/old Hamiltonian:                         2079.847647 seconds (6 allocations: 2.090 MiB)
 Build old/new Hamiltonian matrix with dimension:   22.038003 seconds (619.46 M allocations: 20.759 GiB, 64.68% gc time)
 Build new/new Hamiltonian matrix with dimension:    0.094263 seconds (4.58 M allocations: 162.244 MiB)
 Now diagonalize
 Iter:   1 SS: 6    E: -447.62012199  -447.61942365  -447.61809362  -447.61603981  -447.61327404  -447.60974471   R: 2.0e-02  1.7e-02  1.8e-02  2.0e-02  2.2e-02  2.2e-02   LinDep: 0.0e+00* 
 Iter:   2 SS: 12   E: -447.62019291  -447.61947184  -447.61814975  -447.61610716  -447.61334499  -447.60982371   R: 1.2e-03  9.8e-04  1.0e-03  1.2e-03  1.2e-03  1.2e-03   LinDep: 2.2e-16* 
 Iter:   3 SS: 18   E: -447.62019330  -447.61947210  -447.61815004  -447.61610753  -447.61334532  -447.60982403   R: 2.2e-04  1.9e-04  1.9e-04  2.2e-04  1.8e-04  1.8e-04   LinDep: 3.4e-15* 
 Iter:   4 SS: 24   E: -447.62019332  -447.61947212  -447.61815005  -447.61610755  -447.61334533  -447.60982405   R: 7.3e-05  6.5e-05  6.5e-05  7.5e-05  6.5e-05  6.4e-05   LinDep: 8.9e-16* 
 Iter:   5 SS: 30   E: -447.62019332  -447.61947212  -447.61815005  -447.61610755  -447.61334534  -447.60982405   R: 3.1e-05  2.8e-05  2.8e-05  3.3e-05  3.0e-05  3.0e-05   LinDep: 4.2e-15* 
 Iter:   6 SS: 36   E: -447.62019332  -447.61947212  -447.61815005  -447.61610755  -447.61334534  -447.60982405   R: 1.4e-05  1.2e-05  1.2e-05  1.4e-05  1.3e-05  1.4e-05   LinDep: 3.1e-15* 
 Iter:   7 SS: 42   E: -447.62019332* -447.61947212* -447.61815005* -447.61610755* -447.61334534* -447.60982405*  R: 6.7e-06* 5.9e-06* 5.6e-06* 6.8e-06* 5.9e-06* 5.6e-06*  LinDep: 2.0e-15* 
 Diagonalization time:                             187.530480 seconds
 Compute S2 expectation values:                    591.688199 seconds (11.05 G allocations: 327.271 GiB, 94.61% gc time)
  Root       Energy           S2
     1 -447.62019332   0.00874373
     2 -447.61947212   1.99736746
     3 -447.61815005   5.99642512
     4 -447.61610755  11.99969137
     5 -447.61334534  19.99845291
     6 -447.60982405  29.99938669
 ==================================================================|
 Overlap between old and new eigenvectors:
  1.000 -0.003 -0.012  0.000 -0.000  0.003
 -0.003 -1.000  0.001 -0.006 -0.003 -0.000
 -0.012 -0.001 -1.000 -0.007 -0.002 -0.003
  0.000  0.006  0.007 -1.000  0.009  0.002
 -0.000  0.003  0.003 -0.009 -1.000  0.003
 -0.003 -0.000 -0.003  0.002  0.003  1.000

 Singular values of overlap:
  1.000
  1.000
  1.000
  1.000
  1.000
  1.000
 Norm of new projection:
   0.00409360
   0.00339818
   0.00363675
   0.00392948
   0.00380262
   0.00414703

 In open_matvec_thread
 Setup threaded jobs:                                0.087235 seconds (156.03 k allocations: 10.737 MiB)
 Number of jobs:    4736
 Number of threads: 64
 Compute matrix-vector:                            197.015644 seconds (593.69 M allocations: 19.038 GiB, 19.75% gc time)
 Now collect thread results :                        0.002288 seconds (9.49 k allocations: 807.906 KiB)
 Length of FOIS vector: 45944025
 Compute diagonal:                                   0.669474 seconds (47.36 k allocations: 360.307 MiB)


  Root         E(0)         E(2)
     1 -447.62019332 -447.63823537
     2 -447.61947212 -447.63529808
     3 -447.61815006 -447.63437803
     4 -447.61610755 -447.63236121
     5 -447.61334534 -447.62901300
     6 -447.60982405 -447.62423797
 Length of PT1  vector                            45944025 →      2
*TPSCI Iter 8   Dim: 138338 E(var): -447.62019332 -447.61947212 -447.61815005 -447.61610755 -447.61334534 -447.60982405 

 ─────────────────────────────────────────────────────────────────────────
                                 Time                    Allocations      
                        ───────────────────────   ────────────────────────
    Tot / % measured:        5.57h /  94.0%           5.38TiB /  88.1%    

 Section        ncalls     time    %tot     avg     alloc    %tot      avg
 ─────────────────────────────────────────────────────────────────────────
 ci                  8    4.25h   81.2%   1914s   4.37TiB   92.2%   559GiB
 matvec              8    2133s   11.3%    267s    146GiB    3.0%  18.3GiB
 sig rotate          8     770s    4.1%   96.3s    119GiB    2.5%  14.9GiB
 copy               24     459s    2.4%   19.1s   93.1GiB    1.9%  3.88GiB
 s2 extension        8     114s    0.6%   14.2s   9.61GiB    0.2%  1.20GiB
 project out         8    44.4s    0.2%   5.56s   7.45GiB    0.2%   954MiB
 sig update          8    16.9s    0.1%   2.11s   1.61GiB    0.0%   206MiB
 diagonal            8    7.27s    0.0%   909ms   2.73GiB    0.1%   349MiB
 vec rotate          8    707ms    0.0%  88.4ms    477MiB    0.0%  59.6MiB
 ─────────────────────────────────────────────────────────────────────────

 |..................................do batched PT2......................................
 thresh_foi    :1.0e-9
 prescreen     :true
 H0            :Hcmf
 nbody         :4
 Norms of input states:
   1.00000000
   1.00000000
   1.00000000
   1.00000000
   1.00000000
   1.00000000
 Compute <0|H0|0>:                                 148.387341 seconds (2.60 G allocations: 77.259 GiB, 90.92% gc time)
 Compute <0|H|0>:                                  4620.396956 seconds (77.88 G allocations: 2.225 TiB, 89.54% gc time)
 Number of jobs:    4736
 Number of threads: 64
   |----------------------------------------------------------------------------------------------------|
   |0%                                                                                              100%|
   |----------------------------------------------------------------------------------------------------|
 Time spent computing E2       7096.2 (s)
  Root         E(0)         E(2)
     1 -447.62019332 -447.63270255
     2 -447.61947212 -447.63189212
     3 -447.61815006 -447.63026475
     4 -447.61610755 -447.62779302
     5 -447.61334533 -447.62444921
     6 -447.60982405 -447.62018442
 ......................................................................................|
*E(PT2): -0.012509232504 -0.012420000114 -0.012114696947 -0.011685467461 -0.011103873878 -0.010360372755 
 ci_vector     : (138338, 6)
 thresh_cipsi  : 0.00032
 thresh_foi    : 1.0e-5
 thresh_asci   : nothing
 thresh_var    : nothing
 thresh_spin   : 0.00045
 max_iter      : 10
 conv_thresh   : 0.0001
 nbody         : 4
 incremental   : true
 ci_conv       : 1.0e-5
 ci_max_iter   : 50
 ci_max_ss_vecs: 12
 ci_lindep_thresh: 1.0e-12
 davidson      : false
 max_mem_ci    : 900
 threaded      : true


 ===================================================================
     Selected CI Iteration:    1 epsilon:   0.00032000
 ===================================================================
 In open_matvec_thread
 Setup threaded jobs:                                0.003309 seconds (12.46 k allocations: 936.516 KiB)
 Number of jobs:    1498
 Number of threads: 64
 Compute matrix-vector:                              9.780828 seconds (33.93 M allocations: 1.068 GiB)
 Now collect thread results :                        0.000938 seconds (3.01 k allocations: 191.234 KiB)
 S^2 Residual   0.01865274
 S^2 Residual   0.01301450
 S^2 Residual   0.01574678
 S^2 Residual   0.02741158
 S^2 Residual   0.03508476
 S^2 Residual   0.03216909
 Add spin completing states                       138338 → 139254
 Memory needed to hold full CI matrix: 155.13341213 (Gb) Max allowed: 900.00000000 (Gb)

 |== Tensor Product State CI =======================================
 Hamiltonian matrix dimension = 139254: 
 Build full Hamiltonian matrix with dimension:     2662.290824 seconds (40.76 G allocations: 1.427 TiB, 72.93% gc time)
 Now diagonalize
 Iter:   1 SS: 6    E: -447.62019332  -447.61947212  -447.61815006  -447.61610755  -447.61334533  -447.60982405   R: 1.7e-02  2.1e-02  1.7e-02  1.9e-02  1.8e-02  1.1e-02   LinDep: 1.6e-15* 
 Iter:   2 SS: 12   E: -447.62024380  -447.61954172  -447.61819772  -447.61616283  -447.61339412  -447.60984626   R: 1.1e-03  1.3e-03  1.1e-03  1.1e-03  9.8e-04  6.7e-04   LinDep: 1.6e-15* 
 Iter:   3 SS: 18   E: -447.62024409  -447.61954211  -447.61819801  -447.61616308  -447.61339433  -447.60984638   R: 1.8e-04  2.2e-04  1.8e-04  1.5e-04  1.4e-04  1.1e-04   LinDep: 6.0e-15* 
 Iter:   4 SS: 24   E: -447.62024410  -447.61954213  -447.61819802  -447.61616309  -447.61339434  -447.60984639   R: 5.8e-05  7.1e-05  6.0e-05  4.7e-05  4.4e-05  3.8e-05   LinDep: 3.4e-15* 
 Iter:   5 SS: 30   E: -447.62024410  -447.61954213  -447.61819802  -447.61616309  -447.61339434  -447.60984639   R: 2.5e-05  3.1e-05  2.6e-05  2.0e-05  1.9e-05  1.7e-05   LinDep: 5.1e-15* 
 Iter:   6 SS: 36   E: -447.62024410  -447.61954213  -447.61819802  -447.61616309* -447.61339434* -447.60984639*  R: 1.0e-05  1.3e-05  1.2e-05  9.5e-06* 8.8e-06* 9.0e-06*  LinDep: 6.4e-15* 
 Iter:   7 SS: 42   E: -447.62024410* -447.61954213* -447.61819802* -447.61616309* -447.61339434* -447.60984639*  R: 5.6e-06* 6.9e-06* 5.6e-06* 6.7e-06* 6.4e-06* 6.5e-06*  LinDep: 8.9e-16* 
 Diagonalization time:                             177.477457 seconds
 Compute S2 expectation values:                    564.644318 seconds (11.14 G allocations: 329.727 GiB, 93.14% gc time)
  Root       Energy           S2
     1 -447.62024410   0.00400899
     2 -447.61954213   2.00054063
     3 -447.61819802   5.99715241
     4 -447.61616309  11.99870158
     5 -447.61339434  19.99968292
     6 -447.60984639  29.99993901
 ==================================================================|
 Overlap between old and new eigenvectors:
  0.000  0.000  0.000  0.000  0.000  0.000
  0.000  0.000  0.000  0.000  0.000  0.000
  0.000  0.000  0.000  0.000  0.000  0.000
  0.000  0.000  0.000  0.000  0.000  0.000
  0.000  0.000  0.000  0.000  0.000  0.000
  0.000  0.000  0.000  0.000  0.000  0.000

 Singular values of overlap:
  0.000
  0.000
  0.000
  0.000
  0.000
  0.000
 Norm of new projection:
   1.00000000
   1.00000000
   1.00000000
   1.00000000
   1.00000000
   1.00000000

 In open_matvec_thread
 Setup threaded jobs:                                0.090151 seconds (156.03 k allocations: 10.737 MiB)
 Number of jobs:    4736
 Number of threads: 64
 Compute matrix-vector:                            1029.052624 seconds (707.38 M allocations: 26.323 GiB, 4.91% gc time)
 Now collect thread results :                        0.003125 seconds (9.49 k allocations: 807.906 KiB)
 Length of FOIS vector: 46043647
 Compute diagonal:                                   0.673465 seconds (47.36 k allocations: 361.067 MiB)


  Root         E(0)         E(2)
     1 -447.62024410 -447.63838970
     2 -447.61954213 -447.63548506
     3 -447.61819802 -447.63460691
     4 -447.61616309 -447.63250378
     5 -447.61339434 -447.62913915
     6 -447.60984639 -447.62428347
 Length of PT1  vector                            46043647 →    214
 TPSCI Iter 1   Dim: 139254 E(var): -447.62024410 -447.61954213 -447.61819802 -447.61616309 -447.61339434 -447.60984639 


 ===================================================================
     Selected CI Iteration:    2 epsilon:   0.00032000
 ===================================================================
 Add pt vector to current space                   139254 → 139468
 In open_matvec_thread
 Setup threaded jobs:                                0.003386 seconds (12.46 k allocations: 936.516 KiB)
 Number of jobs:    1498
 Number of threads: 64
 Compute matrix-vector:                             11.556832 seconds (34.20 M allocations: 1.074 GiB, 9.14% gc time)
 Now collect thread results :                        0.002278 seconds (3.01 k allocations: 191.234 KiB)
 S^2 Residual   0.01798043
 S^2 Residual   0.01276356
 S^2 Residual   0.01547387
 S^2 Residual   0.02710756
 S^2 Residual   0.03459457
 S^2 Residual   0.03130556
 Add spin completing states                       139468 → 139752
 Memory needed to hold full CI matrix: 156.24497203 (Gb) Max allowed: 900.00000000 (Gb)

 |== Tensor Product State CI =======================================
 Hamiltonian matrix dimension = 139752: 
 Fill old/old Hamiltonian:                         1938.039892 seconds (6 allocations: 2.125 MiB)
 Build old/new Hamiltonian matrix with dimension:    9.275904 seconds (255.64 M allocations: 8.391 GiB, 63.74% gc time)
 Build new/new Hamiltonian matrix with dimension:    0.025818 seconds (828.72 k allocations: 27.382 MiB)
 Now diagonalize
 Iter:   1 SS: 6    E: -447.62024410  -447.61954213  -447.61819802  -447.61616309  -447.61339434  -447.60984639   R: 1.2e-02  1.8e-02  1.6e-02  1.2e-02  7.6e-03  9.2e-03   LinDep: 5.6e-16* 
 Iter:   2 SS: 12   E: -447.62027432  -447.61959510  -447.61824362  -447.61619096  -447.61340765  -447.60987045   R: 8.5e-04  1.1e-03  1.0e-03  8.2e-04  5.8e-04  7.9e-04   LinDep: 2.1e-15* 
 Iter:   3 SS: 18   E: -447.62027456  -447.61959544  -447.61824391  -447.61619118  -447.61340777  -447.60987069   R: 1.6e-04  1.8e-04  1.7e-04  1.5e-04  1.2e-04  1.6e-04   LinDep: 2.2e-15* 
 Iter:   4 SS: 24   E: -447.62027457  -447.61959546  -447.61824392  -447.61619119  -447.61340778  -447.60987070   R: 5.4e-05  6.5e-05  5.7e-05  4.9e-05  3.8e-05  4.7e-05   LinDep: 2.9e-15* 
 Iter:   5 SS: 30   E: -447.62027457  -447.61959546  -447.61824392  -447.61619119  -447.61340778  -447.60987070   R: 2.1e-05  2.5e-05  2.2e-05  1.9e-05  1.5e-05  2.0e-05   LinDep: 4.7e-15* 
 Iter:   6 SS: 36   E: -447.62027457* -447.61959546  -447.61824392  -447.61619119* -447.61340778* -447.60987070*  R: 9.3e-06* 1.1e-05  1.0e-05  8.9e-06* 7.5e-06* 9.5e-06*  LinDep: 6.7e-15* 
 Iter:   7 SS: 42   E: -447.62027457* -447.61959546* -447.61824392* -447.61619119* -447.61340778* -447.60987070*  R: 7.3e-06* 5.4e-06* 4.8e-06* 6.6e-06* 5.5e-06* 5.7e-06*  LinDep: 4.4e-16* 
 Diagonalization time:                             189.043478 seconds
 Compute S2 expectation values:                    544.257364 seconds (11.19 G allocations: 331.255 GiB, 91.77% gc time)
  Root       Energy           S2
     1 -447.62027457   0.00015583
     2 -447.61959546   2.00005886
     3 -447.61824392   5.99994059
     4 -447.61619119  12.00001558
     5 -447.61340778  19.99994546
     6 -447.60987070  29.99984184
 ==================================================================|
 Overlap between old and new eigenvectors:
 -0.999  0.032 -0.012  0.002  0.001  0.000
 -0.032 -0.999 -0.021  0.007  0.001  0.001
  0.012  0.021 -1.000 -0.009 -0.002 -0.000
 -0.003 -0.007  0.009 -1.000  0.003 -0.001
 -0.001 -0.001  0.002 -0.003 -1.000  0.001
 -0.000 -0.001  0.000  0.001 -0.001 -1.000

 Singular values of overlap:
  1.000
  1.000
  1.000
  1.000
  1.000
  1.000
 Norm of new projection:
   0.00301851
   0.00373037
   0.00342755
   0.00285983
   0.00209972
   0.00292087

 In open_matvec_thread
 Setup threaded jobs:                                0.087714 seconds (156.03 k allocations: 10.737 MiB)
 Number of jobs:    4736
 Number of threads: 64
 Compute matrix-vector:                            191.482713 seconds (598.97 M allocations: 19.187 GiB, 17.30% gc time)
 Now collect thread results :                        0.002235 seconds (9.49 k allocations: 807.906 KiB)
 Length of FOIS vector: 46092692
 Compute diagonal:                                   0.701204 seconds (47.36 k allocations: 361.441 MiB)


  Root         E(0)         E(2)
     1 -447.62027457 -447.63834380
     2 -447.61959546 -447.63545935
     3 -447.61824392 -447.63465621
     4 -447.61619119 -447.63252663
     5 -447.61340778 -447.62914295
     6 -447.60987070 -447.62428442
 Length of PT1  vector                            46092692 →     22
*TPSCI Iter 2   Dim: 139752 E(var): -447.62027457 -447.61959546 -447.61824392 -447.61619119 -447.61340778 -447.60987070 

 ─────────────────────────────────────────────────────────────────────────
                                 Time                    Allocations      
                        ───────────────────────   ────────────────────────
    Tot / % measured:        2.34h /  96.4%           2.50TiB /  92.6%    

 Section        ncalls     time    %tot     avg     alloc    %tot      avg
 ─────────────────────────────────────────────────────────────────────────
 ci                  2    1.70h   75.3%   3056s   2.23TiB   96.0%  1.11TiB
 matvec              2    1222s   15.1%    611s   45.8GiB    1.9%  22.9GiB
 copy                6     406s    5.0%   67.6s   24.2GiB    1.0%  4.04GiB
 sig rotate          2     330s    4.1%    165s   17.7GiB    0.7%  8.87GiB
 s2 extension        2    28.9s    0.4%   14.5s   2.62GiB    0.1%  1.31GiB
 project out         2    10.4s    0.1%   5.18s   1.96GiB    0.1%  0.98GiB
 sig update          2    6.66s    0.1%   3.33s   1.29GiB    0.1%   662MiB
 diagonal            2    1.37s    0.0%   687ms    723MiB    0.0%   361MiB
 vec rotate          2    117ms    0.0%  58.4ms   80.5MiB    0.0%  40.2MiB
 ─────────────────────────────────────────────────────────────────────────

 |..................................do batched PT2......................................
 thresh_foi    :1.0e-9
 prescreen     :true
 H0            :Hcmf
 nbody         :4
 Norms of input states:
   1.00000000
   1.00000000
   1.00000000
   1.00000000
   1.00000000
   1.00000000
 Compute <0|H0|0>:                                  47.495326 seconds (2.62 G allocations: 78.109 GiB, 74.82% gc time)
 Compute <0|H|0>:                                  5013.815978 seconds (79.10 G allocations: 2.260 TiB, 90.16% gc time)
 Number of jobs:    4736
 Number of threads: 64
   |----------------------------------------------------------------------------------------------------|
   |0%                                                                                              100%|
   |----------------------------------------------------------------------------------------------------|
 Time spent computing E2       6932.5 (s)
  Root         E(0)         E(2)
     1 -447.62027457 -447.63271305
     2 -447.61959545 -447.63190280
     3 -447.61824392 -447.63027236
     4 -447.61619119 -447.62780150
     5 -447.61340778 -447.62445522
     6 -447.60987070 -447.62019222
 ......................................................................................|
*E(PT2): -0.012438475885 -0.012307347229 -0.012028439346 -0.011610307566 -0.011047436752 -0.010321521815 
 ci_vector     : (139752, 6)
 thresh_cipsi  : 0.0003
 thresh_foi    : 1.0e-5
 thresh_asci   : nothing
 thresh_var    : nothing
 thresh_spin   : 0.0004
 max_iter      : 10
 conv_thresh   : 0.0001
 nbody         : 4
 incremental   : true
 ci_conv       : 1.0e-5
 ci_max_iter   : 50
 ci_max_ss_vecs: 12
 ci_lindep_thresh: 1.0e-12
 davidson      : false
 max_mem_ci    : 900
 threaded      : true


 ===================================================================
     Selected CI Iteration:    1 epsilon:   0.00030000
 ===================================================================
 In open_matvec_thread
 Setup threaded jobs:                                0.003233 seconds (12.46 k allocations: 936.516 KiB)
 Number of jobs:    1498
 Number of threads: 64
 Compute matrix-vector:                             10.207713 seconds (34.27 M allocations: 1.079 GiB)
 Now collect thread results :                        0.000912 seconds (3.01 k allocations: 191.234 KiB)
 S^2 Residual   0.01450920
 S^2 Residual   0.00994399
 S^2 Residual   0.01156931
 S^2 Residual   0.02146183
 S^2 Residual   0.02641408
 S^2 Residual   0.02510299
 Add spin completing states                       139752 → 140648
 Memory needed to hold full CI matrix: 158.25487923 (Gb) Max allowed: 900.00000000 (Gb)

 |== Tensor Product State CI =======================================
 Hamiltonian matrix dimension = 140648: 
 Build full Hamiltonian matrix with dimension:     2791.534898 seconds (41.48 G allocations: 1.452 TiB, 70.79% gc time)
 Now diagonalize
 Iter:   1 SS: 6    E: -447.62027458  -447.61959545  -447.61824392  -447.61619119  -447.61340778  -447.60987070   R: 7.9e-03  8.5e-03  8.0e-03  8.4e-03  1.0e-02  1.0e-02   LinDep: 0.0e+00* 
 Iter:   2 SS: 12   E: -447.62029437  -447.61961467  -447.61826111  -447.61621361  -447.61344102  -447.60990226   R: 7.1e-04  6.9e-04  6.3e-04  7.7e-04  9.6e-04  9.5e-04   LinDep: 4.4e-16* 
 Iter:   3 SS: 18   E: -447.62029459  -447.61961488  -447.61826128  -447.61621387  -447.61344141  -447.60990263   R: 1.7e-04  1.7e-04  1.5e-04  1.8e-04  2.1e-04  2.1e-04   LinDep: 1.8e-15* 
 Iter:   4 SS: 24   E: -447.62029461  -447.61961489  -447.61826129  -447.61621388  -447.61344143  -447.60990265   R: 5.5e-05  5.5e-05  5.0e-05  5.8e-05  6.4e-05  5.7e-05   LinDep: 5.1e-15* 
 Iter:   5 SS: 30   E: -447.62029461  -447.61961489  -447.61826129  -447.61621389  -447.61344143  -447.60990266   R: 2.1e-05  2.1e-05  2.0e-05  2.2e-05  2.7e-05  2.5e-05   LinDep: 2.4e-15* 
 Iter:   6 SS: 36   E: -447.62029461  -447.61961489* -447.61826129* -447.61621389  -447.61344143  -447.60990266   R: 1.1e-05  9.5e-06* 9.4e-06* 1.1e-05  1.4e-05  1.1e-05   LinDep: 3.4e-15* 
 Iter:   7 SS: 42   E: -447.62029461* -447.61961489* -447.61826129* -447.61621389* -447.61344143* -447.60990266*  R: 5.1e-06* 6.7e-06* 6.5e-06* 5.0e-06* 5.9e-06* 4.5e-06*  LinDep: 5.3e-15* 
 Diagonalization time:                             178.913677 seconds
 Compute S2 expectation values:                    568.010152 seconds (11.28 G allocations: 333.961 GiB, 94.16% gc time)
  Root       Energy           S2
     1 -447.62029461   0.00015601
     2 -447.61961489   2.00013427
     3 -447.61826129   5.99995435
     4 -447.61621389  11.99989924
     5 -447.61344143  19.99989491
     6 -447.60990266  29.99993725
 ==================================================================|
 Overlap between old and new eigenvectors:
  0.000  0.000  0.000  0.000  0.000  0.000
  0.000  0.000  0.000  0.000  0.000  0.000
  0.000  0.000  0.000  0.000  0.000  0.000
  0.000  0.000  0.000  0.000  0.000  0.000
  0.000  0.000  0.000  0.000  0.000  0.000
  0.000  0.000  0.000  0.000  0.000  0.000

 Singular values of overlap:
  0.000
  0.000
  0.000
  0.000
  0.000
  0.000
 Norm of new projection:
   1.00000000
   1.00000000
   1.00000000
   1.00000000
   1.00000000
   1.00000000

 In open_matvec_thread
 Setup threaded jobs:                                0.089749 seconds (156.03 k allocations: 10.737 MiB)
 Number of jobs:    4736
 Number of threads: 64
 Compute matrix-vector:                            1024.122652 seconds (713.82 M allocations: 26.577 GiB, 4.59% gc time)
 Now collect thread results :                        0.003116 seconds (9.49 k allocations: 807.906 KiB)
 Length of FOIS vector: 46232958
 Compute diagonal:                                   0.695637 seconds (47.36 k allocations: 362.511 MiB)


  Root         E(0)         E(2)
     1 -447.62029461 -447.63834024
     2 -447.61961489 -447.63546004
     3 -447.61826129 -447.63464526
     4 -447.61621389 -447.63252345
     5 -447.61344143 -447.62914468
     6 -447.60990266 -447.62429967
 Length of PT1  vector                            46232958 →    443
 TPSCI Iter 1   Dim: 140648 E(var): -447.62029461 -447.61961489 -447.61826129 -447.61621389 -447.61344143 -447.60990266 


 ===================================================================
     Selected CI Iteration:    2 epsilon:   0.00030000
 ===================================================================
 Add pt vector to current space                   140648 → 141091
 In open_matvec_thread
 Setup threaded jobs:                                0.003252 seconds (12.46 k allocations: 936.516 KiB)
 Number of jobs:    1498
 Number of threads: 64
 Compute matrix-vector:                             10.260829 seconds (34.59 M allocations: 1.088 GiB)
 Now collect thread results :                        0.000781 seconds (3.01 k allocations: 191.234 KiB)
 S^2 Residual   0.01450940
 S^2 Residual   0.00994768
 S^2 Residual   0.01164919
 S^2 Residual   0.02148842
 S^2 Residual   0.02696858
 S^2 Residual   0.02373032
 Add spin completing states                       141091 → 141503
 Memory needed to hold full CI matrix: 160.18479207 (Gb) Max allowed: 900.00000000 (Gb)

 |== Tensor Product State CI =======================================
 Hamiltonian matrix dimension = 141503: 
 Fill old/old Hamiltonian:                         1767.571636 seconds (6 allocations: 2.146 MiB)
 Build old/new Hamiltonian matrix with dimension:   31.913652 seconds (468.97 M allocations: 15.245 GiB, 83.75% gc time)
 Build new/new Hamiltonian matrix with dimension:    0.078590 seconds (2.37 M allocations: 79.073 MiB, 37.45% gc time)
 Now diagonalize
 Iter:   1 SS: 6    E: -447.62029461  -447.61961489  -447.61826129  -447.61621389  -447.61344143  -447.60990266   R: 1.2e-02  1.4e-02  1.5e-02  1.2e-02  9.9e-03  1.2e-02   LinDep: 1.6e-15* 
 Iter:   2 SS: 12   E: -447.62033886  -447.61968137  -447.61832466  -447.61625416  -447.61347058  -447.60993946   R: 9.9e-04  1.3e-03  1.2e-03  9.9e-04  8.1e-04  7.4e-04   LinDep: 1.0e-15* 
 Iter:   3 SS: 18   E: -447.62033929  -447.61968206  -447.61832529  -447.61625457  -447.61347087  -447.60993972   R: 2.4e-04  3.1e-04  2.9e-04  2.2e-04  1.8e-04  1.8e-04   LinDep: 3.1e-15* 
 Iter:   4 SS: 24   E: -447.62033931  -447.61968210  -447.61832533  -447.61625459  -447.61347089  -447.60993973   R: 8.5e-05  1.1e-04  9.6e-05  6.7e-05  5.7e-05  4.6e-05   LinDep: 2.2e-15* 
 Iter:   5 SS: 30   E: -447.62033931  -447.61968210  -447.61832533  -447.61625459  -447.61347089  -447.60993974   R: 3.3e-05  4.3e-05  3.9e-05  2.8e-05  2.3e-05  2.3e-05   LinDep: 3.6e-15* 
 Iter:   6 SS: 36   E: -447.62033932  -447.61968211  -447.61832534  -447.61625459  -447.61347089  -447.60993974*  R: 1.4e-05  1.8e-05  1.7e-05  1.4e-05  1.1e-05  9.5e-06*  LinDep: 6.7e-15* 
 Iter:   7 SS: 42   E: -447.62033932* -447.61968211* -447.61832534* -447.61625459* -447.61347089* -447.60993974*  R: 6.9e-06* 8.7e-06* 8.0e-06* 6.0e-06* 4.6e-06* 6.8e-06*  LinDep: 1.8e-15* 
 Diagonalization time:                             191.877242 seconds
 Compute S2 expectation values:                    555.680381 seconds (11.37 G allocations: 336.782 GiB, 93.81% gc time)
  Root       Energy           S2
     1 -447.62033932   0.00066110
     2 -447.61968211   2.00041280
     3 -447.61832534   5.99948185
     4 -447.61625459  11.99967996
     5 -447.61347089  19.99988050
     6 -447.60993974  29.99986113
 ==================================================================|
 Overlap between old and new eigenvectors:
 -1.000  0.006  0.013  0.001 -0.002 -0.000
  0.006  1.000 -0.005 -0.009  0.000 -0.001
 -0.013 -0.005 -1.000  0.002 -0.002  0.000
 -0.001 -0.009 -0.002 -1.000 -0.000 -0.001
  0.002  0.000  0.002  0.000 -1.000  0.000
  0.000  0.001  0.000 -0.001  0.000  1.000

 Singular values of overlap:
  1.000
  1.000
  1.000
  1.000
  1.000
  1.000
 Norm of new projection:
   0.00421036
   0.00515449
   0.00494716
   0.00393847
   0.00341512
   0.00363536

 In open_matvec_thread
 Setup threaded jobs:                                0.089568 seconds (156.03 k allocations: 10.737 MiB)
 Number of jobs:    4736
 Number of threads: 64
 Compute matrix-vector:                            202.292693 seconds (607.00 M allocations: 19.467 GiB, 18.35% gc time)
 Now collect thread results :                        0.002300 seconds (9.49 k allocations: 807.906 KiB)
 Length of FOIS vector: 46390245
 Compute diagonal:                                   0.700518 seconds (47.36 k allocations: 363.711 MiB)


  Root         E(0)         E(2)
     1 -447.62033932 -447.63828630
     2 -447.61968211 -447.63543519
     3 -447.61832533 -447.63469870
     4 -447.61625459 -447.63255682
     5 -447.61347089 -447.62915578
     6 -447.60993974 -447.62430877
 Length of PT1  vector                            46390245 →     64
*TPSCI Iter 2   Dim: 141503 E(var): -447.62033932 -447.61968211 -447.61832534 -447.61625459 -447.61347089 -447.60993974 

 ─────────────────────────────────────────────────────────────────────────
                                 Time                    Allocations      
                        ───────────────────────   ────────────────────────
    Tot / % measured:        2.33h /  96.5%           2.55TiB /  92.7%    

 Section        ncalls     time    %tot     avg     alloc    %tot      avg
 ─────────────────────────────────────────────────────────────────────────
 ci                  2    1.70h   75.5%   3063s   2.27TiB   96.1%  1.14TiB
 matvec              2    1228s   15.1%    614s   46.3GiB    1.9%  23.2GiB
 copy                6     399s    4.9%   66.5s   24.4GiB    1.0%  4.06GiB
 sig rotate          2     317s    3.9%    159s   17.8GiB    0.7%  8.91GiB
 s2 extension        2    25.7s    0.3%   12.8s   2.65GiB    0.1%  1.32GiB
 sig update          2    7.01s    0.1%   3.50s   1.31GiB    0.1%   668MiB
 project out         2    5.90s    0.1%   2.95s   1.97GiB    0.1%  0.99GiB
 diagonal            2    1.40s    0.0%   698ms    726MiB    0.0%   363MiB
 vec rotate          2    128ms    0.0%  64.2ms   81.3MiB    0.0%  40.7MiB
 ─────────────────────────────────────────────────────────────────────────

 |..................................do batched PT2......................................
 thresh_foi    :1.0e-9
 prescreen     :true
 H0            :Hcmf
 nbody         :4
 Norms of input states:
   1.00000000
   1.00000000
   1.00000000
   1.00000000
   1.00000000
   1.00000000
 Compute <0|H0|0>:                                 146.967236 seconds (2.67 G allocations: 79.472 GiB, 93.07% gc time)
 Compute <0|H|0>:                                  5073.822193 seconds (80.87 G allocations: 2.310 TiB, 90.12% gc time)
 Number of jobs:    4736
 Number of threads: 64
   |----------------------------------------------------------------------------------------------------|
   |0%                                                                                              100%|
   |----------------------------------------------------------------------------------------------------|
 Time spent computing E2       6999.8 (s)
  Root         E(0)         E(2)
     1 -447.62033932 -447.63271908
     2 -447.61968211 -447.63191184
     3 -447.61832533 -447.63028160
     4 -447.61625459 -447.62781056
     5 -447.61347089 -447.62446700
     6 -447.60993974 -447.62020804
 ......................................................................................|
*E(PT2): -0.012379764578 -0.012229737837 -0.011956271606 -0.011555965843 -0.010996107646 -0.010268304887 
