 Remove duplicates
 Number of terms reduced from  2525 to  1105
IDX001:DIM1024:001|002|003|004|005|
IDX002:DIM16384:006|007|008|009|010|011|012|
IDX003:DIM1024:013|014|015|016|017|
IDX004:DIM16777216:018|019|020|021|022|023|024|025|026|027|028|029|
IDX005:DIM1099511627776:030|031|032|033|034|035|036|037|038|039|040|041|042|043|044|045|046|047|048|049|
 ci_vector     : (100425, 6)
 thresh_cipsi  : 0.0003
 thresh_foi    : 1.0e-5
 thresh_asci   : nothing
 thresh_var    : nothing
 thresh_spin   : 0.0002
 max_iter      : 10
 conv_thresh   : 0.0001
 nbody         : 4
 incremental   : true
 ci_conv       : 1.0e-5
 ci_max_iter   : 50
 ci_max_ss_vecs: 12
 ci_lindep_thresh: 1.0e-12
 davidson      : false
 max_mem_ci    : 800
 threaded      : true


 ===================================================================
     Selected CI Iteration:    1 epsilon:   0.00030000
 ===================================================================
 In open_matvec_thread
 Setup threaded jobs:                                0.002907 seconds (11.46 k allocations: 876.891 KiB)
 Number of jobs:    1362
 Number of threads: 64
 Compute matrix-vector:                              9.445366 seconds (31.95 M allocations: 1.124 GiB, 28.01% compilation time)
 Now collect thread results :                        0.017698 seconds (3.24 k allocations: 210.312 KiB, 96.97% compilation time)
 S^2 Residual   0.00301432
 S^2 Residual   0.00183612
 S^2 Residual   0.00208707
 S^2 Residual   0.00348263
 S^2 Residual   0.00380320
 S^2 Residual   0.00848062
 Add spin completing states                       100425 → 101488
 Memory needed to hold full CI matrix:  82.39851315 (Gb) Max allowed: 800.00000000 (Gb)

 |== Tensor Product State CI =======================================
 Hamiltonian matrix dimension = 101488: 
 Build full Hamiltonian matrix with dimension:     1557.982121 seconds (24.34 G allocations: 852.979 GiB, 76.82% gc time, 0.06% compilation time)
 Now diagonalize
 Iter:   1 SS: 6    E: -447.61544635  -447.61481631  -447.61351374  -447.61154566  -447.60888056  -447.60554891   R: 9.4e-03  8.6e-03  9.0e-03  1.1e-02  1.9e-02  1.8e-02   LinDep: 0.0e+00* 
 Iter:   2 SS: 12   E: -447.61548659  -447.61484603  -447.61354263  -447.61159798  -447.60896796  -447.60562850   R: 1.0e-03  8.9e-04  9.4e-04  1.2e-03  1.4e-03  1.4e-03   LinDep: 6.7e-16* 
 Iter:   3 SS: 18   E: -447.61548716  -447.61484645  -447.61354307  -447.61159877  -447.60896894  -447.60562951   R: 2.8e-04  2.4e-04  2.4e-04  3.5e-04  3.8e-04  3.9e-04   LinDep: 1.4e-15* 
 Iter:   4 SS: 24   E: -447.61548720  -447.61484648  -447.61354310  -447.61159883  -447.60896901  -447.60562959   R: 1.0e-04  8.7e-05  8.3e-05  1.3e-04  1.2e-04  1.1e-04   LinDep: 6.1e-15* 
 Iter:   5 SS: 30   E: -447.61548720  -447.61484649  -447.61354310  -447.61159884  -447.60896902  -447.60562960   R: 4.0e-05  3.4e-05  3.3e-05  4.7e-05  5.0e-05  4.5e-05   LinDep: 2.2e-15* 
 Iter:   6 SS: 36   E: -447.61548721  -447.61484649  -447.61354311  -447.61159884  -447.60896902  -447.60562960   R: 1.9e-05  1.7e-05  1.6e-05  2.0e-05  2.2e-05  1.9e-05   LinDep: 3.0e-15* 
 Iter:   7 SS: 42   E: -447.61548721* -447.61484649* -447.61354311* -447.61159884* -447.60896902* -447.60562960*  R: 9.7e-06* 8.0e-06* 7.9e-06* 9.6e-06* 9.6e-06* 8.1e-06*  LinDep: 5.1e-15* 
 Diagonalization time:                              95.485055 seconds
 Compute S2 expectation values:                    384.979945 seconds (7.43 G allocations: 219.835 GiB, 94.11% gc time, 0.14% compilation time)
  Root       Energy           S2
     1 -447.61548721   0.00014907
     2 -447.61484649   2.00025793
     3 -447.61354311   6.00012406
     4 -447.61159884  11.99982321
     5 -447.60896902  19.99972077
     6 -447.60562960  29.99986268
 ==================================================================|
 Overlap between old and new eigenvectors:
  0.000  0.000  0.000  0.000  0.000  0.000
  0.000  0.000  0.000  0.000  0.000  0.000
  0.000  0.000  0.000  0.000  0.000  0.000
  0.000  0.000  0.000  0.000  0.000  0.000
  0.000  0.000  0.000  0.000  0.000  0.000
  0.000  0.000  0.000  0.000  0.000  0.000

 Singular values of overlap:
  0.000
  0.000
  0.000
  0.000
  0.000
  0.000
 Norm of new projection:
   1.00000000
   1.00000000
   1.00000000
   1.00000000
   1.00000000
   1.00000000

 In open_matvec_thread
 Setup threaded jobs:                                0.083354 seconds (146.94 k allocations: 10.132 MiB)
 Number of jobs:    4720
 Number of threads: 64
 Compute matrix-vector:                            802.593549 seconds (537.70 M allocations: 20.052 GiB, 4.24% gc time, 0.54% compilation time)
 Now collect thread results :                        0.002348 seconds (9.46 k allocations: 806.906 KiB)
 Length of FOIS vector: 37028207
 Compute diagonal:                                   0.643243 seconds (170.50 k allocations: 297.755 MiB, 17.81% compilation time)


  Root         E(0)         E(2)
     1 -447.61548721 -447.63442293
     2 -447.61484649 -447.63179146
     3 -447.61354310 -447.63089877
     4 -447.61159884 -447.62872857
     5 -447.60896902 -447.62536911
     6 -447.60562960 -447.62068387
 Length of PT1  vector                            37028207 →   5600
 TPSCI Iter 1   Dim: 101488 E(var): -447.61548721 -447.61484649 -447.61354311 -447.61159884 -447.60896902 -447.60562960 


 ===================================================================
     Selected CI Iteration:    2 epsilon:   0.00030000
 ===================================================================
 Add pt vector to current space                   101488 → 107088
 In open_matvec_thread
 Setup threaded jobs:                                0.002983 seconds (11.65 k allocations: 889.266 KiB)
 Number of jobs:    1418
 Number of threads: 64
 Compute matrix-vector:                              7.651280 seconds (26.01 M allocations: 833.953 MiB)
 Now collect thread results :                        0.000875 seconds (2.85 k allocations: 186.234 KiB)
 S^2 Residual   0.00326905
 S^2 Residual   0.00151381
 S^2 Residual   0.00242042
 S^2 Residual   0.00334461
 S^2 Residual   0.00503672
 S^2 Residual   0.00474646
 Add spin completing states                       107088 → 107659
 Memory needed to hold full CI matrix:  92.72368225 (Gb) Max allowed: 800.00000000 (Gb)

 |== Tensor Product State CI =======================================
 Hamiltonian matrix dimension = 107659: 
 Fill old/old Hamiltonian:                         278.625594 seconds (50.93 k allocations: 4.037 MiB, 0.05% compilation time)
 Build old/new Hamiltonian matrix with dimension:   88.462753 seconds (2.12 G allocations: 69.894 GiB, 61.17% gc time)
 Build new/new Hamiltonian matrix with dimension:    4.318938 seconds (100.80 M allocations: 3.456 GiB, 63.76% gc time, 0.13% compilation time)
 Now diagonalize
 Iter:   1 SS: 6    E: -447.61548721  -447.61484649  -447.61354310  -447.61159884  -447.60896902  -447.60562960   R: 6.6e-02  8.8e-02  8.0e-02  6.2e-02  4.4e-02  3.6e-02   LinDep: 2.9e-15* 
 Iter:   2 SS: 12   E: -447.61676510  -447.61657110  -447.61453025  -447.61223315  -447.60935309  -447.60592888   R: 6.5e-03  6.9e-03  4.0e-03  3.4e-03  2.8e-03  2.4e-03   LinDep: 6.0e-15* 
 Iter:   3 SS: 18   E: -447.61678253  -447.61659103  -447.61453650  -447.61223735  -447.60935586  -447.60593121   R: 2.4e-03  2.5e-03  1.2e-03  8.5e-04  6.2e-04  6.0e-04   LinDep: 2.2e-16* 
 Iter:   4 SS: 24   E: -447.61678459  -447.61659338  -447.61453706  -447.61223764  -447.60935603  -447.60593136   R: 8.5e-04  9.1e-04  4.3e-04  3.0e-04  2.2e-04  2.0e-04   LinDep: 4.2e-15* 
 Iter:   5 SS: 30   E: -447.61678498  -447.61659383  -447.61453716  -447.61223769  -447.60935606  -447.60593139   R: 4.0e-04  4.3e-04  2.1e-04  1.5e-04  1.1e-04  8.6e-05   LinDep: 5.1e-15* 
 Iter:   6 SS: 36   E: -447.61678506  -447.61659392  -447.61453719  -447.61223771  -447.60935607  -447.60593139   R: 1.6e-04  1.7e-04  9.0e-05  6.8e-05  5.7e-05  4.3e-05   LinDep: 5.1e-15* 
 Iter:   7 SS: 42   E: -447.61678508  -447.61659394  -447.61453719  -447.61223771  -447.60935607  -447.60593139   R: 6.8e-05  7.3e-05  3.9e-05  3.0e-05  2.7e-05  2.0e-05   LinDep: 1.3e-15* 
 Iter:   8 SS: 48   E: -447.61678510  -447.61659392  -447.61453719  -447.61223771  -447.60935607* -447.60593139*  R: 2.8e-05  3.0e-05  1.5e-05  1.1e-05  9.6e-06* 8.0e-06*  LinDep: 2.7e-15* 
 Iter:   9 SS: 54   E: -447.61678510  -447.61659392  -447.61453719* -447.61223771* -447.60935607* -447.60593139*  R: 1.4e-05  1.5e-05  6.2e-06* 4.9e-06* 7.0e-06* 5.4e-06*  LinDep: 8.7e-15* 
 Iter:  10 SS: 60   E: -447.61678510* -447.61659392* -447.61453719* -447.61223771* -447.60935607* -447.60593139*  R: 8.9e-06* 9.0e-06* 3.5e-06* 3.2e-06* 4.8e-06* 3.5e-06*  LinDep: 2.8e-15* 
 Diagonalization time:                             167.886916 seconds
 Compute S2 expectation values:                    390.189494 seconds (7.89 G allocations: 233.597 GiB, 92.71% gc time, 0.00% compilation time)
  Root       Energy           S2
     1 -447.61678510   0.95689742
     2 -447.61659392   2.28127464
     3 -447.61453719   5.09857803
     4 -447.61223771  11.71966706
     5 -447.60935607  19.94767831
     6 -447.60593139  29.99594480
 ==================================================================|
 Overlap between old and new eigenvectors:
 -0.918  0.042  0.393 -0.000  0.025 -0.000
  0.045  0.984 -0.001 -0.172 -0.000  0.009
  0.390 -0.017  0.919 -0.001 -0.056 -0.000
  0.008  0.172  0.001  0.985  0.000  0.010
 -0.045  0.002 -0.042  0.000 -0.998 -0.000
 -0.001 -0.011  0.000 -0.009 -0.000  1.000

 Singular values of overlap:
  1.000
  1.000
  1.000
  1.000
  1.000
  1.000
 Norm of new projection:
   0.02208585
   0.02354772
   0.01456551
   0.01259070
   0.01047020
   0.00967913

 In open_matvec_thread
 Setup threaded jobs:                                0.085795 seconds (148.00 k allocations: 10.217 MiB)
 Number of jobs:    4720
 Number of threads: 64
 Compute matrix-vector:                            156.685425 seconds (468.47 M allocations: 15.353 GiB)
 Now collect thread results :                        0.002220 seconds (9.46 k allocations: 806.906 KiB)
 Length of FOIS vector: 37901802
 Compute diagonal:                                   0.543579 seconds (47.20 k allocations: 297.713 MiB)


  Root         E(0)         E(2)
     1 -447.61678505 -447.63255093
     2 -447.61659399 -447.63136528
     3 -447.61453717 -447.63279230
     4 -447.61223771 -447.62929299
     5 -447.60935607 -447.62549241
     6 -447.60593139 -447.62070778
 Length of PT1  vector                            37901802 →   2790
 TPSCI Iter 2   Dim: 107659 E(var): -447.61678510 -447.61659392 -447.61453719 -447.61223771 -447.60935607 -447.60593139 


 ===================================================================
     Selected CI Iteration:    3 epsilon:   0.00030000
 ===================================================================
 Add pt vector to current space                   107659 → 110449
 In open_matvec_thread
 Setup threaded jobs:                                0.003029 seconds (11.67 k allocations: 890.422 KiB)
 Number of jobs:    1422
 Number of threads: 64
 Compute matrix-vector:                             10.418631 seconds (26.81 M allocations: 860.396 MiB, 24.58% gc time)
 Now collect thread results :                        0.002224 seconds (2.86 k allocations: 186.484 KiB)
 S^2 Residual   0.01426146
 S^2 Residual   0.01371052
 S^2 Residual   0.01221377
 S^2 Residual   0.01484967
 S^2 Residual   0.01408781
 S^2 Residual   0.01913583
 Add spin completing states                       110449 → 122779
 Memory needed to hold full CI matrix: 120.59746273 (Gb) Max allowed: 800.00000000 (Gb)

 |== Tensor Product State CI =======================================
 Hamiltonian matrix dimension = 122779: 
 Fill old/old Hamiltonian:                         778.491367 seconds (6 allocations: 1.643 MiB)
 Build old/new Hamiltonian matrix with dimension:  400.639668 seconds (5.99 G allocations: 196.673 GiB, 78.22% gc time)
 Build new/new Hamiltonian matrix with dimension:   19.298921 seconds (476.19 M allocations: 17.172 GiB, 62.37% gc time)
 Now diagonalize
 Iter:   1 SS: 6    E: -447.61678510  -447.61659396  -447.61453715  -447.61223772  -447.60935607  -447.60593139   R: 7.4e-02  7.4e-02  6.2e-02  8.2e-02  7.8e-02  5.3e-02   LinDep: 1.8e-15* 
 Iter:   2 SS: 12   E: -447.61798488  -447.61754063  -447.61537586  -447.61359692  -447.61043770  -447.60644549   R: 5.6e-03  4.9e-03  4.9e-03  5.8e-03  4.6e-03  3.3e-03   LinDep: 4.6e-15* 
 Iter:   3 SS: 18   E: -447.61799638  -447.61754916  -447.61538531  -447.61361074  -447.61044541  -447.60644928   R: 1.8e-03  1.5e-03  1.7e-03  2.0e-03  1.2e-03  7.7e-04   LinDep: 2.2e-16* 
 Iter:   4 SS: 24   E: -447.61799755  -447.61755001  -447.61538644  -447.61361234  -447.61044599  -447.60644952   R: 6.5e-04  5.6e-04  6.5e-04  7.7e-04  4.3e-04  2.8e-04   LinDep: 1.3e-15* 
 Iter:   5 SS: 30   E: -447.61799777  -447.61755018  -447.61538666  -447.61361266  -447.61044609  -447.60644956   R: 2.9e-04  2.5e-04  3.1e-04  3.7e-04  1.8e-04  1.2e-04   LinDep: 2.8e-15* 
 Iter:   6 SS: 36   E: -447.61799782  -447.61755021  -447.61538671  -447.61361273  -447.61044611  -447.60644957   R: 1.3e-04  1.1e-04  1.3e-04  1.6e-04  8.2e-05  5.0e-05   LinDep: 1.9e-15* 
 Iter:   7 SS: 42   E: -447.61799783  -447.61755021  -447.61538673  -447.61361275  -447.61044611  -447.60644957   R: 5.3e-05  4.5e-05  6.4e-05  7.5e-05  3.7e-05  2.4e-05   LinDep: 1.9e-15* 
 Iter:   8 SS: 48   E: -447.61799783  -447.61755021  -447.61538673  -447.61361275  -447.61044611  -447.60644957*  R: 2.3e-05  1.9e-05  2.7e-05  2.7e-05  1.5e-05  9.2e-06*  LinDep: 6.0e-15* 
 Iter:   9 SS: 54   E: -447.61799783* -447.61755021* -447.61538673  -447.61361275  -447.61044611* -447.60644957*  R: 9.7e-06* 8.2e-06* 1.2e-05  1.2e-05  6.9e-06* 6.6e-06*  LinDep: 9.3e-15* 
 Iter:  10 SS: 60   E: -447.61799783* -447.61755021* -447.61538673* -447.61361275* -447.61044611* -447.60644957*  R: 6.7e-06* 5.4e-06* 4.9e-06* 4.3e-06* 4.1e-06* 4.0e-06*  LinDep: 5.1e-15* 
 Diagonalization time:                             217.088415 seconds
 Compute S2 expectation values:                    470.048933 seconds (9.36 G allocations: 276.954 GiB, 93.51% gc time)
  Root       Energy           S2
     1 -447.61799783   1.25522500
     2 -447.61755021   1.64818392
     3 -447.61538673   5.49706459
     4 -447.61361275  11.95651636
     5 -447.61044611  19.72244180
     6 -447.60644957  29.92135072
 ==================================================================|
 Overlap between old and new eigenvectors:
 -0.830  0.553  0.045 -0.026  0.048  0.002
  0.555  0.827  0.053 -0.063  0.005  0.013
  0.004 -0.069  0.992 -0.033 -0.095  0.001
 -0.013 -0.064 -0.037 -0.995  0.006 -0.058
  0.038 -0.037  0.092  0.004  0.994  0.001
  0.006  0.015  0.004  0.057  0.000 -0.998

 Singular values of overlap:
  1.000
  1.000
  1.000
  1.000
  1.000
  1.000
 Norm of new projection:
   0.01899025
   0.01622669
   0.01639757
   0.02003139
   0.01679930
   0.01187636

 In open_matvec_thread
 Setup threaded jobs:                                0.119431 seconds (152.69 k allocations: 10.531 MiB, 26.06% gc time)
 Number of jobs:    4732
 Number of threads: 64
 Compute matrix-vector:                            242.445247 seconds (535.73 M allocations: 17.666 GiB, 20.95% gc time)
 Now collect thread results :                        0.002398 seconds (9.48 k allocations: 807.656 KiB)
 Length of FOIS vector: 39623108
 Compute diagonal:                                   0.612537 seconds (47.32 k allocations: 310.863 MiB)


  Root         E(0)         E(2)
     1 -447.61799798 -447.63239315
     2 -447.61755007 -447.63215781
     3 -447.61538673 -447.63250142
     4 -447.61361275 -447.62923569
     5 -447.61044611 -447.62580787
     6 -447.60644957 -447.62083744
 Length of PT1  vector                            39623108 →   6138
 TPSCI Iter 3   Dim: 122779 E(var): -447.61799783 -447.61755021 -447.61538673 -447.61361275 -447.61044611 -447.60644957 


 ===================================================================
     Selected CI Iteration:    4 epsilon:   0.00030000
 ===================================================================
 Add pt vector to current space                   122779 → 128917
 In open_matvec_thread
 Setup threaded jobs:                                0.003328 seconds (12.37 k allocations: 933.828 KiB)
 Number of jobs:    1546
 Number of threads: 64
 Compute matrix-vector:                              9.222177 seconds (31.32 M allocations: 1003.107 MiB)
 Now collect thread results :                        0.000822 seconds (3.11 k allocations: 194.234 KiB)
 S^2 Residual   0.01652137
 S^2 Residual   0.01227686
 S^2 Residual   0.02877509
 S^2 Residual   0.02310428
 S^2 Residual   0.03483119
 S^2 Residual   0.02936472
 Add spin completing states                       128917 → 144614
 Memory needed to hold full CI matrix: 167.30567197 (Gb) Max allowed: 800.00000000 (Gb)

 |== Tensor Product State CI =======================================
 Hamiltonian matrix dimension = 144614: 
 Fill old/old Hamiltonian:                         1361.132240 seconds (6 allocations: 1.874 MiB)
 Build old/new Hamiltonian matrix with dimension:  635.358422 seconds (8.98 G allocations: 299.261 GiB, 79.60% gc time)
 Build new/new Hamiltonian matrix with dimension:   32.665369 seconds (755.06 M allocations: 28.993 GiB, 49.10% gc time)
 Now diagonalize
 Iter:   1 SS: 6    E: -447.61799813  -447.61754992  -447.61538672  -447.61361274  -447.61044611  -447.60644957   R: 9.2e-02  9.4e-02  8.8e-02  7.8e-02  7.6e-02  7.9e-02   LinDep: 1.2e-15* 
 Iter:   2 SS: 12   E: -447.61958698  -447.61929430  -447.61683302  -447.61469020  -447.61149157  -447.60755258   R: 6.4e-03  6.8e-03  5.9e-03  4.8e-03  4.8e-03  4.2e-03   LinDep: 2.0e-15* 
 Iter:   3 SS: 18   E: -447.61960148  -447.61931106  -447.61684623  -447.61469807  -447.61150005  -447.60755842   R: 2.2e-03  2.4e-03  2.0e-03  1.4e-03  1.5e-03  9.1e-04   LinDep: 3.3e-15* 
 Iter:   4 SS: 24   E: -447.61960311  -447.61931292  -447.61684766  -447.61469872  -447.61150090  -447.60755874   R: 7.9e-04  8.3e-04  7.3e-04  4.9e-04  5.8e-04  3.5e-04   LinDep: 2.2e-15* 
 Iter:   5 SS: 30   E: -447.61960341  -447.61931326  -447.61684793  -447.61469885  -447.61150108  -447.60755880   R: 3.4e-04  3.5e-04  3.3e-04  2.2e-04  2.9e-04  1.3e-04   LinDep: 5.2e-15* 
 Iter:   6 SS: 36   E: -447.61960347  -447.61931333  -447.61684799  -447.61469887  -447.61150113  -447.60755881   R: 1.3e-04  1.4e-04  1.4e-04  1.0e-04  1.4e-04  6.0e-05   LinDep: 3.6e-15* 
 Iter:   7 SS: 42   E: -447.61960348  -447.61931334  -447.61684800  -447.61469888  -447.61150114  -447.60755881   R: 5.7e-05  6.1e-05  6.0e-05  4.7e-05  6.6e-05  2.3e-05   LinDep: 3.1e-15* 
 Iter:   8 SS: 48   E: -447.61960348  -447.61931334  -447.61684800  -447.61469888  -447.61150114  -447.60755881*  R: 2.5e-05  2.5e-05  2.4e-05  1.8e-05  2.4e-05  9.1e-06*  LinDep: 2.3e-15* 
 Iter:   9 SS: 54   E: -447.61960348  -447.61931334  -447.61684800  -447.61469888* -447.61150115  -447.60755881*  R: 1.2e-05  1.2e-05  1.0e-05  7.9e-06* 1.1e-05  6.8e-06*  LinDep: 3.8e-15* 
 Iter:  10 SS: 60   E: -447.61960348* -447.61931334* -447.61684800* -447.61469888* -447.61150115* -447.60755881*  R: 4.3e-06* 4.5e-06* 4.0e-06* 5.6e-06* 4.3e-06* 4.6e-06*  LinDep: 9.3e-15* 
 Diagonalization time:                             298.650576 seconds
 Compute S2 expectation values:                    601.677065 seconds (11.77 G allocations: 348.422 GiB, 92.78% gc time)
  Root       Energy           S2
     1 -447.61960348   1.45218821
     2 -447.61931334   2.07045873
     3 -447.61684800   4.96947242
     4 -447.61469888  11.71273131
     5 -447.61150115  19.83376353
     6 -447.60755881  29.96219529
 ==================================================================|
 Overlap between old and new eigenvectors:
  0.997  0.037  0.056 -0.006 -0.022  0.001
 -0.031  0.991 -0.096 -0.081  0.034  0.011
 -0.060  0.096  0.993  0.015 -0.034 -0.003
 -0.004 -0.080  0.024 -0.995  0.042  0.021
 -0.021  0.026 -0.037 -0.046 -0.997 -0.016
  0.001  0.009 -0.003 -0.022  0.018 -0.999

 Singular values of overlap:
  1.000
  1.000
  1.000
  1.000
  1.000
  1.000
 Norm of new projection:
   0.02089585
   0.02226074
   0.02006787
   0.01677683
   0.01664983
   0.01664319

 In open_matvec_thread
 Setup threaded jobs:                                0.090341 seconds (157.28 k allocations: 10.817 MiB)
 Number of jobs:    4736
 Number of threads: 64
 Compute matrix-vector:                            291.770589 seconds (628.11 M allocations: 20.708 GiB, 21.48% gc time)
 Now collect thread results :                        0.002821 seconds (9.49 k allocations: 807.906 KiB)
 Length of FOIS vector: 42000688
 Compute diagonal:                                   0.674526 seconds (47.36 k allocations: 329.008 MiB)


  Root         E(0)         E(2)
     1 -447.61960348 -447.63228356
     2 -447.61931333 -447.63173579
     3 -447.61684800 -447.63336282
     4 -447.61469888 -447.62969265
     5 -447.61150115 -447.62588609
     6 -447.60755881 -447.62087689
 Length of PT1  vector                            42000688 →   1799
 TPSCI Iter 4   Dim: 144614 E(var): -447.61960348 -447.61931334 -447.61684800 -447.61469888 -447.61150115 -447.60755881 


 ===================================================================
     Selected CI Iteration:    5 epsilon:   0.00030000
 ===================================================================
 Add pt vector to current space                   144614 → 146413
 In open_matvec_thread
 Setup threaded jobs:                                0.003658 seconds (12.67 k allocations: 950.516 KiB)
 Number of jobs:    1562
 Number of threads: 64
 Compute matrix-vector:                             10.252317 seconds (35.81 M allocations: 1.120 GiB)
 Now collect thread results :                        0.000816 seconds (3.14 k allocations: 195.234 KiB)
 S^2 Residual   0.01645483
 S^2 Residual   0.01529449
 S^2 Residual   0.02893556
 S^2 Residual   0.02036159
 S^2 Residual   0.02460563
 S^2 Residual   0.02382296
 Add spin completing states                       146413 → 169637
 Memory needed to hold full CI matrix: 230.21369415 (Gb) Max allowed: 800.00000000 (Gb)

 |== Tensor Product State CI =======================================
 Hamiltonian matrix dimension = 169637: 
 Fill old/old Hamiltonian:                         2176.493794 seconds (6 allocations: 2.207 MiB)
 Build old/new Hamiltonian matrix with dimension:  829.135433 seconds (11.88 G allocations: 397.433 GiB, 78.27% gc time)
 Build new/new Hamiltonian matrix with dimension:   35.205745 seconds (1.02 G allocations: 38.956 GiB, 57.87% gc time)
 Now diagonalize
 Iter:   1 SS: 6    E: -447.61960349  -447.61931333  -447.61684801  -447.61469888  -447.61150115  -447.60755881   R: 6.3e-02  7.1e-02  7.4e-02  8.7e-02  8.4e-02  6.9e-02   LinDep: 4.4e-16* 
 Iter:   2 SS: 12   E: -447.62041499  -447.62017345  -447.61785809  -447.61607439  -447.61271766  -447.60834907   R: 4.8e-03  4.5e-03  5.0e-03  5.7e-03  5.1e-03  3.8e-03   LinDep: 3.6e-15* 
 Iter:   3 SS: 18   E: -447.62042216  -447.62017928  -447.61786657  -447.61608548  -447.61272568  -447.60835301   R: 1.4e-03  1.1e-03  1.6e-03  1.8e-03  1.3e-03  7.2e-04   LinDep: 3.3e-15* 
 Iter:   4 SS: 24   E: -447.62042279  -447.62017971  -447.61786746  -447.61608658  -447.61272624  -447.60835320   R: 4.9e-04  4.1e-04  5.8e-04  6.6e-04  4.6e-04  2.4e-04   LinDep: 2.8e-15* 
 Iter:   5 SS: 30   E: -447.62042291  -447.62017978  -447.61786763  -447.61608681  -447.61272636  -447.60835324   R: 2.1e-04  1.8e-04  2.6e-04  3.1e-04  2.2e-04  1.2e-04   LinDep: 3.6e-15* 
 Iter:   6 SS: 36   E: -447.62042293  -447.62017980  -447.61786767  -447.61608686  -447.61272638  -447.60835325   R: 8.7e-05  7.5e-05  1.1e-04  1.4e-04  1.1e-04  6.1e-05   LinDep: 4.2e-15* 
 Iter:   7 SS: 42   E: -447.62042294  -447.62017980  -447.61786767  -447.61608687  -447.61272639  -447.60835325   R: 3.8e-05  3.4e-05  4.9e-05  6.5e-05  5.4e-05  2.5e-05   LinDep: 1.6e-15* 
 Iter:   8 SS: 48   E: -447.62042294  -447.62017980  -447.61786767  -447.61608687  -447.61272639  -447.60835325*  R: 1.7e-05  1.5e-05  2.0e-05  2.5e-05  2.1e-05  9.8e-06*  LinDep: 3.8e-15* 
 Iter:   9 SS: 54   E: -447.62042294* -447.62017980* -447.61786767* -447.61608687  -447.61272639* -447.60835325*  R: 9.6e-06* 8.7e-06* 9.1e-06* 1.1e-05  8.9e-06* 6.9e-06*  LinDep: 4.0e-15* 
 Iter:  10 SS: 60   E: -447.62042294* -447.62017980* -447.61786767* -447.61608687* -447.61272639* -447.60835325*  R: 8.0e-06* 7.0e-06* 6.6e-06* 3.9e-06* 6.6e-06* 4.4e-06*  LinDep: 5.3e-15* 
 Diagonalization time:                             396.546998 seconds
 Compute S2 expectation values:                    763.454850 seconds (14.73 G allocations: 436.296 GiB, 95.20% gc time)
  Root       Energy           S2
     1 -447.62042294   0.70972437
     2 -447.62017980   2.07995354
     3 -447.61786767   5.67242271
     4 -447.61608687  12.00384843
     5 -447.61272639  19.66267064
     6 -447.60835325  29.87209708
 ==================================================================|
 Overlap between old and new eigenvectors:
  0.844 -0.520  0.122  0.045  0.031  0.000
 -0.522 -0.849 -0.033  0.073 -0.020  0.011
  0.119 -0.037 -0.990 -0.009  0.052 -0.017
 -0.001  0.085 -0.009  0.994  0.049 -0.036
 -0.043 -0.003  0.048 -0.049  0.996 -0.014
 -0.007 -0.012  0.016 -0.034 -0.017 -0.999

 Singular values of overlap:
  1.000
  1.000
  1.000
  1.000
  1.000
  1.000
 Norm of new projection:
   0.01558726
   0.01430622
   0.01627599
   0.01880644
   0.01701581
   0.01331387

 In open_matvec_thread
 Setup threaded jobs:                                0.094822 seconds (162.42 k allocations: 11.175 MiB)
 Number of jobs:    4736
 Number of threads: 64
 Compute matrix-vector:                            236.847228 seconds (727.84 M allocations: 23.644 GiB)
 Now collect thread results :                        0.002762 seconds (9.49 k allocations: 807.906 KiB)
 Length of FOIS vector: 44023633
 Compute diagonal:                                   0.678874 seconds (47.36 k allocations: 344.442 MiB)


  Root         E(0)         E(2)
     1 -447.62042284 -447.63333235
     2 -447.62017989 -447.63197207
     3 -447.61786767 -447.63277599
     4 -447.61608687 -447.62963845
     5 -447.61272639 -447.62622960
     6 -447.60835325 -447.62103601
 Length of PT1  vector                            44023633 →     81
 TPSCI Iter 5   Dim: 169637 E(var): -447.62042294 -447.62017980 -447.61786767 -447.61608687 -447.61272639 -447.60835325 


 ===================================================================
     Selected CI Iteration:    6 epsilon:   0.00030000
 ===================================================================
 Add pt vector to current space                   169637 → 169718
 In open_matvec_thread
 Setup threaded jobs:                                0.003450 seconds (13.21 k allocations: 983.484 KiB)
 Number of jobs:    1636
 Number of threads: 64
 Compute matrix-vector:                             12.358983 seconds (41.74 M allocations: 1.304 GiB)
 Now collect thread results :                        0.000813 seconds (3.29 k allocations: 199.859 KiB)
 S^2 Residual   0.01777168
 S^2 Residual   0.01004534
 S^2 Residual   0.03131583
 S^2 Residual   0.02486712
 S^2 Residual   0.03772904
 S^2 Residual   0.04175073
 Add spin completing states                       169718 → 193307
 Memory needed to hold full CI matrix: 298.94076999 (Gb) Max allowed: 800.00000000 (Gb)

 |== Tensor Product State CI =======================================
 Hamiltonian matrix dimension = 193307: 
 Fill old/old Hamiltonian:                         3745.074286 seconds (6 allocations: 2.589 MiB)
 Build old/new Hamiltonian matrix with dimension:  851.813348 seconds (12.45 G allocations: 420.670 GiB, 76.20% gc time)
 Build new/new Hamiltonian matrix with dimension:   38.909827 seconds (1.06 G allocations: 39.153 GiB, 44.23% gc time)
 Now diagonalize
 Iter:   1 SS: 6    E: -447.62042281  -447.62017993  -447.61786767  -447.61608688  -447.61272639  -447.60835325   R: 4.7e-02  3.4e-02  7.2e-02  6.2e-02  7.6e-02  8.9e-02   LinDep: 2.9e-15* 
 Iter:   2 SS: 12   E: -447.62091869  -447.62038520  -447.61873647  -447.61671005  -447.61368675  -447.60967269   R: 4.0e-03  2.4e-03  4.4e-03  3.7e-03  4.7e-03  5.2e-03   LinDep: 1.1e-16* 
 Iter:   3 SS: 18   E: -447.62092330  -447.62038655  -447.61874254  -447.61671367  -447.61369332  -447.60968003   R: 1.1e-03  4.2e-04  1.3e-03  7.1e-04  1.2e-03  9.6e-04   LinDep: 2.6e-15* 
 Iter:   4 SS: 24   E: -447.62092366  -447.62038660  -447.61874309  -447.61671384  -447.61369383  -447.60968038   R: 3.9e-04  1.5e-04  4.8e-04  2.5e-04  4.6e-04  2.9e-04   LinDep: 7.8e-15* 
 Iter:   5 SS: 30   E: -447.62092374  -447.62038661  -447.61874321  -447.61671387  -447.61369394  -447.60968043   R: 1.7e-04  6.5e-05  2.2e-04  1.1e-04  2.2e-04  1.4e-04   LinDep: 1.1e-14* 
 Iter:   6 SS: 36   E: -447.62092375  -447.62038662  -447.61874324  -447.61671388  -447.61369397  -447.60968044   R: 7.8e-05  3.1e-05  1.0e-04  5.3e-05  1.1e-04  6.1e-05   LinDep: 6.7e-16* 
 Iter:   7 SS: 42   E: -447.62092376  -447.62038662  -447.61874325  -447.61671388  -447.61369398  -447.60968044   R: 3.5e-05  1.4e-05  4.7e-05  2.5e-05  5.3e-05  2.9e-05   LinDep: 4.4e-16* 
 Iter:   8 SS: 48   E: -447.62092376  -447.62038662* -447.61874325  -447.61671388  -447.61369398  -447.60968044   R: 1.4e-05  5.8e-06* 1.8e-05  1.0e-05  2.0e-05  1.1e-05   LinDep: 8.0e-15* 
 Iter:   9 SS: 54   E: -447.62092376* -447.62038662* -447.61874325* -447.61671388* -447.61369398* -447.60968044*  R: 6.3e-06* 3.3e-06* 8.0e-06* 4.3e-06* 8.6e-06* 4.1e-06*  LinDep: 8.9e-16* 
 Diagonalization time:                             507.182794 seconds
 Compute S2 expectation values:                    907.455352 seconds (17.95 G allocations: 531.791 GiB, 92.93% gc time)
  Root       Energy           S2
     1 -447.62092376   0.10141856
     2 -447.62038662   1.98394797
     3 -447.61874325   5.95916657
     4 -447.61671388  12.01492497
     5 -447.61369398  19.96100158
     6 -447.60968044  29.97983649
 ==================================================================|
 Overlap between old and new eigenvectors:
  0.970 -0.051  0.236 -0.016 -0.012  0.001
  0.054  0.996 -0.013 -0.071  0.007  0.006
 -0.231  0.028  0.965  0.055  0.103 -0.005
  0.033  0.068 -0.052  0.995  0.015  0.045
  0.035 -0.012 -0.096 -0.022  0.994  0.029
 -0.005 -0.008  0.010 -0.044 -0.029  0.998

 Singular values of overlap:
  1.000
  1.000
  1.000
  1.000
  1.000
  1.000
 Norm of new projection:
   0.01262742
   0.00714026
   0.01406487
   0.01190669
   0.01482434
   0.01717280

 In open_matvec_thread
 Setup threaded jobs:                                0.098735 seconds (169.36 k allocations: 11.665 MiB)
 Number of jobs:    4744
 Number of threads: 64
 Compute matrix-vector:                            251.628278 seconds (826.29 M allocations: 26.491 GiB)
 Now collect thread results :                        0.003004 seconds (9.51 k allocations: 808.406 KiB)
 Length of FOIS vector: 45602090
 Compute diagonal:                                   4.012041 seconds (47.44 k allocations: 356.494 MiB, 83.38% gc time)


  Root         E(0)         E(2)
     1 -447.62092372 -447.63473268
     2 -447.62038664 -447.63228050
     3 -447.61874326 -447.63196747
     4 -447.61671387 -447.62954464
     5 -447.61369398 -447.62615961
     6 -447.60968044 -447.62113799
 Length of PT1  vector                            45602090 →     18
 TPSCI Iter 6   Dim: 193307 E(var): -447.62092376 -447.62038662 -447.61874325 -447.61671388 -447.61369398 -447.60968044 


 ===================================================================
     Selected CI Iteration:    7 epsilon:   0.00030000
 ===================================================================
 Add pt vector to current space                   193307 → 193325
 In open_matvec_thread
 Setup threaded jobs:                                0.003673 seconds (13.74 k allocations: 1011.484 KiB)
 Number of jobs:    1660
 Number of threads: 64
 Compute matrix-vector:                             13.691366 seconds (47.88 M allocations: 1.493 GiB)
 Now collect thread results :                        0.000994 seconds (3.33 k allocations: 201.359 KiB)
 S^2 Residual   0.01567149
 S^2 Residual   0.00548921
 S^2 Residual   0.01572361
 S^2 Residual   0.01194294
 S^2 Residual   0.01824228
 S^2 Residual   0.02745541
 Add spin completing states                       193325 → 201934
 Memory needed to hold full CI matrix: 326.21872285 (Gb) Max allowed: 800.00000000 (Gb)

 |== Tensor Product State CI =======================================
 Hamiltonian matrix dimension = 201934: 
 Fill old/old Hamiltonian:                         5820.174763 seconds (6 allocations: 2.950 MiB)
 Build old/new Hamiltonian matrix with dimension:  326.701773 seconds (4.59 G allocations: 157.877 GiB, 71.35% gc time)
 Build new/new Hamiltonian matrix with dimension:   13.209611 seconds (151.62 M allocations: 5.503 GiB, 77.50% gc time)
 Now diagonalize
 Iter:   1 SS: 6    E: -447.62092369  -447.62038666  -447.61874328  -447.61671387  -447.61369398  -447.60968044   R: 3.3e-02  1.4e-02  4.0e-02  3.0e-02  4.0e-02  5.6e-02   LinDep: 5.1e-15* 
 Iter:   2 SS: 12   E: -447.62112591  -447.62042107  -447.61899696  -447.61685462  -447.61393529  -447.61016588   R: 2.4e-03  1.0e-03  2.4e-03  1.9e-03  2.4e-03  3.4e-03   LinDep: 2.2e-16* 
 Iter:   3 SS: 18   E: -447.62112727  -447.62042132  -447.61899838  -447.61685548  -447.61393667  -447.61016849   R: 3.9e-04  1.6e-04  4.0e-04  2.8e-04  3.9e-04  4.7e-04   LinDep: 2.9e-15* 
 Iter:   4 SS: 24   E: -447.62112732  -447.62042133  -447.61899844  -447.61685551  -447.61393672  -447.61016857   R: 1.3e-04  5.3e-05  1.4e-04  8.9e-05  1.3e-04  1.4e-04   LinDep: 8.9e-16* 
 Iter:   5 SS: 30   E: -447.62112733  -447.62042133  -447.61899845  -447.61685551  -447.61393673  -447.61016858   R: 5.7e-05  2.2e-05  5.8e-05  3.6e-05  5.7e-05  6.0e-05   LinDep: 2.4e-15* 
 Iter:   6 SS: 36   E: -447.62112733  -447.62042133* -447.61899845  -447.61685551  -447.61393673  -447.61016858   R: 2.7e-05  9.8e-06* 2.8e-05  1.6e-05  2.9e-05  2.7e-05   LinDep: 6.7e-16* 
 Iter:   7 SS: 42   E: -447.62112733  -447.62042133* -447.61899845  -447.61685551* -447.61393673  -447.61016858   R: 1.3e-05  6.9e-06* 1.4e-05  8.2e-06* 1.4e-05  1.3e-05   LinDep: 2.0e-15* 
 Iter:   8 SS: 48   E: -447.62112733* -447.62042133* -447.61899845* -447.61685551* -447.61393673* -447.61016858*  R: 6.4e-06* 5.4e-06* 5.8e-06* 5.9e-06* 5.7e-06* 5.8e-06*  LinDep: 2.7e-15* 
 Diagonalization time:                             469.709384 seconds
 Compute S2 expectation values:                    942.036726 seconds (18.92 G allocations: 560.513 GiB, 93.50% gc time)
  Root       Energy           S2
     1 -447.62112733   0.01937362
     2 -447.62042133   1.98460290
     3 -447.61899845   6.00159146
     4 -447.61685551  11.99734123
     5 -447.61393673  20.00045365
     6 -447.61016858  29.99668151
 ==================================================================|
 Overlap between old and new eigenvectors:
  0.995 -0.010 -0.102 -0.009 -0.018  0.004
 -0.010 -1.000  0.008 -0.017  0.003  0.006
 -0.101 -0.007 -0.994  0.016  0.042 -0.008
  0.010 -0.017  0.015  0.999 -0.002  0.027
  0.022  0.003  0.039  0.001  0.999  0.021
 -0.006  0.006 -0.008 -0.027 -0.020  0.999

 Singular values of overlap:
  1.000
  1.000
  1.000
  1.000
  1.000
  1.000
 Norm of new projection:
   0.00723274
   0.00294842
   0.00741196
   0.00567090
   0.00723122
   0.01014783

 In open_matvec_thread
 Setup threaded jobs:                                0.098662 seconds (169.36 k allocations: 11.665 MiB)
 Number of jobs:    4744
 Number of threads: 64
 Compute matrix-vector:                            287.214250 seconds (856.20 M allocations: 27.022 GiB, 22.73% gc time)
 Now collect thread results :                        0.002941 seconds (9.51 k allocations: 808.406 KiB)
 Length of FOIS vector: 46051336
 Compute diagonal:                                   0.735124 seconds (47.44 k allocations: 359.922 MiB)


  Root         E(0)         E(2)
     1 -447.62112733 -447.63528711
     2 -447.62042133 -447.63234238
     3 -447.61899845 -447.63159540
     4 -447.61685551 -447.62953461
     5 -447.61393673 -447.62612255
     6 -447.61016858 -447.62118057
 Length of PT1  vector                            46051336 →     14
 TPSCI Iter 7   Dim: 201934 E(var): -447.62112733 -447.62042133 -447.61899845 -447.61685551 -447.61393673 -447.61016858 


 ===================================================================
     Selected CI Iteration:    8 epsilon:   0.00030000
 ===================================================================
 Add pt vector to current space                   201934 → 201948
 In open_matvec_thread
 Setup threaded jobs:                                0.003682 seconds (13.74 k allocations: 1011.484 KiB)
 Number of jobs:    1660
 Number of threads: 64
 Compute matrix-vector:                             14.522444 seconds (50.13 M allocations: 1.562 GiB)
 Now collect thread results :                        0.001017 seconds (3.33 k allocations: 201.359 KiB)
 S^2 Residual   0.00810343
 S^2 Residual   0.00418500
 S^2 Residual   0.00615265
 S^2 Residual   0.00832930
 S^2 Residual   0.01038351
 S^2 Residual   0.01255068
 Add spin completing states                       201948 → 204478
 Memory needed to hold full CI matrix: 334.49001987 (Gb) Max allowed: 800.00000000 (Gb)

 |== Tensor Product State CI =======================================
 Hamiltonian matrix dimension = 204478: 
 Fill old/old Hamiltonian:                         7122.785373 seconds (6 allocations: 3.081 MiB)
 Build old/new Hamiltonian matrix with dimension:  100.497433 seconds (1.51 G allocations: 51.405 GiB, 70.99% gc time)
 Build new/new Hamiltonian matrix with dimension:    0.439196 seconds (13.64 M allocations: 499.525 MiB, 48.96% gc time)
 Now diagonalize
 Iter:   1 SS: 6    E: -447.62112733  -447.62042133  -447.61899845  -447.61685551  -447.61393673  -447.61016858   R: 1.7e-02  8.0e-03  1.8e-02  1.4e-02  1.6e-02  2.6e-02   LinDep: 2.0e-15* 
 Iter:   2 SS: 12   E: -447.62118320  -447.62044004  -447.61905414  -447.61689665  -447.61398563  -447.61028224   R: 1.2e-03  7.4e-04  1.2e-03  1.0e-03  1.1e-03  1.7e-03   LinDep: 2.4e-15* 
 Iter:   3 SS: 18   E: -447.62118363  -447.62044028  -447.61905453  -447.61689701  -447.61398601  -447.61028293   R: 2.1e-04  1.8e-04  2.0e-04  2.1e-04  2.1e-04  2.6e-04   LinDep: 3.7e-15* 
 Iter:   4 SS: 24   E: -447.62118364  -447.62044030  -447.61905454  -447.61689703  -447.61398602  -447.61028295   R: 6.8e-05  6.0e-05  6.2e-05  6.8e-05  6.1e-05  8.4e-05   LinDep: 4.6e-15* 
 Iter:   5 SS: 30   E: -447.62118365  -447.62044030  -447.61905455  -447.61689703  -447.61398603  -447.61028295   R: 2.7e-05  2.3e-05  2.4e-05  2.7e-05  2.4e-05  3.4e-05   LinDep: 1.1e-15* 
 Iter:   6 SS: 36   E: -447.62118365  -447.62044030  -447.61905455  -447.61689703  -447.61398603  -447.61028295   R: 1.3e-05  1.0e-05  1.2e-05  1.3e-05  1.1e-05  1.5e-05   LinDep: 1.3e-15* 
 Iter:   7 SS: 42   E: -447.62118365* -447.62044030* -447.61905455* -447.61689703* -447.61398603* -447.61028295*  R: 6.6e-06* 4.9e-06* 6.0e-06* 6.1e-06* 5.2e-06* 8.0e-06*  LinDep: 1.1e-15* 
 Diagonalization time:                             461.317638 seconds
 Compute S2 expectation values:                    962.964273 seconds (19.23 G allocations: 569.838 GiB, 94.05% gc time)
  Root       Energy           S2
     1 -447.62118365   0.01637075
     2 -447.62044030   1.99036284
     3 -447.61905455   5.99716128
     4 -447.61689703  11.99992395
     5 -447.61398603  19.99788425
     6 -447.61028295  29.99830459
 ==================================================================|
 Overlap between old and new eigenvectors:
 -1.000 -0.011 -0.021  0.002  0.004  0.002
 -0.011  1.000 -0.007  0.005  0.001  0.002
 -0.021  0.007  1.000  0.005  0.008  0.002
  0.003 -0.005 -0.005  1.000 -0.003 -0.007
 -0.004  0.001  0.007 -0.003 -1.000  0.005
 -0.002  0.002  0.002 -0.007 -0.005 -1.000

 Singular values of overlap:
  1.000
  1.000
  1.000
  1.000
  1.000
  1.000
 Norm of new projection:
   0.00400106
   0.00287278
   0.00382193
   0.00362071
   0.00367055
   0.00514339

 In open_matvec_thread
 Setup threaded jobs:                                0.098603 seconds (169.36 k allocations: 11.665 MiB)
 Number of jobs:    4744
 Number of threads: 64
 Compute matrix-vector:                            265.595920 seconds (864.98 M allocations: 27.162 GiB, 19.28% gc time)
 Now collect thread results :                        0.002856 seconds (9.51 k allocations: 808.406 KiB)
 Length of FOIS vector: 46216468
 Compute diagonal:                                   0.740138 seconds (47.44 k allocations: 361.182 MiB)


  Root         E(0)         E(2)
     1 -447.62118365 -447.63540878
     2 -447.62044030 -447.63236636
     3 -447.61905454 -447.63152393
     4 -447.61689703 -447.62954032
     5 -447.61398603 -447.62612462
     6 -447.61028295 -447.62119197
 Length of PT1  vector                            46216468 →      4
 TPSCI Iter 8   Dim: 204478 E(var): -447.62118365 -447.62044030 -447.61905455 -447.61689703 -447.61398603 -447.61028295 


 ===================================================================
     Selected CI Iteration:    9 epsilon:   0.00030000
 ===================================================================
 Add pt vector to current space                   204478 → 204482
 In open_matvec_thread
 Setup threaded jobs:                                0.004284 seconds (13.74 k allocations: 1011.484 KiB)
 Number of jobs:    1660
 Number of threads: 64
 Compute matrix-vector:                             15.067172 seconds (50.79 M allocations: 1.583 GiB)
 Now collect thread results :                        0.000905 seconds (3.33 k allocations: 201.359 KiB)
 S^2 Residual   0.00648210
 S^2 Residual   0.00431174
 S^2 Residual   0.00446202
 S^2 Residual   0.00804304
 S^2 Residual   0.00967554
 S^2 Residual   0.00924772
 Add spin completing states                       204482 → 205816
 Memory needed to hold full CI matrix: 338.88180685 (Gb) Max allowed: 800.00000000 (Gb)

 |== Tensor Product State CI =======================================
 Hamiltonian matrix dimension = 205816: 
 Fill old/old Hamiltonian:                         6902.952150 seconds (6 allocations: 3.120 MiB)
 Build old/new Hamiltonian matrix with dimension:   37.285847 seconds (774.63 M allocations: 26.644 GiB, 56.18% gc time)
 Build new/new Hamiltonian matrix with dimension:    0.092334 seconds (5.24 M allocations: 180.872 MiB)
 Now diagonalize
 Iter:   1 SS: 6    E: -447.62118365  -447.62044030  -447.61905454  -447.61689703  -447.61398603  -447.61028295   R: 1.3e-02  1.3e-02  1.0e-02  1.5e-02  1.7e-02  1.5e-02   LinDep: 1.9e-15* 
 Iter:   2 SS: 12   E: -447.62121996  -447.62047980  -447.61907787  -447.61694273  -447.61403910  -447.61031830   R: 9.4e-04  9.9e-04  7.8e-04  1.0e-03  1.1e-03  9.1e-04   LinDep: 1.1e-15* 
 Iter:   3 SS: 18   E: -447.62122023  -447.62048015  -447.61907810  -447.61694306  -447.61403945  -447.61031854   R: 1.8e-04  2.2e-04  1.7e-04  1.9e-04  1.9e-04  1.8e-04   LinDep: 4.4e-15* 
 Iter:   4 SS: 24   E: -447.62122024  -447.62048017  -447.61907811  -447.61694307  -447.61403947  -447.61031855   R: 5.4e-05  6.7e-05  5.2e-05  5.8e-05  6.1e-05  6.2e-05   LinDep: 2.4e-15* 
 Iter:   5 SS: 30   E: -447.62122024  -447.62048018  -447.61907811  -447.61694308  -447.61403947  -447.61031856   R: 2.1e-05  2.7e-05  2.1e-05  2.3e-05  2.4e-05  2.2e-05   LinDep: 2.4e-15* 
 Iter:   6 SS: 36   E: -447.62122024* -447.62048018  -447.61907811  -447.61694308  -447.61403947  -447.61031856*  R: 9.9e-06* 1.3e-05  1.0e-05  1.1e-05  1.1e-05  9.9e-06*  LinDep: 3.8e-15* 
 Iter:   7 SS: 42   E: -447.62122025* -447.62048018* -447.61907811* -447.61694308* -447.61403947* -447.61031856*  R: 5.7e-06* 6.3e-06* 4.8e-06* 5.4e-06* 6.2e-06* 7.3e-06*  LinDep: 7.5e-15* 
 Diagonalization time:                             436.891789 seconds
 Compute S2 expectation values:                    996.285307 seconds (19.41 G allocations: 575.040 GiB, 91.68% gc time)
  Root       Energy           S2
     1 -447.62122025   0.00830217
     2 -447.62048018   1.99973474
     3 -447.61907811   5.99489908
     4 -447.61694308  11.99809922
     5 -447.61403947  19.99915694
     6 -447.61031856  29.99981430
 ==================================================================|
 Overlap between old and new eigenvectors:
 -1.000 -0.029 -0.001  0.006  0.003  0.000
  0.029 -1.000  0.003 -0.006 -0.003 -0.001
  0.001 -0.002 -1.000 -0.006 -0.000  0.001
 -0.006  0.005  0.006 -1.000  0.010  0.002
  0.003 -0.003 -0.000  0.010  1.000 -0.008
  0.000 -0.001  0.001  0.002  0.008  1.000

 Singular values of overlap:
  1.000
  1.000
  1.000
  1.000
  1.000
  1.000
 Norm of new projection:
   0.00321956
   0.00360516
   0.00280806
   0.00349748
   0.00366607
   0.00288852

 In open_matvec_thread
 Setup threaded jobs:                                0.099020 seconds (169.36 k allocations: 11.665 MiB)
 Number of jobs:    4744
 Number of threads: 64
 Compute matrix-vector:                            267.252306 seconds (869.85 M allocations: 27.282 GiB, 19.49% gc time)
 Now collect thread results :                        0.002453 seconds (9.51 k allocations: 808.406 KiB)
 Length of FOIS vector: 46291434
 Compute diagonal:                                   0.754279 seconds (47.44 k allocations: 361.753 MiB)


  Root         E(0)         E(2)
     1 -447.62122024 -447.63543745
     2 -447.62048018 -447.63237977
     3 -447.61907811 -447.63152486
     4 -447.61694308 -447.62953229
     5 -447.61403947 -447.62613573
     6 -447.61031856 -447.62119996
 Length of PT1  vector                            46291434 →      0
*TPSCI Iter 9   Dim: 205816 E(var): -447.62122025 -447.62048018 -447.61907811 -447.61694308 -447.61403947 -447.61031856 

 ─────────────────────────────────────────────────────────────────────────
                                 Time                    Allocations      
                        ───────────────────────   ────────────────────────
    Tot / % measured:        14.4h /  96.2%           9.43TiB /  89.4%    

 Section        ncalls     time    %tot     avg     alloc    %tot      avg
 ─────────────────────────────────────────────────────────────────────────
 ci                  9    12.3h   88.8%   1.37h   7.97TiB   94.6%   907GiB
 matvec              9    2810s    5.6%    312s    207GiB    2.4%  23.0GiB
 sig rotate          9    1464s    2.9%    163s    131GiB    1.5%  14.6GiB
 copy               27    1100s    2.2%   40.7s    102GiB    1.2%  3.78GiB
 s2 extension        9     149s    0.3%   16.5s   13.3GiB    0.2%  1.48GiB
 sig update          9    31.7s    0.1%   3.52s   2.15GiB    0.0%   245MiB
 project out         9    29.2s    0.1%   3.25s   8.13GiB    0.1%   926MiB
 diagonal            9    9.39s    0.0%   1.04s   2.95GiB    0.0%   335MiB
 vec rotate          9    8.73s    0.0%   970ms    703MiB    0.0%  78.1MiB
 ─────────────────────────────────────────────────────────────────────────

 |..................................do batched PT2......................................
 thresh_foi    :1.0e-8
 prescreen     :true
 H0            :Hcmf
 nbody         :4
 Norms of input states:
   1.00000000
   1.00000000
   1.00000000
   1.00000000
   1.00000000
   1.00000000
 Compute <0|H0|0>:                                 200.875753 seconds (4.57 G allocations: 136.000 GiB, 82.60% gc time)
 Compute <0|H|0>:                                  9313.128236 seconds (147.57 G allocations: 4.224 TiB, 90.55% gc time)
 Number of jobs:    4744
 Number of threads: 64
   |----------------------------------------------------------------------------------------------------|
   |0%                                                                                              100%|
   |----------------------------------------------------------------------------------------------------|
 Time spent computing E2       7403.5 (s)
  Root         E(0)         E(2)
     1 -447.62122024 -447.62998864
     2 -447.62048018 -447.62917119
     3 -447.61907811 -447.62753181
     4 -447.61694308 -447.62504125
     5 -447.61403947 -447.62166988
     6 -447.61031855 -447.61736732
 ......................................................................................|
*E(PT2): -0.008768399763 -0.008691009819 -0.008453703893 -0.008098171958 -0.007630415917 -0.007048764738 
 ci_vector     : (205816, 6)
 thresh_cipsi  : 0.00025
 thresh_foi    : 1.0e-5
 thresh_asci   : nothing
 thresh_var    : nothing
 thresh_spin   : 0.0001
 max_iter      : 10
 conv_thresh   : 0.0001
 nbody         : 4
 incremental   : true
 ci_conv       : 1.0e-5
 ci_max_iter   : 50
 ci_max_ss_vecs: 12
 ci_lindep_thresh: 1.0e-12
 davidson      : false
 max_mem_ci    : 800
 threaded      : true


 ===================================================================
     Selected CI Iteration:    1 epsilon:   0.00025000
 ===================================================================
 In open_matvec_thread
 Setup threaded jobs:                                0.003638 seconds (13.74 k allocations: 1011.484 KiB)
 Number of jobs:    1660
 Number of threads: 64
 Compute matrix-vector:                             14.608557 seconds (51.13 M allocations: 1.593 GiB)
 Now collect thread results :                        0.000822 seconds (3.33 k allocations: 201.359 KiB)
 S^2 Residual   0.00139238
 S^2 Residual   0.00103378
 S^2 Residual   0.00104403
 S^2 Residual   0.00165153
 S^2 Residual   0.00183659
 S^2 Residual   0.00183755
 Add spin completing states                       205816 → 206796
 Memory needed to hold full CI matrix: 342.11668493 (Gb) Max allowed: 800.00000000 (Gb)

 |== Tensor Product State CI =======================================
 Hamiltonian matrix dimension = 206796: 
 Build full Hamiltonian matrix with dimension:     8708.306266 seconds (76.75 G allocations: 2.784 TiB, 44.10% gc time)
 Now diagonalize
 Iter:   1 SS: 6    E: -447.62122024  -447.62048018  -447.61907811  -447.61694308  -447.61403947  -447.61031855   R: 1.2e-02  1.7e-02  1.5e-02  1.4e-02  1.2e-02  6.4e-03   LinDep: 2.9e-15* 
 Iter:   2 SS: 12   E: -447.62124755  -447.62053339  -447.61911929  -447.61697614  -447.61406172  -447.61032491   R: 8.4e-04  1.1e-03  1.0e-03  8.7e-04  7.2e-04  4.2e-04   LinDep: 2.7e-15* 
 Iter:   3 SS: 18   E: -447.62124773  -447.62053373  -447.61911957  -447.61697634  -447.61406186  -447.61032498   R: 1.4e-04  1.9e-04  1.7e-04  1.4e-04  1.4e-04  1.2e-04   LinDep: 2.7e-15* 
 Iter:   4 SS: 24   E: -447.62124774  -447.62053374  -447.61911958  -447.61697634  -447.61406187  -447.61032498   R: 4.1e-05  5.6e-05  5.4e-05  4.6e-05  4.6e-05  3.3e-05   LinDep: 1.0e-15* 
 Iter:   5 SS: 30   E: -447.62124774  -447.62053374  -447.61911959  -447.61697634  -447.61406187  -447.61032498   R: 1.6e-05  2.1e-05  2.1e-05  1.8e-05  1.7e-05  1.4e-05   LinDep: 2.0e-15* 
 Iter:   6 SS: 36   E: -447.62124774* -447.62053374* -447.61911959* -447.61697634* -447.61406187* -447.61032498*  R: 6.8e-06* 9.3e-06* 9.4e-06* 8.1e-06* 7.4e-06* 5.9e-06*  LinDep: 0.0e+00* 
 Diagonalization time:                             363.731946 seconds
 Compute S2 expectation values:                    935.928240 seconds (19.49 G allocations: 577.420 GiB, 93.62% gc time)
  Root       Energy           S2
     1 -447.62124774   0.00061098
     2 -447.62053374   2.00020161
     3 -447.61911959   5.99952729
     4 -447.61697634  11.99972771
     5 -447.61406187  19.99994742
     6 -447.61032498  29.99999459
 ==================================================================|
 Overlap between old and new eigenvectors:
  0.000  0.000  0.000  0.000  0.000  0.000
  0.000  0.000  0.000  0.000  0.000  0.000
  0.000  0.000  0.000  0.000  0.000  0.000
  0.000  0.000  0.000  0.000  0.000  0.000
  0.000  0.000  0.000  0.000  0.000  0.000
  0.000  0.000  0.000  0.000  0.000  0.000

 Singular values of overlap:
  0.000
  0.000
  0.000
  0.000
  0.000
  0.000
 Norm of new projection:
   1.00000000
   1.00000000
   1.00000000
   1.00000000
   1.00000000
   1.00000000

 In open_matvec_thread
 Setup threaded jobs:                                0.130275 seconds (169.81 k allocations: 11.697 MiB, 19.59% gc time)
 Number of jobs:    4748
 Number of threads: 64
 Compute matrix-vector:                            1153.070697 seconds (992.76 M allocations: 34.829 GiB, 5.71% gc time)
 Now collect thread results :                        0.003620 seconds (9.52 k allocations: 808.656 KiB)
 Length of FOIS vector: 46113753
 Compute diagonal:                                   2.593989 seconds (47.48 k allocations: 360.403 MiB, 74.13% gc time)


  Root         E(0)         E(2)
     1 -447.62124773 -447.63571618
     2 -447.62053375 -447.63267604
     3 -447.61911959 -447.63190154
     4 -447.61697634 -447.62978669
     5 -447.61406187 -447.62634185
     6 -447.61032498 -447.62131041
 Length of PT1  vector                            46113753 →    349
 TPSCI Iter 1   Dim: 206796 E(var): -447.62124774 -447.62053374 -447.61911959 -447.61697634 -447.61406187 -447.61032498 


 ===================================================================
     Selected CI Iteration:    2 epsilon:   0.00025000
 ===================================================================
 Add pt vector to current space                   206796 → 207145
 In open_matvec_thread
 Setup threaded jobs:                                0.003637 seconds (13.80 k allocations: 1017.797 KiB)
 Number of jobs:    1660
 Number of threads: 64
 Compute matrix-vector:                             15.698092 seconds (51.44 M allocations: 1.603 GiB, 4.33% gc time)
 Now collect thread results :                        0.000906 seconds (3.33 k allocations: 201.359 KiB)
 S^2 Residual   0.00101596
 S^2 Residual   0.00065906
 S^2 Residual   0.00076336
 S^2 Residual   0.00107343
 S^2 Residual   0.00126636
 S^2 Residual   0.00138189
 Add spin completing states                       207145 → 207341
 Memory needed to hold full CI matrix: 343.92232225 (Gb) Max allowed: 800.00000000 (Gb)

 |== Tensor Product State CI =======================================
 Hamiltonian matrix dimension = 207341: 
 Fill old/old Hamiltonian:                         7185.272576 seconds (6 allocations: 3.156 MiB)
 Build old/new Hamiltonian matrix with dimension:   51.514487 seconds (445.64 M allocations: 14.401 GiB, 84.24% gc time)
 Build new/new Hamiltonian matrix with dimension:    0.028577 seconds (1.37 M allocations: 43.529 MiB)
 Now diagonalize
 Iter:   1 SS: 6    E: -447.62124772  -447.62053376  -447.61911959  -447.61697634  -447.61406187  -447.61032498   R: 8.4e-03  1.2e-02  1.1e-02  8.3e-03  4.6e-03  6.9e-03   LinDep: 1.7e-15* 
 Iter:   2 SS: 12   E: -447.62126136  -447.62055887  -447.61914247  -447.61698932  -447.61406683  -447.61034079   R: 6.5e-04  8.6e-04  8.2e-04  6.1e-04  4.1e-04  6.7e-04   LinDep: 2.2e-15* 
 Iter:   3 SS: 18   E: -447.62126152  -447.62055914  -447.61914272  -447.61698947  -447.61406690  -447.61034096   R: 1.3e-04  1.7e-04  1.7e-04  1.4e-04  1.0e-04  1.3e-04   LinDep: 2.6e-15* 
 Iter:   4 SS: 24   E: -447.62126153  -447.62055915  -447.61914273  -447.61698948  -447.61406691  -447.61034097   R: 4.2e-05  5.6e-05  5.5e-05  4.5e-05  3.2e-05  3.9e-05   LinDep: 5.6e-16* 
 Iter:   5 SS: 30   E: -447.62126153  -447.62055915  -447.61914273  -447.61698948  -447.61406691  -447.61034097   R: 1.5e-05  2.0e-05  2.1e-05  1.8e-05  1.2e-05  1.7e-05   LinDep: 2.4e-15* 
 Iter:   6 SS: 36   E: -447.62126153* -447.62055915* -447.61914273* -447.61698948* -447.61406691* -447.61034097*  R: 6.3e-06* 8.3e-06* 8.2e-06* 7.3e-06* 5.3e-06* 8.2e-06*  LinDep: 8.7e-15* 
 Diagonalization time:                             350.616097 seconds
 Compute S2 expectation values:                    942.612863 seconds (19.56 G allocations: 579.669 GiB, 93.25% gc time)
  Root       Energy           S2
     1 -447.62126153   0.00002592
     2 -447.62055915   2.00001351
     3 -447.61914273   6.00000163
     4 -447.61698948  12.00001138
     5 -447.61406691  19.99998175
     6 -447.61034097  29.99990055
 ==================================================================|
 Overlap between old and new eigenvectors:
  1.000  0.015  0.006  0.002  0.001  0.000
  0.015 -1.000  0.011  0.004  0.001  0.000
 -0.006  0.011  1.000 -0.005 -0.001 -0.000
 -0.002  0.004  0.005  1.000 -0.001  0.001
 -0.001  0.001  0.001  0.001  1.000 -0.000
 -0.000  0.000  0.000 -0.001  0.000  1.000

 Singular values of overlap:
  1.000
  1.000
  1.000
  1.000
  1.000
  1.000
 Norm of new projection:
   0.00213918
   0.00269795
   0.00265579
   0.00207870
   0.00148797
   0.00258946

 In open_matvec_thread
 Setup threaded jobs:                                0.099270 seconds (169.81 k allocations: 11.697 MiB)
 Number of jobs:    4748
 Number of threads: 64
 Compute matrix-vector:                            266.201105 seconds (875.71 M allocations: 27.403 GiB, 19.02% gc time)
 Now collect thread results :                        0.002305 seconds (9.52 k allocations: 808.656 KiB)
 Length of FOIS vector: 46188134
 Compute diagonal:                                   0.668147 seconds (47.48 k allocations: 360.970 MiB)


  Root         E(0)         E(2)
     1 -447.62126153 -447.63568892
     2 -447.62055915 -447.63266717
     3 -447.61914273 -447.63193036
     4 -447.61698948 -447.62979930
     5 -447.61406691 -447.62634079
     6 -447.61034097 -447.62130792
 Length of PT1  vector                            46188134 →     16
*TPSCI Iter 2   Dim: 207341 E(var): -447.62126153 -447.62055915 -447.61914273 -447.61698948 -447.61406691 -447.61034097 

 ─────────────────────────────────────────────────────────────────────────
                                 Time                    Allocations      
                        ───────────────────────   ────────────────────────
    Tot / % measured:        5.97h /  97.7%           4.65TiB /  93.6%    

 Section        ncalls     time    %tot     avg     alloc    %tot      avg
 ─────────────────────────────────────────────────────────────────────────
 ci                  2    5.17h   88.7%   2.59h   4.25TiB   97.5%  2.12TiB
 matvec              2    1423s    6.8%    712s   62.5GiB    1.4%  31.2GiB
 copy                6     524s    2.5%   87.4s   24.6GiB    0.6%  4.10GiB
 sig rotate          2     325s    1.6%    163s   17.9GiB    0.4%  8.94GiB
 s2 extension        2    39.7s    0.2%   19.9s   3.79GiB    0.1%  1.89GiB
 project out         2    30.8s    0.1%   15.4s   2.00GiB    0.0%  1.00GiB
 sig update          2    19.3s    0.1%   9.66s   1.30GiB    0.0%   666MiB
 diagonal            2    3.26s    0.0%   1.63s    721MiB    0.0%   361MiB
 vec rotate          2    184ms    0.0%  91.8ms    119MiB    0.0%  59.6MiB
 ─────────────────────────────────────────────────────────────────────────

 |..................................do batched PT2......................................
 thresh_foi    :1.0e-8
 prescreen     :true
 H0            :Hcmf
 nbody         :4
 Norms of input states:
   1.00000000
   1.00000000
   1.00000000
   1.00000000
   1.00000000
   1.00000000
 Compute <0|H0|0>:                                 298.343991 seconds (4.61 G allocations: 137.218 GiB, 85.36% gc time)
 Compute <0|H|0>:                                  9173.895480 seconds (149.34 G allocations: 4.274 TiB, 90.32% gc time)
 Number of jobs:    4748
 Number of threads: 64
   |----------------------------------------------------------------------------------------------------|
   |0%                                                                                              100%|
   |-----------------------------------------------------------------------------------------------------|
 Time spent computing E2       7226.1 (s)
  Root         E(0)         E(2)
     1 -447.62126152 -447.62999692
     2 -447.62055916 -447.62918104
     3 -447.61914273 -447.62753841
     4 -447.61698948 -447.62504807
     5 -447.61406691 -447.62167386
     6 -447.61034097 -447.61737260
 ......................................................................................|
*E(PT2): -0.008735391117 -0.008621880802 -0.008395675337 -0.008058589432 -0.007606953873 -0.007031628256 
