tc113
Resetting modules to system default. Reseting $MODULEPATH back to system default. All extra directories will be removed from $MODULEPATH.
Usage: sbatch submit.sh {input file} {data file} {data file}
tpsci_ano-rcc-vtzp.jl
tpsci_ano-rcc-vtzp.jl.out
/home/arnab22/FermiCG-data/bimetallics/data_fe2_morokuma
/localscratch/1686085
sending incremental file list
tpsci_ano-rcc-vtzp.jl.out

sent 129 bytes  received 35 bytes  328.00 bytes/sec
total size is 0  speedup is 0.00
sending incremental file list
tpsci_ano-rcc-vtzp.jl.out

sent 1,745 bytes  received 35 bytes  3,560.00 bytes/sec
total size is 1,613  speedup is 0.91
sending incremental file list
tpsci_ano-rcc-vtzp.jl.out

sent 2,259 bytes  received 35 bytes  4,588.00 bytes/sec
total size is 2,126  speedup is 0.93
sending incremental file list
tpsci_ano-rcc-vtzp.jl.out

sent 2,836 bytes  received 35 bytes  5,742.00 bytes/sec
total size is 2,703  speedup is 0.94
sending incremental file list

sent 86 bytes  received 12 bytes  196.00 bytes/sec
total size is 2,703  speedup is 27.58
sending incremental file list
tpsci_ano-rcc-vtzp.jl.out

sent 191,735 bytes  received 35 bytes  127,846.67 bytes/sec
total size is 191,567  speedup is 1.00
sending incremental file list
tpsci_ano-rcc-vtzp.jl.out

sent 192,248 bytes  received 35 bytes  384,566.00 bytes/sec
total size is 192,080  speedup is 1.00
sending incremental file list
tpsci_ano-rcc-vtzp.jl.out

sent 192,825 bytes  received 35 bytes  385,720.00 bytes/sec
total size is 192,657  speedup is 1.00
sending incremental file list

sent 85 bytes  received 12 bytes  194.00 bytes/sec
total size is 192,657  speedup is 1,986.15
sending incremental file list
tpsci_ano-rcc-vtzp.jl.out

sent 287,445 bytes  received 35 bytes  574,960.00 bytes/sec
total size is 287,252  speedup is 1.00
sending incremental file list
tpsci_ano-rcc-vtzp.jl.out

sent 287,568 bytes  received 35 bytes  575,206.00 bytes/sec
total size is 287,375  speedup is 1.00
sending incremental file list

sent 86 bytes  received 12 bytes  196.00 bytes/sec
total size is 287,375  speedup is 2,932.40
sending incremental file list

sent 86 bytes  received 12 bytes  196.00 bytes/sec
total size is 287,375  speedup is 2,932.40
sending incremental file list

sent 86 bytes  received 12 bytes  196.00 bytes/sec
total size is 287,375  speedup is 2,932.40
sending incremental file list

sent 86 bytes  received 12 bytes  196.00 bytes/sec
total size is 287,375  speedup is 2,932.40
sending incremental file list
tpsci_ano-rcc-vtzp.jl.out

sent 287,667 bytes  received 35 bytes  575,404.00 bytes/sec
total size is 287,474  speedup is 1.00
sending incremental file list

sent 86 bytes  received 12 bytes  196.00 bytes/sec
total size is 287,474  speedup is 2,933.41
sending incremental file list

sent 86 bytes  received 12 bytes  196.00 bytes/sec
total size is 287,474  speedup is 2,933.41
sending incremental file list

sent 86 bytes  received 12 bytes  196.00 bytes/sec
total size is 287,474  speedup is 2,933.41
sending incremental file list

sent 86 bytes  received 12 bytes  196.00 bytes/sec
total size is 287,474  speedup is 2,933.41
sending incremental file list

sent 86 bytes  received 12 bytes  196.00 bytes/sec
total size is 287,474  speedup is 2,933.41
sending incremental file list
tpsci_ano-rcc-vtzp.jl.out

sent 290,457 bytes  received 35 bytes  580,984.00 bytes/sec
total size is 290,264  speedup is 1.00
sending incremental file list
tpsci_ano-rcc-vtzp.jl.out

sent 295,435 bytes  received 35 bytes  590,940.00 bytes/sec
total size is 295,235  speedup is 1.00
sending incremental file list
tpsci_ano-rcc-vtzp.jl.out

sent 299,077 bytes  received 35 bytes  199,408.00 bytes/sec
total size is 298,876  speedup is 1.00
sending incremental file list
tpsci_ano-rcc-vtzp.jl.out

sent 302,939 bytes  received 35 bytes  605,948.00 bytes/sec
total size is 302,738  speedup is 1.00
sending incremental file list
tpsci_ano-rcc-vtzp.jl.out

sent 305,720 bytes  received 35 bytes  611,510.00 bytes/sec
total size is 305,519  speedup is 1.00
sending incremental file list
tpsci_ano-rcc-vtzp.jl.out

sent 306,146 bytes  received 35 bytes  612,362.00 bytes/sec
total size is 305,946  speedup is 1.00
sending incremental file list
tpsci_ano-rcc-vtzp.jl.out

sent 306,187 bytes  received 35 bytes  612,444.00 bytes/sec
total size is 305,986  speedup is 1.00
sending incremental file list
tpsci_ano-rcc-vtzp.jl.out

sent 306,203 bytes  received 35 bytes  612,476.00 bytes/sec
total size is 306,003  speedup is 1.00
rm: cannot remove ‘tmpfs’: Device or resource busy
