tc158
Resetting modules to system default. Reseting $MODULEPATH back to system default. All extra directories will be removed from $MODULEPATH.
Usage: sbatch submit.sh {input file} {data file} {data file}
tpsci_ano-rcc-mb.jl
tpsci_ano-rcc-mb.jl.out
/home/arnab22/FermiCG-data/bimetallics/data_fe2_morokuma/tpsci_ano-rcc-mb.jl.1686386.scr
/localscratch/1688260
sending incremental file list
tpsci_ano-rcc-mb.jl.out

sent 127 bytes  received 35 bytes  324.00 bytes/sec
total size is 0  speedup is 0.00
sending incremental file list
tpsci_ano-rcc-mb.jl.out

sent 117,168 bytes  received 35 bytes  234,406.00 bytes/sec
total size is 117,018  speedup is 1.00
sending incremental file list
tpsci_ano-rcc-mb.jl.out

sent 133,783 bytes  received 35 bytes  89,212.00 bytes/sec
total size is 133,625  speedup is 1.00
sending incremental file list
tpsci_ano-rcc-mb.jl.out

sent 139,121 bytes  received 35 bytes  278,312.00 bytes/sec
total size is 138,962  speedup is 1.00
sending incremental file list
tpsci_ano-rcc-mb.jl.out

sent 144,094 bytes  received 35 bytes  288,258.00 bytes/sec
total size is 143,935  speedup is 1.00
sending incremental file list
tpsci_ano-rcc-mb.jl.out

sent 148,358 bytes  received 35 bytes  296,786.00 bytes/sec
total size is 148,199  speedup is 1.00
sending incremental file list
tpsci_ano-rcc-mb.jl.out

sent 153,801 bytes  received 35 bytes  307,672.00 bytes/sec
total size is 153,642  speedup is 1.00
sending incremental file list

sent 84 bytes  received 12 bytes  192.00 bytes/sec
total size is 153,642  speedup is 1,600.44
sending incremental file list

sent 84 bytes  received 12 bytes  192.00 bytes/sec
total size is 153,642  speedup is 1,600.44
sending incremental file list
tpsci_ano-rcc-mb.jl.out

sent 154,212 bytes  received 35 bytes  308,494.00 bytes/sec
total size is 154,053  speedup is 1.00
sending incremental file list
tpsci_ano-rcc-mb.jl.out

sent 154,239 bytes  received 35 bytes  308,548.00 bytes/sec
total size is 154,081  speedup is 1.00
sending incremental file list
tpsci_ano-rcc-mb.jl.out

sent 154,266 bytes  received 35 bytes  308,602.00 bytes/sec
total size is 154,107  speedup is 1.00
rm: cannot remove ‘tmpfs’: Device or resource busy
