 Remove duplicates
 Number of terms reduced from  1036 to   472
IDX001:DIM1048576:001|002|003|004|005|006|007|008|009|010|
IDX002:DIM4096:011|012|013|014|015|016|
IDX003:DIM4096:017|018|019|020|021|022|
IDX004:DIM1048576:023|024|025|026|027|028|029|030|031|032|

 |..................................do batched PT2......................................
 thresh_foi    :1.0e-9
 prescreen     :true
 H0            :Hcmf
 nbody         :4
 Norms of input states:
   0.99998909
   0.99999265
   0.99999179
   0.99998956
   0.99998942
   0.99999174
 Compute <0|H0|0>:                                   5.823948 seconds (311.67 M allocations: 7.014 GiB, 35.16% gc time, 9.52% compilation time)
 Compute <0|H|0>:                                  1671.531860 seconds (17.65 G allocations: 382.881 GiB, 6.12% gc time, 0.04% compilation time)
 Number of jobs:    10923
 Number of threads: 4
   |----------------------------------------------------------------------------------------------------|
   |0%                                                                                              100%|
   |----------------------------------------------------------------------------------------------------|
 Time spent computing E2      21021.5 (s)
ERROR: LoadError: UndefVarError: nroots not defined
Stacktrace:
 [1] top-level scope
   @ /localscratch/2635058/tpsci_01_clip.jl:32
in expression starting at /localscratch/2635058/tpsci_01_clip.jl:32
  Root         E(0)         E(2)
     1 -80.60535658 -80.60572620
     2 -80.60496819 -80.60531705
     3 -80.60415951 -80.60449313
     4 -80.60293666 -80.60325394
     5 -80.60131512 -80.60160124
     6 -80.59929656 -80.59953687
 ......................................................................................|
