tc069
Resetting modules to system default. Reseting $MODULEPATH back to system default. All extra directories will be removed from $MODULEPATH.
Usage: sbatch submit.sh {input file} {data file} {data file}
tpsci_ano-rcc-vdzp.jl
tpsci_ano-rcc-vdzp.jl.out
/home/arnab22/FermiCG-data/bimetallics/data_fe2_morokuma
/localscratch/1686368
sending incremental file list
tpsci_ano-rcc-vdzp.jl.out

sent 128 bytes  received 35 bytes  326.00 bytes/sec
total size is 0  speedup is 0.00
sending incremental file list
tpsci_ano-rcc-vdzp.jl.out

sent 1,746 bytes  received 35 bytes  3,562.00 bytes/sec
total size is 1,613  speedup is 0.91
sending incremental file list
tpsci_ano-rcc-vdzp.jl.out

sent 2,259 bytes  received 35 bytes  4,588.00 bytes/sec
total size is 2,126  speedup is 0.93
sending incremental file list
tpsci_ano-rcc-vdzp.jl.out

sent 2,836 bytes  received 35 bytes  5,742.00 bytes/sec
total size is 2,703  speedup is 0.94
sending incremental file list

sent 86 bytes  received 12 bytes  196.00 bytes/sec
total size is 2,703  speedup is 27.58
sending incremental file list
tpsci_ano-rcc-vdzp.jl.out

sent 191,424 bytes  received 35 bytes  382,918.00 bytes/sec
total size is 191,255  speedup is 1.00
sending incremental file list
tpsci_ano-rcc-vdzp.jl.out

sent 191,937 bytes  received 35 bytes  383,944.00 bytes/sec
total size is 191,768  speedup is 1.00
sending incremental file list
tpsci_ano-rcc-vdzp.jl.out

sent 192,514 bytes  received 35 bytes  385,098.00 bytes/sec
total size is 192,345  speedup is 1.00
sending incremental file list

sent 86 bytes  received 12 bytes  196.00 bytes/sec
total size is 192,345  speedup is 1,962.70
sending incremental file list
tpsci_ano-rcc-vdzp.jl.out

sent 286,925 bytes  received 35 bytes  573,920.00 bytes/sec
total size is 286,732  speedup is 1.00
sending incremental file list
tpsci_ano-rcc-vdzp.jl.out

sent 287,048 bytes  received 35 bytes  574,166.00 bytes/sec
total size is 286,855  speedup is 1.00
sending incremental file list

sent 86 bytes  received 12 bytes  196.00 bytes/sec
total size is 286,855  speedup is 2,927.09
sending incremental file list

sent 86 bytes  received 12 bytes  196.00 bytes/sec
total size is 286,855  speedup is 2,927.09
sending incremental file list

sent 86 bytes  received 12 bytes  196.00 bytes/sec
total size is 286,855  speedup is 2,927.09
sending incremental file list

sent 86 bytes  received 12 bytes  196.00 bytes/sec
total size is 286,855  speedup is 2,927.09
sending incremental file list
tpsci_ano-rcc-vdzp.jl.out

sent 287,146 bytes  received 35 bytes  574,362.00 bytes/sec
total size is 286,954  speedup is 1.00
sending incremental file list

sent 85 bytes  received 12 bytes  194.00 bytes/sec
total size is 286,954  speedup is 2,958.29
sending incremental file list

sent 85 bytes  received 12 bytes  194.00 bytes/sec
total size is 286,954  speedup is 2,958.29
sending incremental file list

sent 85 bytes  received 12 bytes  194.00 bytes/sec
total size is 286,954  speedup is 2,958.29
sending incremental file list

sent 85 bytes  received 12 bytes  194.00 bytes/sec
total size is 286,954  speedup is 2,958.29
sending incremental file list

sent 85 bytes  received 12 bytes  194.00 bytes/sec
total size is 286,954  speedup is 2,958.29
sending incremental file list
tpsci_ano-rcc-vdzp.jl.out

sent 294,534 bytes  received 35 bytes  589,138.00 bytes/sec
total size is 294,341  speedup is 1.00
sending incremental file list
tpsci_ano-rcc-vdzp.jl.out

sent 298,716 bytes  received 35 bytes  597,502.00 bytes/sec
total size is 298,516  speedup is 1.00
sending incremental file list
tpsci_ano-rcc-vdzp.jl.out

sent 302,592 bytes  received 35 bytes  605,254.00 bytes/sec
total size is 302,392  speedup is 1.00
sending incremental file list
tpsci_ano-rcc-vdzp.jl.out

sent 305,759 bytes  received 35 bytes  611,588.00 bytes/sec
total size is 305,558  speedup is 1.00
sending incremental file list
tpsci_ano-rcc-vdzp.jl.out

sent 308,572 bytes  received 35 bytes  617,214.00 bytes/sec
total size is 308,371  speedup is 1.00
sending incremental file list
tpsci_ano-rcc-vdzp.jl.out

sent 308,993 bytes  received 35 bytes  618,056.00 bytes/sec
total size is 308,792  speedup is 1.00
sending incremental file list
tpsci_ano-rcc-vdzp.jl.out

sent 309,037 bytes  received 35 bytes  618,144.00 bytes/sec
total size is 308,836  speedup is 1.00
sending incremental file list
tpsci_ano-rcc-vdzp.jl.out

sent 309,056 bytes  received 35 bytes  206,060.67 bytes/sec
total size is 308,855  speedup is 1.00
rm: cannot remove ‘tmpfs’: Device or resource busy
